<?xml version="1.0" encoding="utf-8"?>
<TestRun id="d205cf76-bbf0-489c-83d6-24ce9f422aba" name="anderson.lazzari@PC001 2026-04-06 00:11:12" runUser="PC001\anderson.lazzari" xmlns="http://microsoft.com/schemas/VisualStudio/TeamTest/2010">
  <Times creation="2026-04-06T00:11:12.0298647-03:00" queuing="2026-04-06T00:11:12.0298655-03:00" start="2026-04-06T00:10:55.3512088-03:00" finish="2026-04-06T00:11:12.0437323-03:00" />
  <TestSettings name="default" id="7853558f-18f5-4e8b-bf29-90f2b3175adf">
    <Deployment runDeploymentRoot="anderson.lazzari_PC001_2026-04-06_00_11_12" />
  </TestSettings>
  <Results>
    <UnitTestResult executionId="269033b0-245a-4c9b-80bd-3710c73ab7d2" testId="cef6c5a8-5f3f-913f-9ede-270a00f4769f" testName="FluxoCaixa.E2ETests.HappyPathE2ETests.Requisicao_Sem_Autenticacao_Deve_Retornar_401" computerName="PC001" duration="00:00:00.0010000" startTime="2026-04-06T00:11:10.8873262-03:00" endTime="2026-04-06T00:11:10.8873411-03:00" testType="13cdc9d9-ddb5-4fa4-a97d-d965ccfc6d4b" outcome="Failed" testListId="8c84fa94-04c1-424b-9868-57a2d4851a1d" relativeResultsDirectory="269033b0-245a-4c9b-80bd-3710c73ab7d2">
      <Output>
        <ErrorInfo>
          <Message>Npgsql.PostgresException : 42P07: relation "Lancamentos" already exists</Message>
          <StackTrace>   at Npgsql.Internal.NpgsqlConnector.ReadMessageLong(Boolean async, DataRowLoadingMode dataRowLoadingMode, Boolean readingNotifications, Boolean isReadingPrependedMessage)&#xD;
   at System.Runtime.CompilerServices.PoolingAsyncValueTaskMethodBuilder`1.StateMachineBox`1.System.Threading.Tasks.Sources.IValueTaskSource&lt;TResult&gt;.GetResult(Int16 token)&#xD;
   at Npgsql.NpgsqlDataReader.NextResult(Boolean async, Boolean isConsuming, CancellationToken cancellationToken)&#xD;
   at Npgsql.NpgsqlDataReader.NextResult(Boolean async, Boolean isConsuming, CancellationToken cancellationToken)&#xD;
   at Npgsql.NpgsqlCommand.ExecuteReader(Boolean async, CommandBehavior behavior, CancellationToken cancellationToken)&#xD;
   at Npgsql.NpgsqlCommand.ExecuteReader(Boolean async, CommandBehavior behavior, CancellationToken cancellationToken)&#xD;
   at Npgsql.NpgsqlCommand.ExecuteNonQuery(Boolean async, CancellationToken cancellationToken)&#xD;
   at Microsoft.EntityFrameworkCore.Storage.RelationalCommand.ExecuteNonQueryAsync(RelationalCommandParameterObject parameterObject, CancellationToken cancellationToken)&#xD;
   at Microsoft.EntityFrameworkCore.Storage.RelationalCommand.ExecuteNonQueryAsync(RelationalCommandParameterObject parameterObject, CancellationToken cancellationToken)&#xD;
   at Microsoft.EntityFrameworkCore.Storage.RelationalCommand.ExecuteNonQueryAsync(RelationalCommandParameterObject parameterObject, CancellationToken cancellationToken)&#xD;
   at Microsoft.EntityFrameworkCore.Migrations.Internal.MigrationCommandExecutor.ExecuteAsync(IReadOnlyList`1 migrationCommands, IRelationalConnection connection, MigrationExecutionState executionState, Boolean beginTransaction, Boolean commitTransaction, Nullable`1 isolationLevel, CancellationToken cancellationToken)&#xD;
   at Microsoft.EntityFrameworkCore.Migrations.Internal.MigrationCommandExecutor.ExecuteAsync(IReadOnlyList`1 migrationCommands, IRelationalConnection connection, MigrationExecutionState executionState, Boolean beginTransaction, Boolean commitTransaction, Nullable`1 isolationLevel, CancellationToken cancellationToken)&#xD;
   at Npgsql.EntityFrameworkCore.PostgreSQL.Storage.Internal.NpgsqlExecutionStrategy.ExecuteAsync[TState,TResult](TState state, Func`4 operation, Func`4 verifySucceeded, CancellationToken cancellationToken)&#xD;
   at Microsoft.EntityFrameworkCore.Migrations.Internal.MigrationCommandExecutor.ExecuteNonQueryAsync(IReadOnlyList`1 migrationCommands, IRelationalConnection connection, MigrationExecutionState executionState, Boolean commitTransaction, Nullable`1 isolationLevel, CancellationToken cancellationToken)&#xD;
   at Microsoft.EntityFrameworkCore.Migrations.Internal.Migrator.MigrateImplementationAsync(DbContext context, String targetMigration, MigrationExecutionState state, Boolean useTransaction, CancellationToken cancellationToken)&#xD;
   at Microsoft.EntityFrameworkCore.Migrations.Internal.Migrator.MigrateImplementationAsync(DbContext context, String targetMigration, MigrationExecutionState state, Boolean useTransaction, CancellationToken cancellationToken)&#xD;
   at Microsoft.EntityFrameworkCore.Migrations.Internal.Migrator.&lt;&gt;c.&lt;&lt;MigrateAsync&gt;b__22_1&gt;d.MoveNext()&#xD;
--- End of stack trace from previous location ---&#xD;
   at Npgsql.EntityFrameworkCore.PostgreSQL.Storage.Internal.NpgsqlExecutionStrategy.ExecuteAsync[TState,TResult](TState state, Func`4 operation, Func`4 verifySucceeded, CancellationToken cancellationToken)&#xD;
   at Microsoft.EntityFrameworkCore.Migrations.Internal.Migrator.MigrateAsync(String targetMigration, CancellationToken cancellationToken)&#xD;
   at Microsoft.EntityFrameworkCore.Migrations.Internal.Migrator.MigrateAsync(String targetMigration, CancellationToken cancellationToken)&#xD;
   at Npgsql.EntityFrameworkCore.PostgreSQL.Migrations.Internal.NpgsqlMigrator.MigrateAsync(String targetMigration, CancellationToken cancellationToken)&#xD;
   at FluxoCaixa.E2ETests.FluxoCaixaE2EFixture.InitializeAsync() in D:\1.DERX_TECH\DesafioVerx\verx-challenge\tests\e2e\FluxoCaixa.E2ETests\HappyPathE2ETests.cs:line 88</StackTrace>
        </ErrorInfo>
      </Output>
    </UnitTestResult>
    <UnitTestResult executionId="1339eec6-d98d-451c-b6d1-7b1d9ba85e27" testId="a616e5e6-2ab6-8539-d767-ca857f3a8ede" testName="FluxoCaixa.E2ETests.HappyPathE2ETests.Lancamento_Credito_Deve_Refletir_No_Saldo_Consolidado" computerName="PC001" duration="00:00:00.0010000" startTime="2026-04-06T00:11:10.8943315-03:00" endTime="2026-04-06T00:11:10.8943318-03:00" testType="13cdc9d9-ddb5-4fa4-a97d-d965ccfc6d4b" outcome="Failed" testListId="8c84fa94-04c1-424b-9868-57a2d4851a1d" relativeResultsDirectory="1339eec6-d98d-451c-b6d1-7b1d9ba85e27">
      <Output>
        <ErrorInfo>
          <Message>Npgsql.PostgresException : 42P07: relation "Lancamentos" already exists</Message>
          <StackTrace>   at Npgsql.Internal.NpgsqlConnector.ReadMessageLong(Boolean async, DataRowLoadingMode dataRowLoadingMode, Boolean readingNotifications, Boolean isReadingPrependedMessage)&#xD;
   at System.Runtime.CompilerServices.PoolingAsyncValueTaskMethodBuilder`1.StateMachineBox`1.System.Threading.Tasks.Sources.IValueTaskSource&lt;TResult&gt;.GetResult(Int16 token)&#xD;
   at Npgsql.NpgsqlDataReader.NextResult(Boolean async, Boolean isConsuming, CancellationToken cancellationToken)&#xD;
   at Npgsql.NpgsqlDataReader.NextResult(Boolean async, Boolean isConsuming, CancellationToken cancellationToken)&#xD;
   at Npgsql.NpgsqlCommand.ExecuteReader(Boolean async, CommandBehavior behavior, CancellationToken cancellationToken)&#xD;
   at Npgsql.NpgsqlCommand.ExecuteReader(Boolean async, CommandBehavior behavior, CancellationToken cancellationToken)&#xD;
   at Npgsql.NpgsqlCommand.ExecuteNonQuery(Boolean async, CancellationToken cancellationToken)&#xD;
   at Microsoft.EntityFrameworkCore.Storage.RelationalCommand.ExecuteNonQueryAsync(RelationalCommandParameterObject parameterObject, CancellationToken cancellationToken)&#xD;
   at Microsoft.EntityFrameworkCore.Storage.RelationalCommand.ExecuteNonQueryAsync(RelationalCommandParameterObject parameterObject, CancellationToken cancellationToken)&#xD;
   at Microsoft.EntityFrameworkCore.Storage.RelationalCommand.ExecuteNonQueryAsync(RelationalCommandParameterObject parameterObject, CancellationToken cancellationToken)&#xD;
   at Microsoft.EntityFrameworkCore.Migrations.Internal.MigrationCommandExecutor.ExecuteAsync(IReadOnlyList`1 migrationCommands, IRelationalConnection connection, MigrationExecutionState executionState, Boolean beginTransaction, Boolean commitTransaction, Nullable`1 isolationLevel, CancellationToken cancellationToken)&#xD;
   at Microsoft.EntityFrameworkCore.Migrations.Internal.MigrationCommandExecutor.ExecuteAsync(IReadOnlyList`1 migrationCommands, IRelationalConnection connection, MigrationExecutionState executionState, Boolean beginTransaction, Boolean commitTransaction, Nullable`1 isolationLevel, CancellationToken cancellationToken)&#xD;
   at Npgsql.EntityFrameworkCore.PostgreSQL.Storage.Internal.NpgsqlExecutionStrategy.ExecuteAsync[TState,TResult](TState state, Func`4 operation, Func`4 verifySucceeded, CancellationToken cancellationToken)&#xD;
   at Microsoft.EntityFrameworkCore.Migrations.Internal.MigrationCommandExecutor.ExecuteNonQueryAsync(IReadOnlyList`1 migrationCommands, IRelationalConnection connection, MigrationExecutionState executionState, Boolean commitTransaction, Nullable`1 isolationLevel, CancellationToken cancellationToken)&#xD;
   at Microsoft.EntityFrameworkCore.Migrations.Internal.Migrator.MigrateImplementationAsync(DbContext context, String targetMigration, MigrationExecutionState state, Boolean useTransaction, CancellationToken cancellationToken)&#xD;
   at Microsoft.EntityFrameworkCore.Migrations.Internal.Migrator.MigrateImplementationAsync(DbContext context, String targetMigration, MigrationExecutionState state, Boolean useTransaction, CancellationToken cancellationToken)&#xD;
   at Microsoft.EntityFrameworkCore.Migrations.Internal.Migrator.&lt;&gt;c.&lt;&lt;MigrateAsync&gt;b__22_1&gt;d.MoveNext()&#xD;
--- End of stack trace from previous location ---&#xD;
   at Npgsql.EntityFrameworkCore.PostgreSQL.Storage.Internal.NpgsqlExecutionStrategy.ExecuteAsync[TState,TResult](TState state, Func`4 operation, Func`4 verifySucceeded, CancellationToken cancellationToken)&#xD;
   at Microsoft.EntityFrameworkCore.Migrations.Internal.Migrator.MigrateAsync(String targetMigration, CancellationToken cancellationToken)&#xD;
   at Microsoft.EntityFrameworkCore.Migrations.Internal.Migrator.MigrateAsync(String targetMigration, CancellationToken cancellationToken)&#xD;
   at Npgsql.EntityFrameworkCore.PostgreSQL.Migrations.Internal.NpgsqlMigrator.MigrateAsync(String targetMigration, CancellationToken cancellationToken)&#xD;
   at FluxoCaixa.E2ETests.FluxoCaixaE2EFixture.InitializeAsync() in D:\1.DERX_TECH\DesafioVerx\verx-challenge\tests\e2e\FluxoCaixa.E2ETests\HappyPathE2ETests.cs:line 88</StackTrace>
        </ErrorInfo>
      </Output>
    </UnitTestResult>
    <UnitTestResult executionId="119e7672-23e4-43a1-99c6-afe3d902cbb3" testId="faf75813-e17f-e60f-c222-f8145bef8d48" testName="FluxoCaixa.E2ETests.HappyPathE2ETests.Multiplos_Lancamentos_Devem_Acumular_Saldo_Corretamente" computerName="PC001" duration="00:00:00.0010000" startTime="2026-04-06T00:11:10.8915546-03:00" endTime="2026-04-06T00:11:10.8915547-03:00" testType="13cdc9d9-ddb5-4fa4-a97d-d965ccfc6d4b" outcome="Failed" testListId="8c84fa94-04c1-424b-9868-57a2d4851a1d" relativeResultsDirectory="119e7672-23e4-43a1-99c6-afe3d902cbb3">
      <Output>
        <ErrorInfo>
          <Message>Npgsql.PostgresException : 42P07: relation "Lancamentos" already exists</Message>
          <StackTrace>   at Npgsql.Internal.NpgsqlConnector.ReadMessageLong(Boolean async, DataRowLoadingMode dataRowLoadingMode, Boolean readingNotifications, Boolean isReadingPrependedMessage)&#xD;
   at System.Runtime.CompilerServices.PoolingAsyncValueTaskMethodBuilder`1.StateMachineBox`1.System.Threading.Tasks.Sources.IValueTaskSource&lt;TResult&gt;.GetResult(Int16 token)&#xD;
   at Npgsql.NpgsqlDataReader.NextResult(Boolean async, Boolean isConsuming, CancellationToken cancellationToken)&#xD;
   at Npgsql.NpgsqlDataReader.NextResult(Boolean async, Boolean isConsuming, CancellationToken cancellationToken)&#xD;
   at Npgsql.NpgsqlCommand.ExecuteReader(Boolean async, CommandBehavior behavior, CancellationToken cancellationToken)&#xD;
   at Npgsql.NpgsqlCommand.ExecuteReader(Boolean async, CommandBehavior behavior, CancellationToken cancellationToken)&#xD;
   at Npgsql.NpgsqlCommand.ExecuteNonQuery(Boolean async, CancellationToken cancellationToken)&#xD;
   at Microsoft.EntityFrameworkCore.Storage.RelationalCommand.ExecuteNonQueryAsync(RelationalCommandParameterObject parameterObject, CancellationToken cancellationToken)&#xD;
   at Microsoft.EntityFrameworkCore.Storage.RelationalCommand.ExecuteNonQueryAsync(RelationalCommandParameterObject parameterObject, CancellationToken cancellationToken)&#xD;
   at Microsoft.EntityFrameworkCore.Storage.RelationalCommand.ExecuteNonQueryAsync(RelationalCommandParameterObject parameterObject, CancellationToken cancellationToken)&#xD;
   at Microsoft.EntityFrameworkCore.Migrations.Internal.MigrationCommandExecutor.ExecuteAsync(IReadOnlyList`1 migrationCommands, IRelationalConnection connection, MigrationExecutionState executionState, Boolean beginTransaction, Boolean commitTransaction, Nullable`1 isolationLevel, CancellationToken cancellationToken)&#xD;
   at Microsoft.EntityFrameworkCore.Migrations.Internal.MigrationCommandExecutor.ExecuteAsync(IReadOnlyList`1 migrationCommands, IRelationalConnection connection, MigrationExecutionState executionState, Boolean beginTransaction, Boolean commitTransaction, Nullable`1 isolationLevel, CancellationToken cancellationToken)&#xD;
   at Npgsql.EntityFrameworkCore.PostgreSQL.Storage.Internal.NpgsqlExecutionStrategy.ExecuteAsync[TState,TResult](TState state, Func`4 operation, Func`4 verifySucceeded, CancellationToken cancellationToken)&#xD;
   at Microsoft.EntityFrameworkCore.Migrations.Internal.MigrationCommandExecutor.ExecuteNonQueryAsync(IReadOnlyList`1 migrationCommands, IRelationalConnection connection, MigrationExecutionState executionState, Boolean commitTransaction, Nullable`1 isolationLevel, CancellationToken cancellationToken)&#xD;
   at Microsoft.EntityFrameworkCore.Migrations.Internal.Migrator.MigrateImplementationAsync(DbContext context, String targetMigration, MigrationExecutionState state, Boolean useTransaction, CancellationToken cancellationToken)&#xD;
   at Microsoft.EntityFrameworkCore.Migrations.Internal.Migrator.MigrateImplementationAsync(DbContext context, String targetMigration, MigrationExecutionState state, Boolean useTransaction, CancellationToken cancellationToken)&#xD;
   at Microsoft.EntityFrameworkCore.Migrations.Internal.Migrator.&lt;&gt;c.&lt;&lt;MigrateAsync&gt;b__22_1&gt;d.MoveNext()&#xD;
--- End of stack trace from previous location ---&#xD;
   at Npgsql.EntityFrameworkCore.PostgreSQL.Storage.Internal.NpgsqlExecutionStrategy.ExecuteAsync[TState,TResult](TState state, Func`4 operation, Func`4 verifySucceeded, CancellationToken cancellationToken)&#xD;
   at Microsoft.EntityFrameworkCore.Migrations.Internal.Migrator.MigrateAsync(String targetMigration, CancellationToken cancellationToken)&#xD;
   at Microsoft.EntityFrameworkCore.Migrations.Internal.Migrator.MigrateAsync(String targetMigration, CancellationToken cancellationToken)&#xD;
   at Npgsql.EntityFrameworkCore.PostgreSQL.Migrations.Internal.NpgsqlMigrator.MigrateAsync(String targetMigration, CancellationToken cancellationToken)&#xD;
   at FluxoCaixa.E2ETests.FluxoCaixaE2EFixture.InitializeAsync() in D:\1.DERX_TECH\DesafioVerx\verx-challenge\tests\e2e\FluxoCaixa.E2ETests\HappyPathE2ETests.cs:line 88</StackTrace>
        </ErrorInfo>
      </Output>
    </UnitTestResult>
  </Results>
  <TestDefinitions>
    <UnitTest name="FluxoCaixa.E2ETests.HappyPathE2ETests.Lancamento_Credito_Deve_Refletir_No_Saldo_Consolidado" storage="d:\1.derx_tech\desafioverx\verx-challenge\tests\e2e\fluxocaixa.e2etests\bin\debug\net9.0\fluxocaixa.e2etests.dll" id="a616e5e6-2ab6-8539-d767-ca857f3a8ede">
      <Execution id="1339eec6-d98d-451c-b6d1-7b1d9ba85e27" />
      <TestMethod codeBase="D:\1.DERX_TECH\DesafioVerx\verx-challenge\tests\e2e\FluxoCaixa.E2ETests\bin\Debug\net9.0\FluxoCaixa.E2ETests.dll" adapterTypeName="executor://xunit/VsTestRunner2/netcoreapp" className="FluxoCaixa.E2ETests.HappyPathE2ETests" name="Lancamento_Credito_Deve_Refletir_No_Saldo_Consolidado" />
    </UnitTest>
    <UnitTest name="FluxoCaixa.E2ETests.HappyPathE2ETests.Requisicao_Sem_Autenticacao_Deve_Retornar_401" storage="d:\1.derx_tech\desafioverx\verx-challenge\tests\e2e\fluxocaixa.e2etests\bin\debug\net9.0\fluxocaixa.e2etests.dll" id="cef6c5a8-5f3f-913f-9ede-270a00f4769f">
      <Execution id="269033b0-245a-4c9b-80bd-3710c73ab7d2" />
      <TestMethod codeBase="D:\1.DERX_TECH\DesafioVerx\verx-challenge\tests\e2e\FluxoCaixa.E2ETests\bin\Debug\net9.0\FluxoCaixa.E2ETests.dll" adapterTypeName="executor://xunit/VsTestRunner2/netcoreapp" className="FluxoCaixa.E2ETests.HappyPathE2ETests" name="Requisicao_Sem_Autenticacao_Deve_Retornar_401" />
    </UnitTest>
    <UnitTest name="FluxoCaixa.E2ETests.HappyPathE2ETests.Multiplos_Lancamentos_Devem_Acumular_Saldo_Corretamente" storage="d:\1.derx_tech\desafioverx\verx-challenge\tests\e2e\fluxocaixa.e2etests\bin\debug\net9.0\fluxocaixa.e2etests.dll" id="faf75813-e17f-e60f-c222-f8145bef8d48">
      <Execution id="119e7672-23e4-43a1-99c6-afe3d902cbb3" />
      <TestMethod codeBase="D:\1.DERX_TECH\DesafioVerx\verx-challenge\tests\e2e\FluxoCaixa.E2ETests\bin\Debug\net9.0\FluxoCaixa.E2ETests.dll" adapterTypeName="executor://xunit/VsTestRunner2/netcoreapp" className="FluxoCaixa.E2ETests.HappyPathE2ETests" name="Multiplos_Lancamentos_Devem_Acumular_Saldo_Corretamente" />
    </UnitTest>
  </TestDefinitions>
  <TestEntries>
    <TestEntry testId="cef6c5a8-5f3f-913f-9ede-270a00f4769f" executionId="269033b0-245a-4c9b-80bd-3710c73ab7d2" testListId="8c84fa94-04c1-424b-9868-57a2d4851a1d" />
    <TestEntry testId="a616e5e6-2ab6-8539-d767-ca857f3a8ede" executionId="1339eec6-d98d-451c-b6d1-7b1d9ba85e27" testListId="8c84fa94-04c1-424b-9868-57a2d4851a1d" />
    <TestEntry testId="faf75813-e17f-e60f-c222-f8145bef8d48" executionId="119e7672-23e4-43a1-99c6-afe3d902cbb3" testListId="8c84fa94-04c1-424b-9868-57a2d4851a1d" />
  </TestEntries>
  <TestLists>
    <TestList name="Results Not in a List" id="8c84fa94-04c1-424b-9868-57a2d4851a1d" />
    <TestList name="All Loaded Results" id="19431567-8539-422a-85d7-44ee4e166bda" />
  </TestLists>
  <ResultSummary outcome="Failed">
    <Counters total="3" executed="3" passed="0" failed="3" error="0" timeout="0" aborted="0" inconclusive="0" passedButRunAborted="0" notRunnable="0" notExecuted="0" disconnected="0" warning="0" completed="0" inProgress="0" pending="0" />
    <Output>
      <StdOut>[xUnit.net 00:00:00.00] xUnit.net VSTest Adapter v2.8.2+699d445a1a (64-bit .NET 9.0.10)&#xD;
[xUnit.net 00:00:00.07]   Discovering: FluxoCaixa.E2ETests&#xD;
[xUnit.net 00:00:00.10]   Discovered:  FluxoCaixa.E2ETests&#xD;
[xUnit.net 00:00:00.10]   Starting:    FluxoCaixa.E2ETests&#xD;
[testcontainers.org 00:00:00.10] Connected to Docker:&#xD;
  Host: npipe://./pipe/docker_engine&#xD;
  Server Version: 28.5.1&#xD;
  Kernel Version: 6.6.87.1-microsoft-standard-WSL2&#xD;
  API Version: 1.51&#xD;
  Operating System: Docker Desktop&#xD;
  Total Memory: 13.61 GB&#xD;
  Labels: &#xD;
    com.docker.desktop.address=npipe://\\.\pipe\docker_cli&#xD;
[testcontainers.org 00:00:00.31] Docker container a4b9e72be03b created&#xD;
[testcontainers.org 00:00:00.39] Start Docker container a4b9e72be03b&#xD;
[testcontainers.org 00:00:00.77] Wait for Docker container a4b9e72be03b to complete readiness checks&#xD;
[testcontainers.org 00:00:01.84] Docker container a4b9e72be03b ready&#xD;
[testcontainers.org 00:00:02.02] Docker container 5b72fc4f0df7 created&#xD;
[testcontainers.org 00:00:02.04] Start Docker container 5b72fc4f0df7&#xD;
[testcontainers.org 00:00:02.06] Docker container afd9d79983b0 created&#xD;
[testcontainers.org 00:00:02.08] Start Docker container afd9d79983b0&#xD;
[testcontainers.org 00:00:02.46] Wait for Docker container 5b72fc4f0df7 to complete readiness checks&#xD;
[testcontainers.org 00:00:02.51] Wait for Docker container afd9d79983b0 to complete readiness checks&#xD;
[testcontainers.org 00:00:02.52] Execute "pg_isready --host localhost --dbname fluxocaixa_e2e --username e2e_user" at Docker container afd9d79983b0&#xD;
[testcontainers.org 00:00:03.70] Execute "pg_isready --host localhost --dbname fluxocaixa_e2e --username e2e_user" at Docker container afd9d79983b0&#xD;
[testcontainers.org 00:00:04.84] Execute "pg_isready --host localhost --dbname fluxocaixa_e2e --username e2e_user" at Docker container afd9d79983b0&#xD;
[testcontainers.org 00:00:04.96] Docker container afd9d79983b0 ready&#xD;
[testcontainers.org 00:00:13.74] Docker container 5b72fc4f0df7 ready&#xD;
info: Microsoft.EntityFrameworkCore.Database.Command[20101]&#xD;
      Executed DbCommand (91ms) [Parameters=[], CommandType='Text', CommandTimeout='30']&#xD;
      CREATE DATABASE lancamentos_e2e;&#xD;
info: Microsoft.EntityFrameworkCore.Database.Command[20101]&#xD;
      Executed DbCommand (3ms) [Parameters=[], CommandType='Text', CommandTimeout='30']&#xD;
      CREATE TABLE "Lancamentos" (&#xD;
          "Id" uuid NOT NULL,&#xD;
          "DataHora" timestamp with time zone NOT NULL,&#xD;
          "Tipo" text NOT NULL,&#xD;
          "Valor" numeric(18,2) NOT NULL,&#xD;
          "Descricao" character varying(250) NOT NULL,&#xD;
          CONSTRAINT "PK_Lancamentos" PRIMARY KEY ("Id")&#xD;
      );&#xD;
fail: Microsoft.EntityFrameworkCore.Database.Command[20102]&#xD;
      Failed executing DbCommand (6ms) [Parameters=[], CommandType='Text', CommandTimeout='30']&#xD;
      SELECT "MigrationId", "ProductVersion"&#xD;
      FROM "__EFMigrationsHistory"&#xD;
      ORDER BY "MigrationId";&#xD;
info: MassTransit[0]&#xD;
      Bus started: rabbitmq://127.0.0.1:49880/&#xD;
info: Microsoft.EntityFrameworkCore.Migrations[20402]&#xD;
      Applying migration '20260327164857_InitialLancamentos'.&#xD;
fail: Microsoft.EntityFrameworkCore.Database.Command[20102]&#xD;
      Failed executing DbCommand (2ms) [Parameters=[], CommandType='Text', CommandTimeout='30']&#xD;
      CREATE TABLE "Lancamentos" (&#xD;
          "Id" uuid NOT NULL,&#xD;
          "DataHora" timestamp with time zone NOT NULL,&#xD;
          "Tipo" text NOT NULL,&#xD;
          "Valor" numeric(18,2) NOT NULL,&#xD;
          "Descricao" character varying(250) NOT NULL,&#xD;
          CONSTRAINT "PK_Lancamentos" PRIMARY KEY ("Id")&#xD;
      );&#xD;
[xUnit.net 00:00:15.18]       Npgsql.PostgresException : 42P07: relation "Lancamentos" already exists&#xD;
[xUnit.net 00:00:15.18]       Stack Trace:&#xD;
[xUnit.net 00:00:15.18]            at Npgsql.Internal.NpgsqlConnector.ReadMessageLong(Boolean async, DataRowLoadingMode dataRowLoadingMode, Boolean readingNotifications, Boolean isReadingPrependedMessage)&#xD;
[xUnit.net 00:00:15.18]            at System.Runtime.CompilerServices.PoolingAsyncValueTaskMethodBuilder`1.StateMachineBox`1.System.Threading.Tasks.Sources.IValueTaskSource&lt;TResult&gt;.GetResult(Int16 token)&#xD;
[xUnit.net 00:00:15.18]            at Npgsql.NpgsqlDataReader.NextResult(Boolean async, Boolean isConsuming, CancellationToken cancellationToken)&#xD;
[xUnit.net 00:00:15.18]            at Npgsql.NpgsqlDataReader.NextResult(Boolean async, Boolean isConsuming, CancellationToken cancellationToken)&#xD;
[xUnit.net 00:00:15.18]            at Npgsql.NpgsqlCommand.ExecuteReader(Boolean async, CommandBehavior behavior, CancellationToken cancellationToken)&#xD;
[xUnit.net 00:00:15.18]            at Npgsql.NpgsqlCommand.ExecuteReader(Boolean async, CommandBehavior behavior, CancellationToken cancellationToken)&#xD;
[xUnit.net 00:00:15.18]            at Npgsql.NpgsqlCommand.ExecuteNonQuery(Boolean async, CancellationToken cancellationToken)&#xD;
[xUnit.net 00:00:15.18]            at Microsoft.EntityFrameworkCore.Storage.RelationalCommand.ExecuteNonQueryAsync(RelationalCommandParameterObject parameterObject, CancellationToken cancellationToken)&#xD;
[xUnit.net 00:00:15.18]            at Microsoft.EntityFrameworkCore.Storage.RelationalCommand.ExecuteNonQueryAsync(RelationalCommandParameterObject parameterObject, CancellationToken cancellationToken)&#xD;
[xUnit.net 00:00:15.18]            at Microsoft.EntityFrameworkCore.Storage.RelationalCommand.ExecuteNonQueryAsync(RelationalCommandParameterObject parameterObject, CancellationToken cancellationToken)&#xD;
[xUnit.net 00:00:15.18]            at Microsoft.EntityFrameworkCore.Migrations.Internal.MigrationCommandExecutor.ExecuteAsync(IReadOnlyList`1 migrationCommands, IRelationalConnection connection, MigrationExecutionState executionState, Boolean beginTransaction, Boolean commitTransaction, Nullable`1 isolationLevel, CancellationToken cancellationToken)&#xD;
[xUnit.net 00:00:15.18]            at Microsoft.EntityFrameworkCore.Migrations.Internal.MigrationCommandExecutor.ExecuteAsync(IReadOnlyList`1 migrationCommands, IRelationalConnection connection, MigrationExecutionState executionState, Boolean beginTransaction, Boolean commitTransaction, Nullable`1 isolationLevel, CancellationToken cancellationToken)&#xD;
[xUnit.net 00:00:15.18]            at Npgsql.EntityFrameworkCore.PostgreSQL.Storage.Internal.NpgsqlExecutionStrategy.ExecuteAsync[TState,TResult](TState state, Func`4 operation, Func`4 verifySucceeded, CancellationToken cancellationToken)&#xD;
[xUnit.net 00:00:15.18]            at Microsoft.EntityFrameworkCore.Migrations.Internal.MigrationCommandExecutor.ExecuteNonQueryAsync(IReadOnlyList`1 migrationCommands, IRelationalConnection connection, MigrationExecutionState executionState, Boolean commitTransaction, Nullable`1 isolationLevel, CancellationToken cancellationToken)&#xD;
[xUnit.net 00:00:15.18]            at Microsoft.EntityFrameworkCore.Migrations.Internal.Migrator.MigrateImplementationAsync(DbContext context, String targetMigration, MigrationExecutionState state, Boolean useTransaction, CancellationToken cancellationToken)&#xD;
[xUnit.net 00:00:15.18]            at Microsoft.EntityFrameworkCore.Migrations.Internal.Migrator.MigrateImplementationAsync(DbContext context, String targetMigration, MigrationExecutionState state, Boolean useTransaction, CancellationToken cancellationToken)&#xD;
[xUnit.net 00:00:15.18]            at Microsoft.EntityFrameworkCore.Migrations.Internal.Migrator.&lt;&gt;c.&lt;&lt;MigrateAsync&gt;b__22_1&gt;d.MoveNext()&#xD;
[xUnit.net 00:00:15.18]         --- End of stack trace from previous location ---&#xD;
[xUnit.net 00:00:15.18]            at Npgsql.EntityFrameworkCore.PostgreSQL.Storage.Internal.NpgsqlExecutionStrategy.ExecuteAsync[TState,TResult](TState state, Func`4 operation, Func`4 verifySucceeded, CancellationToken cancellationToken)&#xD;
[xUnit.net 00:00:15.18]            at Microsoft.EntityFrameworkCore.Migrations.Internal.Migrator.MigrateAsync(String targetMigration, CancellationToken cancellationToken)&#xD;
[xUnit.net 00:00:15.18]            at Microsoft.EntityFrameworkCore.Migrations.Internal.Migrator.MigrateAsync(String targetMigration, CancellationToken cancellationToken)&#xD;
[xUnit.net 00:00:15.18]            at Npgsql.EntityFrameworkCore.PostgreSQL.Migrations.Internal.NpgsqlMigrator.MigrateAsync(String targetMigration, CancellationToken cancellationToken)&#xD;
[xUnit.net 00:00:15.18]         D:\1.DERX_TECH\DesafioVerx\verx-challenge\tests\e2e\FluxoCaixa.E2ETests\HappyPathE2ETests.cs(88,0): at FluxoCaixa.E2ETests.FluxoCaixaE2EFixture.InitializeAsync()&#xD;
[xUnit.net 00:00:15.18]       Npgsql.PostgresException : 42P07: relation "Lancamentos" already exists&#xD;
[xUnit.net 00:00:15.18]       Stack Trace:&#xD;
[xUnit.net 00:00:15.18]            at Npgsql.Internal.NpgsqlConnector.ReadMessageLong(Boolean async, DataRowLoadingMode dataRowLoadingMode, Boolean readingNotifications, Boolean isReadingPrependedMessage)&#xD;
[xUnit.net 00:00:15.18]            at System.Runtime.CompilerServices.PoolingAsyncValueTaskMethodBuilder`1.StateMachineBox`1.System.Threading.Tasks.Sources.IValueTaskSource&lt;TResult&gt;.GetResult(Int16 token)&#xD;
[xUnit.net 00:00:15.18]            at Npgsql.NpgsqlDataReader.NextResult(Boolean async, Boolean isConsuming, CancellationToken cancellationToken)&#xD;
[xUnit.net 00:00:15.18]            at Npgsql.NpgsqlDataReader.NextResult(Boolean async, Boolean isConsuming, CancellationToken cancellationToken)&#xD;
[xUnit.net 00:00:15.18]            at Npgsql.NpgsqlCommand.ExecuteReader(Boolean async, CommandBehavior behavior, CancellationToken cancellationToken)&#xD;
[xUnit.net 00:00:15.18]            at Npgsql.NpgsqlCommand.ExecuteReader(Boolean async, CommandBehavior behavior, CancellationToken cancellationToken)&#xD;
[xUnit.net 00:00:15.18]            at Npgsql.NpgsqlCommand.ExecuteNonQuery(Boolean async, CancellationToken cancellationToken)&#xD;
[xUnit.net 00:00:15.18]            at Microsoft.EntityFrameworkCore.Storage.RelationalCommand.ExecuteNonQueryAsync(RelationalCommandParameterObject parameterObject, CancellationToken cancellationToken)&#xD;
[xUnit.net 00:00:15.18]            at Microsoft.EntityFrameworkCore.Storage.RelationalCommand.ExecuteNonQueryAsync(RelationalCommandParameterObject parameterObject, CancellationToken cancellationToken)&#xD;
[xUnit.net 00:00:15.18]            at Microsoft.EntityFrameworkCore.Storage.RelationalCommand.ExecuteNonQueryAsync(RelationalCommandParameterObject parameterObject, CancellationToken cancellationToken)&#xD;
[xUnit.net 00:00:15.18]            at Microsoft.EntityFrameworkCore.Migrations.Internal.MigrationCommandExecutor.ExecuteAsync(IReadOnlyList`1 migrationCommands, IRelationalConnection connection, MigrationExecutionState executionState, Boolean beginTransaction, Boolean commitTransaction, Nullable`1 isolationLevel, CancellationToken cancellationToken)&#xD;
[xUnit.net 00:00:15.18]            at Microsoft.EntityFrameworkCore.Migrations.Internal.MigrationCommandExecutor.ExecuteAsync(IReadOnlyList`1 migrationCommands, IRelationalConnection connection, MigrationExecutionState executionState, Boolean beginTransaction, Boolean commitTransaction, Nullable`1 isolationLevel, CancellationToken cancellationToken)&#xD;
[xUnit.net 00:00:15.18]            at Npgsql.EntityFrameworkCore.PostgreSQL.Storage.Internal.NpgsqlExecutionStrategy.ExecuteAsync[TState,TResult](TState state, Func`4 operation, Func`4 verifySucceeded, CancellationToken cancellationToken)&#xD;
[xUnit.net 00:00:15.18]            at Microsoft.EntityFrameworkCore.Migrations.Internal.MigrationCommandExecutor.ExecuteNonQueryAsync(IReadOnlyList`1 migrationCommands, IRelationalConnection connection, MigrationExecutionState executionState, Boolean commitTransaction, Nullable`1 isolationLevel, CancellationToken cancellationToken)&#xD;
[xUnit.net 00:00:15.18]            at Microsoft.EntityFrameworkCore.Migrations.Internal.Migrator.MigrateImplementationAsync(DbContext context, String targetMigration, MigrationExecutionState state, Boolean useTransaction, CancellationToken cancellationToken)&#xD;
[xUnit.net 00:00:15.18]            at Microsoft.EntityFrameworkCore.Migrations.Internal.Migrator.MigrateImplementationAsync(DbContext context, String targetMigration, MigrationExecutionState state, Boolean useTransaction, CancellationToken cancellationToken)&#xD;
[xUnit.net 00:00:15.18]            at Microsoft.EntityFrameworkCore.Migrations.Internal.Migrator.&lt;&gt;c.&lt;&lt;MigrateAsync&gt;b__22_1&gt;d.MoveNext()&#xD;
[xUnit.net 00:00:15.19]         --- End of stack trace from previous location ---&#xD;
[xUnit.net 00:00:15.19]            at Npgsql.EntityFrameworkCore.PostgreSQL.Storage.Internal.NpgsqlExecutionStrategy.ExecuteAsync[TState,TResult](TState state, Func`4 operation, Func`4 verifySucceeded, CancellationToken cancellationToken)&#xD;
[xUnit.net 00:00:15.19]            at Microsoft.EntityFrameworkCore.Migrations.Internal.Migrator.MigrateAsync(String targetMigration, CancellationToken cancellationToken)&#xD;
[xUnit.net 00:00:15.19]            at Microsoft.EntityFrameworkCore.Migrations.Internal.Migrator.MigrateAsync(String targetMigration, CancellationToken cancellationToken)&#xD;
[xUnit.net 00:00:15.19]            at Npgsql.EntityFrameworkCore.PostgreSQL.Migrations.Internal.NpgsqlMigrator.MigrateAsync(String targetMigration, CancellationToken cancellationToken)&#xD;
[xUnit.net 00:00:15.19]         D:\1.DERX_TECH\DesafioVerx\verx-challenge\tests\e2e\FluxoCaixa.E2ETests\HappyPathE2ETests.cs(88,0): at FluxoCaixa.E2ETests.FluxoCaixaE2EFixture.InitializeAsync()&#xD;
[xUnit.net 00:00:15.19]       Npgsql.PostgresException : 42P07: relation "Lancamentos" already exists&#xD;
[xUnit.net 00:00:15.19]       Stack Trace:&#xD;
[xUnit.net 00:00:15.19]            at Npgsql.Internal.NpgsqlConnector.ReadMessageLong(Boolean async, DataRowLoadingMode dataRowLoadingMode, Boolean readingNotifications, Boolean isReadingPrependedMessage)&#xD;
[xUnit.net 00:00:15.19]            at System.Runtime.CompilerServices.PoolingAsyncValueTaskMethodBuilder`1.StateMachineBox`1.System.Threading.Tasks.Sources.IValueTaskSource&lt;TResult&gt;.GetResult(Int16 token)&#xD;
[xUnit.net 00:00:15.19]            at Npgsql.NpgsqlDataReader.NextResult(Boolean async, Boolean isConsuming, CancellationToken cancellationToken)&#xD;
[xUnit.net 00:00:15.19]            at Npgsql.NpgsqlDataReader.NextResult(Boolean async, Boolean isConsuming, CancellationToken cancellationToken)&#xD;
[xUnit.net 00:00:15.19]            at Npgsql.NpgsqlCommand.ExecuteReader(Boolean async, CommandBehavior behavior, CancellationToken cancellationToken)&#xD;
[xUnit.net 00:00:15.19]            at Npgsql.NpgsqlCommand.ExecuteReader(Boolean async, CommandBehavior behavior, CancellationToken cancellationToken)&#xD;
[xUnit.net 00:00:15.19]            at Npgsql.NpgsqlCommand.ExecuteNonQuery(Boolean async, CancellationToken cancellationToken)&#xD;
[xUnit.net 00:00:15.19]            at Microsoft.EntityFrameworkCore.Storage.RelationalCommand.ExecuteNonQueryAsync(RelationalCommandParameterObject parameterObject, CancellationToken cancellationToken)&#xD;
[xUnit.net 00:00:15.19]            at Microsoft.EntityFrameworkCore.Storage.RelationalCommand.ExecuteNonQueryAsync(RelationalCommandParameterObject parameterObject, CancellationToken cancellationToken)&#xD;
[xUnit.net 00:00:15.19]            at Microsoft.EntityFrameworkCore.Storage.RelationalCommand.ExecuteNonQueryAsync(RelationalCommandParameterObject parameterObject, CancellationToken cancellationToken)&#xD;
[xUnit.net 00:00:15.19]            at Microsoft.EntityFrameworkCore.Migrations.Internal.MigrationCommandExecutor.ExecuteAsync(IReadOnlyList`1 migrationCommands, IRelationalConnection connection, MigrationExecutionState executionState, Boolean beginTransaction, Boolean commitTransaction, Nullable`1 isolationLevel, CancellationToken cancellationToken)&#xD;
[xUnit.net 00:00:15.19]            at Microsoft.EntityFrameworkCore.Migrations.Internal.MigrationCommandExecutor.ExecuteAsync(IReadOnlyList`1 migrationCommands, IRelationalConnection connection, MigrationExecutionState executionState, Boolean beginTransaction, Boolean commitTransaction, Nullable`1 isolationLevel, CancellationToken cancellationToken)&#xD;
[xUnit.net 00:00:15.19]            at Npgsql.EntityFrameworkCore.PostgreSQL.Storage.Internal.NpgsqlExecutionStrategy.ExecuteAsync[TState,TResult](TState state, Func`4 operation, Func`4 verifySucceeded, CancellationToken cancellationToken)&#xD;
[xUnit.net 00:00:15.19]            at Microsoft.EntityFrameworkCore.Migrations.Internal.MigrationCommandExecutor.ExecuteNonQueryAsync(IReadOnlyList`1 migrationCommands, IRelationalConnection connection, MigrationExecutionState executionState, Boolean commitTransaction, Nullable`1 isolationLevel, CancellationToken cancellationToken)&#xD;
[xUnit.net 00:00:15.19]            at Microsoft.EntityFrameworkCore.Migrations.Internal.Migrator.MigrateImplementationAsync(DbContext context, String targetMigration, MigrationExecutionState state, Boolean useTransaction, CancellationToken cancellationToken)&#xD;
[xUnit.net 00:00:15.19]            at Microsoft.EntityFrameworkCore.Migrations.Internal.Migrator.MigrateImplementationAsync(DbContext context, String targetMigration, MigrationExecutionState state, Boolean useTransaction, CancellationToken cancellationToken)&#xD;
[xUnit.net 00:00:15.19]            at Microsoft.EntityFrameworkCore.Migrations.Internal.Migrator.&lt;&gt;c.&lt;&lt;MigrateAsync&gt;b__22_1&gt;d.MoveNext()&#xD;
[xUnit.net 00:00:15.19]         --- End of stack trace from previous location ---&#xD;
[xUnit.net 00:00:15.19]            at Npgsql.EntityFrameworkCore.PostgreSQL.Storage.Internal.NpgsqlExecutionStrategy.ExecuteAsync[TState,TResult](TState state, Func`4 operation, Func`4 verifySucceeded, CancellationToken cancellationToken)&#xD;
[xUnit.net 00:00:15.19]            at Microsoft.EntityFrameworkCore.Migrations.Internal.Migrator.MigrateAsync(String targetMigration, CancellationToken cancellationToken)&#xD;
[xUnit.net 00:00:15.19]            at Microsoft.EntityFrameworkCore.Migrations.Internal.Migrator.MigrateAsync(String targetMigration, CancellationToken cancellationToken)&#xD;
[xUnit.net 00:00:15.19]            at Npgsql.EntityFrameworkCore.PostgreSQL.Migrations.Internal.NpgsqlMigrator.MigrateAsync(String targetMigration, CancellationToken cancellationToken)&#xD;
[xUnit.net 00:00:15.19]         D:\1.DERX_TECH\DesafioVerx\verx-challenge\tests\e2e\FluxoCaixa.E2ETests\HappyPathE2ETests.cs(88,0): at FluxoCaixa.E2ETests.FluxoCaixaE2EFixture.InitializeAsync()&#xD;
info: MassTransit[0]&#xD;
      Bus stopped: rabbitmq://127.0.0.1:49880/&#xD;
[testcontainers.org 00:00:15.00] Delete Docker container afd9d79983b0&#xD;
[testcontainers.org 00:00:15.47] Delete Docker container 5b72fc4f0df7&#xD;
[xUnit.net 00:00:16.19]   Finished:    FluxoCaixa.E2ETests&#xD;
</StdOut>
    </Output>
    <RunInfos>
      <RunInfo computerName="PC001" outcome="Error" timestamp="2026-04-06T00:11:10.8927200-03:00">
        <Text>[xUnit.net 00:00:15.18]     FluxoCaixa.E2ETests.HappyPathE2ETests.Requisicao_Sem_Autenticacao_Deve_Retornar_401 [FAIL]</Text>
      </RunInfo>
      <RunInfo computerName="PC001" outcome="Error" timestamp="2026-04-06T00:11:10.8944443-03:00">
        <Text>[xUnit.net 00:00:15.18]     FluxoCaixa.E2ETests.HappyPathE2ETests.Multiplos_Lancamentos_Devem_Acumular_Saldo_Corretamente [FAIL]</Text>
      </RunInfo>
      <RunInfo computerName="PC001" outcome="Error" timestamp="2026-04-06T00:11:10.8959728-03:00">
        <Text>[xUnit.net 00:00:15.19]     FluxoCaixa.E2ETests.HappyPathE2ETests.Lancamento_Credito_Deve_Refletir_No_Saldo_Consolidado [FAIL]</Text>
      </RunInfo>
    </RunInfos>
  </ResultSummary>
</TestRun>