<?xml version="1.0" encoding="utf-8"?>
<TestRun id="fe03ee7a-ad7f-446f-bac3-43524a85f608" name="anderson.lazzari@PC001 2026-04-06 00:26:26" runUser="PC001\anderson.lazzari" xmlns="http://microsoft.com/schemas/VisualStudio/TeamTest/2010">
  <Times creation="2026-04-06T00:26:26.6725736-03:00" queuing="2026-04-06T00:26:26.6725739-03:00" start="2026-04-06T00:26:05.4670659-03:00" finish="2026-04-06T00:26:35.5232072-03:00" />
  <TestSettings name="default" id="f992db26-9426-4f6d-a8f8-ff0b5722bc1f">
    <Deployment runDeploymentRoot="anderson.lazzari_PC001_2026-04-06_00_26_26" />
  </TestSettings>
  <Results>
    <UnitTestResult executionId="3f937fd4-521f-4527-9cbd-fca3a7c4b2fe" testId="cef6c5a8-5f3f-913f-9ede-270a00f4769f" testName="FluxoCaixa.E2ETests.HappyPathE2ETests.Requisicao_Sem_Autenticacao_Deve_Retornar_401" computerName="PC001" duration="00:00:00.0831166" startTime="2026-04-06T00:26:25.2173770-03:00" endTime="2026-04-06T00:26:25.2173913-03:00" testType="13cdc9d9-ddb5-4fa4-a97d-d965ccfc6d4b" outcome="Passed" testListId="8c84fa94-04c1-424b-9868-57a2d4851a1d" relativeResultsDirectory="3f937fd4-521f-4527-9cbd-fca3a7c4b2fe" />
    <UnitTestResult executionId="bbd7fa9c-0dc4-4944-b35d-f430fb54e197" testId="a616e5e6-2ab6-8539-d767-ca857f3a8ede" testName="FluxoCaixa.E2ETests.HappyPathE2ETests.Lancamento_Credito_Deve_Refletir_No_Saldo_Consolidado" computerName="PC001" duration="00:00:08.1997521" startTime="2026-04-06T00:26:34.3505818-03:00" endTime="2026-04-06T00:26:34.3505823-03:00" testType="13cdc9d9-ddb5-4fa4-a97d-d965ccfc6d4b" outcome="Failed" testListId="8c84fa94-04c1-424b-9868-57a2d4851a1d" relativeResultsDirectory="bbd7fa9c-0dc4-4944-b35d-f430fb54e197">
      <Output>
        <ErrorInfo>
          <Message>Expected saldoConsolidado not to be &lt;null&gt;.</Message>
          <StackTrace>   at FluentAssertions.Primitives.ReferenceTypeAssertions`2.NotBeNull(String because, Object[] becauseArgs)&#xD;
   at FluxoCaixa.E2ETests.HappyPathE2ETests.Lancamento_Credito_Deve_Refletir_No_Saldo_Consolidado() in D:\1.DERX_TECH\DesafioVerx\verx-challenge\tests\e2e\FluxoCaixa.E2ETests\HappyPathE2ETests.cs:line 186&#xD;
--- End of stack trace from previous location ---</StackTrace>
        </ErrorInfo>
      </Output>
    </UnitTestResult>
    <UnitTestResult executionId="d38eb51d-822d-4ad7-8007-56a0ceb63c4b" testId="faf75813-e17f-e60f-c222-f8145bef8d48" testName="FluxoCaixa.E2ETests.HappyPathE2ETests.Multiplos_Lancamentos_Devem_Acumular_Saldo_Corretamente" computerName="PC001" duration="00:00:00.9228511" startTime="2026-04-06T00:26:26.1414175-03:00" endTime="2026-04-06T00:26:26.1414179-03:00" testType="13cdc9d9-ddb5-4fa4-a97d-d965ccfc6d4b" outcome="Passed" testListId="8c84fa94-04c1-424b-9868-57a2d4851a1d" relativeResultsDirectory="d38eb51d-822d-4ad7-8007-56a0ceb63c4b" />
  </Results>
  <TestDefinitions>
    <UnitTest name="FluxoCaixa.E2ETests.HappyPathE2ETests.Lancamento_Credito_Deve_Refletir_No_Saldo_Consolidado" storage="d:\1.derx_tech\desafioverx\verx-challenge\tests\e2e\fluxocaixa.e2etests\bin\debug\net9.0\fluxocaixa.e2etests.dll" id="a616e5e6-2ab6-8539-d767-ca857f3a8ede">
      <Execution id="bbd7fa9c-0dc4-4944-b35d-f430fb54e197" />
      <TestMethod codeBase="D:\1.DERX_TECH\DesafioVerx\verx-challenge\tests\e2e\FluxoCaixa.E2ETests\bin\Debug\net9.0\FluxoCaixa.E2ETests.dll" adapterTypeName="executor://xunit/VsTestRunner2/netcoreapp" className="FluxoCaixa.E2ETests.HappyPathE2ETests" name="Lancamento_Credito_Deve_Refletir_No_Saldo_Consolidado" />
    </UnitTest>
    <UnitTest name="FluxoCaixa.E2ETests.HappyPathE2ETests.Requisicao_Sem_Autenticacao_Deve_Retornar_401" storage="d:\1.derx_tech\desafioverx\verx-challenge\tests\e2e\fluxocaixa.e2etests\bin\debug\net9.0\fluxocaixa.e2etests.dll" id="cef6c5a8-5f3f-913f-9ede-270a00f4769f">
      <Execution id="3f937fd4-521f-4527-9cbd-fca3a7c4b2fe" />
      <TestMethod codeBase="D:\1.DERX_TECH\DesafioVerx\verx-challenge\tests\e2e\FluxoCaixa.E2ETests\bin\Debug\net9.0\FluxoCaixa.E2ETests.dll" adapterTypeName="executor://xunit/VsTestRunner2/netcoreapp" className="FluxoCaixa.E2ETests.HappyPathE2ETests" name="Requisicao_Sem_Autenticacao_Deve_Retornar_401" />
    </UnitTest>
    <UnitTest name="FluxoCaixa.E2ETests.HappyPathE2ETests.Multiplos_Lancamentos_Devem_Acumular_Saldo_Corretamente" storage="d:\1.derx_tech\desafioverx\verx-challenge\tests\e2e\fluxocaixa.e2etests\bin\debug\net9.0\fluxocaixa.e2etests.dll" id="faf75813-e17f-e60f-c222-f8145bef8d48">
      <Execution id="d38eb51d-822d-4ad7-8007-56a0ceb63c4b" />
      <TestMethod codeBase="D:\1.DERX_TECH\DesafioVerx\verx-challenge\tests\e2e\FluxoCaixa.E2ETests\bin\Debug\net9.0\FluxoCaixa.E2ETests.dll" adapterTypeName="executor://xunit/VsTestRunner2/netcoreapp" className="FluxoCaixa.E2ETests.HappyPathE2ETests" name="Multiplos_Lancamentos_Devem_Acumular_Saldo_Corretamente" />
    </UnitTest>
  </TestDefinitions>
  <TestEntries>
    <TestEntry testId="cef6c5a8-5f3f-913f-9ede-270a00f4769f" executionId="3f937fd4-521f-4527-9cbd-fca3a7c4b2fe" testListId="8c84fa94-04c1-424b-9868-57a2d4851a1d" />
    <TestEntry testId="a616e5e6-2ab6-8539-d767-ca857f3a8ede" executionId="bbd7fa9c-0dc4-4944-b35d-f430fb54e197" testListId="8c84fa94-04c1-424b-9868-57a2d4851a1d" />
    <TestEntry testId="faf75813-e17f-e60f-c222-f8145bef8d48" executionId="d38eb51d-822d-4ad7-8007-56a0ceb63c4b" testListId="8c84fa94-04c1-424b-9868-57a2d4851a1d" />
  </TestEntries>
  <TestLists>
    <TestList name="Results Not in a List" id="8c84fa94-04c1-424b-9868-57a2d4851a1d" />
    <TestList name="All Loaded Results" id="19431567-8539-422a-85d7-44ee4e166bda" />
  </TestLists>
  <ResultSummary outcome="Failed">
    <Counters total="3" executed="3" passed="2" failed="1" error="0" timeout="0" aborted="0" inconclusive="0" passedButRunAborted="0" notRunnable="0" notExecuted="0" disconnected="0" warning="0" completed="0" inProgress="0" pending="0" />
    <Output>
      <StdOut>[xUnit.net 00:00:00.00] xUnit.net VSTest Adapter v2.8.2+699d445a1a (64-bit .NET 9.0.10)&#xD;
[xUnit.net 00:00:00.07]   Discovering: FluxoCaixa.E2ETests&#xD;
[xUnit.net 00:00:00.10]   Discovered:  FluxoCaixa.E2ETests&#xD;
[xUnit.net 00:00:00.10]   Starting:    FluxoCaixa.E2ETests&#xD;
[testcontainers.org 00:00:00.10] Connected to Docker:&#xD;
  Host: npipe://./pipe/docker_engine&#xD;
  Server Version: 28.5.1&#xD;
  Kernel Version: 6.6.87.1-microsoft-standard-WSL2&#xD;
  API Version: 1.51&#xD;
  Operating System: Docker Desktop&#xD;
  Total Memory: 13.61 GB&#xD;
  Labels: &#xD;
    com.docker.desktop.address=npipe://\\.\pipe\docker_cli&#xD;
[testcontainers.org 00:00:00.33] Docker container 80fd4b2deb7e created&#xD;
[testcontainers.org 00:00:00.40] Start Docker container 80fd4b2deb7e&#xD;
[testcontainers.org 00:00:00.76] Wait for Docker container 80fd4b2deb7e to complete readiness checks&#xD;
[testcontainers.org 00:00:01.82] Docker container 80fd4b2deb7e ready&#xD;
[testcontainers.org 00:00:02.00] Docker container b17f2c8e825c created&#xD;
[testcontainers.org 00:00:02.03] Start Docker container b17f2c8e825c&#xD;
[testcontainers.org 00:00:02.03] Docker container 6a5d474b8531 created&#xD;
[testcontainers.org 00:00:02.05] Start Docker container 6a5d474b8531&#xD;
[testcontainers.org 00:00:02.47] Wait for Docker container b17f2c8e825c to complete readiness checks&#xD;
[testcontainers.org 00:00:02.53] Wait for Docker container 6a5d474b8531 to complete readiness checks&#xD;
[testcontainers.org 00:00:02.54] Execute "pg_isready --host localhost --dbname fluxocaixa_master --username e2e_user" at Docker container 6a5d474b8531&#xD;
[testcontainers.org 00:00:03.73] Execute "pg_isready --host localhost --dbname fluxocaixa_master --username e2e_user" at Docker container 6a5d474b8531&#xD;
[testcontainers.org 00:00:04.88] Execute "pg_isready --host localhost --dbname fluxocaixa_master --username e2e_user" at Docker container 6a5d474b8531&#xD;
[testcontainers.org 00:00:05.00] Docker container 6a5d474b8531 ready&#xD;
[testcontainers.org 00:00:13.75] Docker container b17f2c8e825c ready&#xD;
info: Microsoft.EntityFrameworkCore.Database.Command[20101]&#xD;
      Executed DbCommand (79ms) [Parameters=[], CommandType='Text', CommandTimeout='30']&#xD;
      CREATE DATABASE lancamentos_e2e;&#xD;
info: Microsoft.EntityFrameworkCore.Database.Command[20101]&#xD;
      Executed DbCommand (3ms) [Parameters=[], CommandType='Text', CommandTimeout='30']&#xD;
      CREATE TABLE "Lancamentos" (&#xD;
          "Id" uuid NOT NULL,&#xD;
          "DataHora" timestamp with time zone NOT NULL,&#xD;
          "Tipo" text NOT NULL,&#xD;
          "Valor" numeric(18,2) NOT NULL,&#xD;
          "Descricao" character varying(250) NOT NULL,&#xD;
          CONSTRAINT "PK_Lancamentos" PRIMARY KEY ("Id")&#xD;
      );&#xD;
info: MassTransit[0]&#xD;
      Bus started: rabbitmq://127.0.0.1:61391/&#xD;
info: Microsoft.EntityFrameworkCore.Database.Command[20101]&#xD;
      Executed DbCommand (84ms) [Parameters=[], CommandType='Text', CommandTimeout='30']&#xD;
      CREATE DATABASE consolidado_e2e;&#xD;
info: Microsoft.EntityFrameworkCore.Database.Command[20101]&#xD;
      Executed DbCommand (3ms) [Parameters=[], CommandType='Text', CommandTimeout='30']&#xD;
      CREATE TABLE "EventosProcessados" (&#xD;
          "EventoId" uuid NOT NULL,&#xD;
          "DataProcessamento" timestamp with time zone NOT NULL,&#xD;
          CONSTRAINT "PK_EventosProcessados" PRIMARY KEY ("EventoId")&#xD;
      );&#xD;
info: Microsoft.EntityFrameworkCore.Database.Command[20101]&#xD;
      Executed DbCommand (3ms) [Parameters=[], CommandType='Text', CommandTimeout='30']&#xD;
      CREATE TABLE "SaldosDiarios" (&#xD;
          "DataReferencia" timestamp with time zone NOT NULL,&#xD;
          "ValorTotal" numeric(18,2) NOT NULL,&#xD;
          "UltimaAtualizacao" timestamp with time zone NOT NULL,&#xD;
          CONSTRAINT "PK_SaldosDiarios" PRIMARY KEY ("DataReferencia")&#xD;
      );&#xD;
info: MassTransit[0]&#xD;
      Configured endpoint fluxo-caixa-consolidado, Consumer: Consolidado.Worker.Consumers.LancamentoCriadoConsumer&#xD;
info: Microsoft.Hosting.Lifetime[0]&#xD;
      Application started. Press Ctrl+C to shut down.&#xD;
info: Microsoft.Hosting.Lifetime[0]&#xD;
      Hosting environment: Production&#xD;
info: Microsoft.Hosting.Lifetime[0]&#xD;
      Content root path: D:\1.DERX_TECH\DesafioVerx\verx-challenge\tests\e2e\FluxoCaixa.E2ETests\bin\Debug\net9.0&#xD;
info: MassTransit[0]&#xD;
      Bus started: rabbitmq://127.0.0.1:61391/&#xD;
info: Microsoft.EntityFrameworkCore.Database.Command[20101]&#xD;
      Executed DbCommand (30ms) [Parameters=[@p0='?' (DbType = Guid), @p1='?' (DbType = DateTime), @p2='?', @p3='?', @p4='?' (DbType = Decimal)], CommandType='Text', CommandTimeout='30']&#xD;
      INSERT INTO "Lancamentos" ("Id", "DataHora", "Descricao", "Tipo", "Valor")&#xD;
      VALUES (@p0, @p1, @p2, @p3, @p4);&#xD;
info: Consolidado.Worker.Consumers.LancamentoCriadoConsumer[0]&#xD;
      Recebendo evento de lanA\u0015amento: c4aae40d-5db3-48c9-92bd-4e77ba7358d5&#xD;
info: Microsoft.EntityFrameworkCore.Database.Command[20101]&#xD;
      Executed DbCommand (2ms) [Parameters=[@p0='?' (DbType = Guid), @p1='?' (DbType = DateTime), @p2='?', @p3='?', @p4='?' (DbType = Decimal)], CommandType='Text', CommandTimeout='30']&#xD;
      INSERT INTO "Lancamentos" ("Id", "DataHora", "Descricao", "Tipo", "Valor")&#xD;
      VALUES (@p0, @p1, @p2, @p3, @p4);&#xD;
info: Microsoft.EntityFrameworkCore.Database.Command[20101]&#xD;
      Executed DbCommand (2ms) [Parameters=[@p0='?' (DbType = Guid), @p1='?' (DbType = DateTime), @p2='?', @p3='?', @p4='?' (DbType = Decimal)], CommandType='Text', CommandTimeout='30']&#xD;
      INSERT INTO "Lancamentos" ("Id", "DataHora", "Descricao", "Tipo", "Valor")&#xD;
      VALUES (@p0, @p1, @p2, @p3, @p4);&#xD;
info: Microsoft.EntityFrameworkCore.Database.Command[20101]&#xD;
      Executed DbCommand (3ms) [Parameters=[@__evento_Id_0='?' (DbType = Guid)], CommandType='Text', CommandTimeout='30']&#xD;
      SELECT EXISTS (&#xD;
          SELECT 1&#xD;
          FROM "EventosProcessados" AS e&#xD;
          WHERE e."EventoId" = @__evento_Id_0)&#xD;
info: Microsoft.EntityFrameworkCore.Database.Command[20101]&#xD;
      Executed DbCommand (2ms) [Parameters=[@__dataReferencia_0='?' (DbType = DateTime)], CommandType='Text', CommandTimeout='30']&#xD;
      SELECT s."DataReferencia", s."UltimaAtualizacao", s."ValorTotal"&#xD;
      FROM "SaldosDiarios" AS s&#xD;
      WHERE s."DataReferencia" = @__dataReferencia_0&#xD;
      LIMIT 1&#xD;
info: Microsoft.EntityFrameworkCore.Database.Command[20101]&#xD;
      Executed DbCommand (2ms) [Parameters=[@p0='?' (DbType = Guid), @p1='?' (DbType = DateTime), @p2='?' (DbType = DateTime), @p3='?' (DbType = DateTime), @p4='?' (DbType = Decimal)], CommandType='Text', CommandTimeout='30']&#xD;
      INSERT INTO "EventosProcessados" ("EventoId", "DataProcessamento")&#xD;
      VALUES (@p0, @p1);&#xD;
      INSERT INTO "SaldosDiarios" ("DataReferencia", "UltimaAtualizacao", "ValorTotal")&#xD;
      VALUES (@p2, @p3, @p4);&#xD;
info: Consolidado.Worker.Consumers.LancamentoCriadoConsumer[0]&#xD;
      Saldo consolidado com sucesso para o evento c4aae40d-5db3-48c9-92bd-4e77ba7358d5.&#xD;
info: Consolidado.Worker.Consumers.LancamentoCriadoConsumer[0]&#xD;
      Recebendo evento de lanA\u0015amento: cc813cae-ff6a-4ce2-80f6-bcb2dfab04e7&#xD;
info: Microsoft.EntityFrameworkCore.Database.Command[20101]&#xD;
      Executed DbCommand (2ms) [Parameters=[@__evento_Id_0='?' (DbType = Guid)], CommandType='Text', CommandTimeout='30']&#xD;
      SELECT EXISTS (&#xD;
          SELECT 1&#xD;
          FROM "EventosProcessados" AS e&#xD;
          WHERE e."EventoId" = @__evento_Id_0)&#xD;
info: Microsoft.EntityFrameworkCore.Database.Command[20101]&#xD;
      Executed DbCommand (1ms) [Parameters=[@__dataReferencia_0='?' (DbType = DateTime)], CommandType='Text', CommandTimeout='30']&#xD;
      SELECT s."DataReferencia", s."UltimaAtualizacao", s."ValorTotal"&#xD;
      FROM "SaldosDiarios" AS s&#xD;
      WHERE s."DataReferencia" = @__dataReferencia_0&#xD;
      LIMIT 1&#xD;
info: Microsoft.EntityFrameworkCore.Database.Command[20101]&#xD;
      Executed DbCommand (2ms) [Parameters=[@p0='?' (DbType = Guid), @p1='?' (DbType = DateTime), @p4='?' (DbType = DateTime), @p2='?' (DbType = DateTime), @p3='?' (DbType = Decimal)], CommandType='Text', CommandTimeout='30']&#xD;
      INSERT INTO "EventosProcessados" ("EventoId", "DataProcessamento")&#xD;
      VALUES (@p0, @p1);&#xD;
      UPDATE "SaldosDiarios" SET "UltimaAtualizacao" = @p2, "ValorTotal" = @p3&#xD;
      WHERE "DataReferencia" = @p4;&#xD;
info: Consolidado.Worker.Consumers.LancamentoCriadoConsumer[0]&#xD;
      Saldo consolidado com sucesso para o evento cc813cae-ff6a-4ce2-80f6-bcb2dfab04e7.&#xD;
info: Consolidado.Worker.Consumers.LancamentoCriadoConsumer[0]&#xD;
      Recebendo evento de lanA\u0015amento: f7955c87-aec7-4429-b99d-c2ee2cd2ec89&#xD;
info: Microsoft.EntityFrameworkCore.Database.Command[20101]&#xD;
      Executed DbCommand (2ms) [Parameters=[@__evento_Id_0='?' (DbType = Guid)], CommandType='Text', CommandTimeout='30']&#xD;
      SELECT EXISTS (&#xD;
          SELECT 1&#xD;
          FROM "EventosProcessados" AS e&#xD;
          WHERE e."EventoId" = @__evento_Id_0)&#xD;
info: Microsoft.EntityFrameworkCore.Database.Command[20101]&#xD;
      Executed DbCommand (1ms) [Parameters=[@__dataReferencia_0='?' (DbType = DateTime)], CommandType='Text', CommandTimeout='30']&#xD;
      SELECT s."DataReferencia", s."UltimaAtualizacao", s."ValorTotal"&#xD;
      FROM "SaldosDiarios" AS s&#xD;
      WHERE s."DataReferencia" = @__dataReferencia_0&#xD;
      LIMIT 1&#xD;
info: Microsoft.EntityFrameworkCore.Database.Command[20101]&#xD;
      Executed DbCommand (1ms) [Parameters=[@p0='?' (DbType = Guid), @p1='?' (DbType = DateTime), @p4='?' (DbType = DateTime), @p2='?' (DbType = DateTime), @p3='?' (DbType = Decimal)], CommandType='Text', CommandTimeout='30']&#xD;
      INSERT INTO "EventosProcessados" ("EventoId", "DataProcessamento")&#xD;
      VALUES (@p0, @p1);&#xD;
      UPDATE "SaldosDiarios" SET "UltimaAtualizacao" = @p2, "ValorTotal" = @p3&#xD;
      WHERE "DataReferencia" = @p4;&#xD;
info: Consolidado.Worker.Consumers.LancamentoCriadoConsumer[0]&#xD;
      Saldo consolidado com sucesso para o evento f7955c87-aec7-4429-b99d-c2ee2cd2ec89.&#xD;
info: Microsoft.EntityFrameworkCore.Database.Command[20101]&#xD;
      Executed DbCommand (2ms) [Parameters=[@__dataBusca_0='?' (DbType = DateTime)], CommandType='Text', CommandTimeout='30']&#xD;
      SELECT s."DataReferencia", s."UltimaAtualizacao", s."ValorTotal"&#xD;
      FROM "SaldosDiarios" AS s&#xD;
      WHERE s."DataReferencia" = @__dataBusca_0&#xD;
      LIMIT 1&#xD;
     Warning:&#xD;
     The component "Fluent Assertions" is governed by the rules defined in the Xceed License Agreement and&#xD;
     the Xceed Fluent Assertions Community License. You may use Fluent Assertions free of charge for&#xD;
     non-commercial use only. An active subscription is required to use Fluent Assertions for commercial use.&#xD;
     Please contact Xceed Sales mailto:sales@xceed.com to acquire a subscription at a very low cost.&#xD;
     A paid commercial license supports the development and continued increasing support of&#xD;
     Fluent Assertions users under both commercial and community licenses. Help us&#xD;
     keep Fluent Assertions at the forefront of unit testing.&#xD;
     For more information, visit https://xceed.com/products/unit-testing/fluent-assertions/&#xD;
info: Microsoft.EntityFrameworkCore.Database.Command[20101]&#xD;
      Executed DbCommand (2ms) [Parameters=[@p0='?' (DbType = Guid), @p1='?' (DbType = DateTime), @p2='?', @p3='?', @p4='?' (DbType = Decimal)], CommandType='Text', CommandTimeout='30']&#xD;
      INSERT INTO "Lancamentos" ("Id", "DataHora", "Descricao", "Tipo", "Valor")&#xD;
      VALUES (@p0, @p1, @p2, @p3, @p4);&#xD;
info: Consolidado.Worker.Consumers.LancamentoCriadoConsumer[0]&#xD;
      Recebendo evento de lanA\u0015amento: 34398ffc-d821-4746-a411-b5f489ebbfd5&#xD;
info: Microsoft.EntityFrameworkCore.Database.Command[20101]&#xD;
      Executed DbCommand (1ms) [Parameters=[@__evento_Id_0='?' (DbType = Guid)], CommandType='Text', CommandTimeout='30']&#xD;
      SELECT EXISTS (&#xD;
          SELECT 1&#xD;
          FROM "EventosProcessados" AS e&#xD;
          WHERE e."EventoId" = @__evento_Id_0)&#xD;
info: Microsoft.EntityFrameworkCore.Database.Command[20101]&#xD;
      Executed DbCommand (1ms) [Parameters=[@__dataReferencia_0='?' (DbType = DateTime)], CommandType='Text', CommandTimeout='30']&#xD;
      SELECT s."DataReferencia", s."UltimaAtualizacao", s."ValorTotal"&#xD;
      FROM "SaldosDiarios" AS s&#xD;
      WHERE s."DataReferencia" = @__dataReferencia_0&#xD;
      LIMIT 1&#xD;
info: Microsoft.EntityFrameworkCore.Database.Command[20101]&#xD;
      Executed DbCommand (1ms) [Parameters=[@p0='?' (DbType = Guid), @p1='?' (DbType = DateTime), @p4='?' (DbType = DateTime), @p2='?' (DbType = DateTime), @p3='?' (DbType = Decimal)], CommandType='Text', CommandTimeout='30']&#xD;
      INSERT INTO "EventosProcessados" ("EventoId", "DataProcessamento")&#xD;
      VALUES (@p0, @p1);&#xD;
      UPDATE "SaldosDiarios" SET "UltimaAtualizacao" = @p2, "ValorTotal" = @p3&#xD;
      WHERE "DataReferencia" = @p4;&#xD;
info: Consolidado.Worker.Consumers.LancamentoCriadoConsumer[0]&#xD;
      Saldo consolidado com sucesso para o evento 34398ffc-d821-4746-a411-b5f489ebbfd5.&#xD;
info: Microsoft.EntityFrameworkCore.Database.Command[20101]&#xD;
      Executed DbCommand (2ms) [Parameters=[@__dataBusca_0='?' (DbType = DateTime)], CommandType='Text', CommandTimeout='30']&#xD;
      SELECT s."DataReferencia", s."UltimaAtualizacao", s."ValorTotal"&#xD;
      FROM "SaldosDiarios" AS s&#xD;
      WHERE s."DataReferencia" = @__dataBusca_0&#xD;
      LIMIT 1&#xD;
[xUnit.net 00:00:28.52]       Expected saldoConsolidado not to be &lt;null&gt;.&#xD;
info: Microsoft.Hosting.Lifetime[0]&#xD;
      Application is shutting down...&#xD;
[xUnit.net 00:00:28.52]       Stack Trace:&#xD;
[xUnit.net 00:00:28.52]            at FluentAssertions.Primitives.ReferenceTypeAssertions`2.NotBeNull(String because, Object[] becauseArgs)&#xD;
[xUnit.net 00:00:28.52]         D:\1.DERX_TECH\DesafioVerx\verx-challenge\tests\e2e\FluxoCaixa.E2ETests\HappyPathE2ETests.cs(186,0): at FluxoCaixa.E2ETests.HappyPathE2ETests.Lancamento_Credito_Deve_Refletir_No_Saldo_Consolidado()&#xD;
[xUnit.net 00:00:28.52]         --- End of stack trace from previous location ---&#xD;
info: MassTransit[0]&#xD;
      Bus stopped: rabbitmq://127.0.0.1:61391/&#xD;
info: MassTransit[0]&#xD;
      Bus stopped: rabbitmq://127.0.0.1:61391/&#xD;
[testcontainers.org 00:00:28.35] Delete Docker container 6a5d474b8531&#xD;
[testcontainers.org 00:00:28.88] Delete Docker container b17f2c8e825c&#xD;
[xUnit.net 00:00:29.59]   Finished:    FluxoCaixa.E2ETests&#xD;
</StdOut>
    </Output>
    <RunInfos>
      <RunInfo computerName="PC001" outcome="Error" timestamp="2026-04-06T00:26:34.3483944-03:00">
        <Text>[xUnit.net 00:00:28.52]     FluxoCaixa.E2ETests.HappyPathE2ETests.Lancamento_Credito_Deve_Refletir_No_Saldo_Consolidado [FAIL]</Text>
      </RunInfo>
    </RunInfos>
  </ResultSummary>
</TestRun>