<?xml version="1.0" encoding="utf-8"?>
<TestRun id="2e31dac7-3a10-4630-9fc3-8a3142bc530f" name="anderson.lazzari@PC001 2026-04-06 00:16:49" runUser="PC001\anderson.lazzari" xmlns="http://microsoft.com/schemas/VisualStudio/TeamTest/2010">
  <Times creation="2026-04-06T00:16:49.5627734-03:00" queuing="2026-04-06T00:16:49.5627739-03:00" start="2026-04-06T00:16:30.0501862-03:00" finish="2026-04-06T00:16:58.3311214-03:00" />
  <TestSettings name="default" id="ac93a15f-475f-4f4d-8f7b-032e04c17937">
    <Deployment runDeploymentRoot="anderson.lazzari_PC001_2026-04-06_00_16_49" />
  </TestSettings>
  <Results>
    <UnitTestResult executionId="3504ddbd-9c49-412d-bdd6-d292d723e0d7" testId="cef6c5a8-5f3f-913f-9ede-270a00f4769f" testName="FluxoCaixa.E2ETests.HappyPathE2ETests.Requisicao_Sem_Autenticacao_Deve_Retornar_401" computerName="PC001" duration="00:00:00.0779133" startTime="2026-04-06T00:16:48.1012239-03:00" endTime="2026-04-06T00:16:48.1012371-03:00" testType="13cdc9d9-ddb5-4fa4-a97d-d965ccfc6d4b" outcome="Passed" testListId="8c84fa94-04c1-424b-9868-57a2d4851a1d" relativeResultsDirectory="3504ddbd-9c49-412d-bdd6-d292d723e0d7" />
    <UnitTestResult executionId="2b0e5187-4e86-4118-a047-603040193dc9" testId="a616e5e6-2ab6-8539-d767-ca857f3a8ede" testName="FluxoCaixa.E2ETests.HappyPathE2ETests.Lancamento_Credito_Deve_Refletir_No_Saldo_Consolidado" computerName="PC001" duration="00:00:08.2165695" startTime="2026-04-06T00:16:57.1700907-03:00" endTime="2026-04-06T00:16:57.1700911-03:00" testType="13cdc9d9-ddb5-4fa4-a97d-d965ccfc6d4b" outcome="Failed" testListId="8c84fa94-04c1-424b-9868-57a2d4851a1d" relativeResultsDirectory="2b0e5187-4e86-4118-a047-603040193dc9">
      <Output>
        <ErrorInfo>
          <Message>Expected saldoConsolidado not to be &lt;null&gt; because O Worker deve ter processado o evento e gerado o saldo consolidado..</Message>
          <StackTrace>   at FluentAssertions.Primitives.ReferenceTypeAssertions`2.NotBeNull(String because, Object[] becauseArgs)&#xD;
   at FluxoCaixa.E2ETests.HappyPathE2ETests.Lancamento_Credito_Deve_Refletir_No_Saldo_Consolidado() in D:\1.DERX_TECH\DesafioVerx\verx-challenge\tests\e2e\FluxoCaixa.E2ETests\HappyPathE2ETests.cs:line 195&#xD;
--- End of stack trace from previous location ---</StackTrace>
        </ErrorInfo>
      </Output>
    </UnitTestResult>
    <UnitTestResult executionId="3225d044-dbef-4ce8-96d6-f5dac9daf21c" testId="faf75813-e17f-e60f-c222-f8145bef8d48" testName="FluxoCaixa.E2ETests.HappyPathE2ETests.Multiplos_Lancamentos_Devem_Acumular_Saldo_Corretamente" computerName="PC001" duration="00:00:00.8448620" startTime="2026-04-06T00:16:48.9469549-03:00" endTime="2026-04-06T00:16:48.9469550-03:00" testType="13cdc9d9-ddb5-4fa4-a97d-d965ccfc6d4b" outcome="Passed" testListId="8c84fa94-04c1-424b-9868-57a2d4851a1d" relativeResultsDirectory="3225d044-dbef-4ce8-96d6-f5dac9daf21c" />
  </Results>
  <TestDefinitions>
    <UnitTest name="FluxoCaixa.E2ETests.HappyPathE2ETests.Lancamento_Credito_Deve_Refletir_No_Saldo_Consolidado" storage="d:\1.derx_tech\desafioverx\verx-challenge\tests\e2e\fluxocaixa.e2etests\bin\debug\net9.0\fluxocaixa.e2etests.dll" id="a616e5e6-2ab6-8539-d767-ca857f3a8ede">
      <Execution id="2b0e5187-4e86-4118-a047-603040193dc9" />
      <TestMethod codeBase="D:\1.DERX_TECH\DesafioVerx\verx-challenge\tests\e2e\FluxoCaixa.E2ETests\bin\Debug\net9.0\FluxoCaixa.E2ETests.dll" adapterTypeName="executor://xunit/VsTestRunner2/netcoreapp" className="FluxoCaixa.E2ETests.HappyPathE2ETests" name="Lancamento_Credito_Deve_Refletir_No_Saldo_Consolidado" />
    </UnitTest>
    <UnitTest name="FluxoCaixa.E2ETests.HappyPathE2ETests.Requisicao_Sem_Autenticacao_Deve_Retornar_401" storage="d:\1.derx_tech\desafioverx\verx-challenge\tests\e2e\fluxocaixa.e2etests\bin\debug\net9.0\fluxocaixa.e2etests.dll" id="cef6c5a8-5f3f-913f-9ede-270a00f4769f">
      <Execution id="3504ddbd-9c49-412d-bdd6-d292d723e0d7" />
      <TestMethod codeBase="D:\1.DERX_TECH\DesafioVerx\verx-challenge\tests\e2e\FluxoCaixa.E2ETests\bin\Debug\net9.0\FluxoCaixa.E2ETests.dll" adapterTypeName="executor://xunit/VsTestRunner2/netcoreapp" className="FluxoCaixa.E2ETests.HappyPathE2ETests" name="Requisicao_Sem_Autenticacao_Deve_Retornar_401" />
    </UnitTest>
    <UnitTest name="FluxoCaixa.E2ETests.HappyPathE2ETests.Multiplos_Lancamentos_Devem_Acumular_Saldo_Corretamente" storage="d:\1.derx_tech\desafioverx\verx-challenge\tests\e2e\fluxocaixa.e2etests\bin\debug\net9.0\fluxocaixa.e2etests.dll" id="faf75813-e17f-e60f-c222-f8145bef8d48">
      <Execution id="3225d044-dbef-4ce8-96d6-f5dac9daf21c" />
      <TestMethod codeBase="D:\1.DERX_TECH\DesafioVerx\verx-challenge\tests\e2e\FluxoCaixa.E2ETests\bin\Debug\net9.0\FluxoCaixa.E2ETests.dll" adapterTypeName="executor://xunit/VsTestRunner2/netcoreapp" className="FluxoCaixa.E2ETests.HappyPathE2ETests" name="Multiplos_Lancamentos_Devem_Acumular_Saldo_Corretamente" />
    </UnitTest>
  </TestDefinitions>
  <TestEntries>
    <TestEntry testId="cef6c5a8-5f3f-913f-9ede-270a00f4769f" executionId="3504ddbd-9c49-412d-bdd6-d292d723e0d7" testListId="8c84fa94-04c1-424b-9868-57a2d4851a1d" />
    <TestEntry testId="a616e5e6-2ab6-8539-d767-ca857f3a8ede" executionId="2b0e5187-4e86-4118-a047-603040193dc9" testListId="8c84fa94-04c1-424b-9868-57a2d4851a1d" />
    <TestEntry testId="faf75813-e17f-e60f-c222-f8145bef8d48" executionId="3225d044-dbef-4ce8-96d6-f5dac9daf21c" testListId="8c84fa94-04c1-424b-9868-57a2d4851a1d" />
  </TestEntries>
  <TestLists>
    <TestList name="Results Not in a List" id="8c84fa94-04c1-424b-9868-57a2d4851a1d" />
    <TestList name="All Loaded Results" id="19431567-8539-422a-85d7-44ee4e166bda" />
  </TestLists>
  <ResultSummary outcome="Failed">
    <Counters total="3" executed="3" passed="2" failed="1" error="0" timeout="0" aborted="0" inconclusive="0" passedButRunAborted="0" notRunnable="0" notExecuted="0" disconnected="0" warning="0" completed="0" inProgress="0" pending="0" />
    <Output>
      <StdOut>[xUnit.net 00:00:00.00] xUnit.net VSTest Adapter v2.8.2+699d445a1a (64-bit .NET 9.0.10)&#xD;
[xUnit.net 00:00:00.07]   Discovering: FluxoCaixa.E2ETests&#xD;
[xUnit.net 00:00:00.10]   Discovered:  FluxoCaixa.E2ETests&#xD;
[xUnit.net 00:00:00.10]   Starting:    FluxoCaixa.E2ETests&#xD;
[testcontainers.org 00:00:00.11] Connected to Docker:&#xD;
  Host: npipe://./pipe/docker_engine&#xD;
  Server Version: 28.5.1&#xD;
  Kernel Version: 6.6.87.1-microsoft-standard-WSL2&#xD;
  API Version: 1.51&#xD;
  Operating System: Docker Desktop&#xD;
  Total Memory: 13.61 GB&#xD;
  Labels: &#xD;
    com.docker.desktop.address=npipe://\\.\pipe\docker_cli&#xD;
[testcontainers.org 00:00:00.42] Docker container a5409ccf3d1a created&#xD;
[testcontainers.org 00:00:00.53] Start Docker container a5409ccf3d1a&#xD;
[testcontainers.org 00:00:00.88] Wait for Docker container a5409ccf3d1a to complete readiness checks&#xD;
[testcontainers.org 00:00:01.94] Docker container a5409ccf3d1a ready&#xD;
[testcontainers.org 00:00:02.17] Docker container bae3ce0e67bc created&#xD;
[testcontainers.org 00:00:02.17] Docker container 2a74c51c7a81 created&#xD;
[testcontainers.org 00:00:02.19] Start Docker container 2a74c51c7a81&#xD;
[testcontainers.org 00:00:02.20] Start Docker container bae3ce0e67bc&#xD;
[testcontainers.org 00:00:02.59] Wait for Docker container bae3ce0e67bc to complete readiness checks&#xD;
[testcontainers.org 00:00:02.61] Execute "pg_isready --host localhost --dbname fluxocaixa_e2e --username e2e_user" at Docker container bae3ce0e67bc&#xD;
[testcontainers.org 00:00:02.67] Wait for Docker container 2a74c51c7a81 to complete readiness checks&#xD;
[testcontainers.org 00:00:03.80] Execute "pg_isready --host localhost --dbname fluxocaixa_e2e --username e2e_user" at Docker container bae3ce0e67bc&#xD;
[testcontainers.org 00:00:04.94] Execute "pg_isready --host localhost --dbname fluxocaixa_e2e --username e2e_user" at Docker container bae3ce0e67bc&#xD;
[testcontainers.org 00:00:05.07] Docker container bae3ce0e67bc ready&#xD;
[testcontainers.org 00:00:13.93] Docker container 2a74c51c7a81 ready&#xD;
info: Microsoft.EntityFrameworkCore.Database.Command[20101]&#xD;
      Executed DbCommand (78ms) [Parameters=[], CommandType='Text', CommandTimeout='30']&#xD;
      CREATE DATABASE consolidado_e2e;&#xD;
info: Microsoft.EntityFrameworkCore.Database.Command[20101]&#xD;
      Executed DbCommand (3ms) [Parameters=[], CommandType='Text', CommandTimeout='30']&#xD;
      CREATE TABLE "EventosProcessados" (&#xD;
          "EventoId" uuid NOT NULL,&#xD;
          "DataProcessamento" timestamp with time zone NOT NULL,&#xD;
          CONSTRAINT "PK_EventosProcessados" PRIMARY KEY ("EventoId")&#xD;
      );&#xD;
info: Microsoft.EntityFrameworkCore.Database.Command[20101]&#xD;
      Executed DbCommand (4ms) [Parameters=[], CommandType='Text', CommandTimeout='30']&#xD;
      CREATE TABLE "SaldosDiarios" (&#xD;
          "DataReferencia" timestamp with time zone NOT NULL,&#xD;
          "ValorTotal" numeric(18,2) NOT NULL,&#xD;
          "UltimaAtualizacao" timestamp with time zone NOT NULL,&#xD;
          CONSTRAINT "PK_SaldosDiarios" PRIMARY KEY ("DataReferencia")&#xD;
      );&#xD;
info: Microsoft.EntityFrameworkCore.Database.Command[20101]&#xD;
      Executed DbCommand (24ms) [Parameters=[], CommandType='Text', CommandTimeout='30']&#xD;
      SELECT CASE WHEN COUNT(*) = 0 THEN FALSE ELSE TRUE END&#xD;
FROM pg_class AS cls&#xD;
JOIN pg_namespace AS ns ON ns.oid = cls.relnamespace&#xD;
WHERE&#xD;
        cls.relkind IN ('r', 'v', 'm', 'f', 'p') AND&#xD;
        ns.nspname NOT IN ('pg_catalog', 'information_schema') AND&#xD;
        -- Exclude tables which are members of PG extensions&#xD;
        NOT EXISTS (&#xD;
            SELECT 1 FROM pg_depend WHERE&#xD;
                classid=(&#xD;
                    SELECT cls.oid&#xD;
                    FROM pg_class AS cls&#xD;
                             JOIN pg_namespace AS ns ON ns.oid = cls.relnamespace&#xD;
                    WHERE relname='pg_class' AND ns.nspname='pg_catalog'&#xD;
                ) AND&#xD;
                objid=cls.oid AND&#xD;
                deptype IN ('e', 'x')&#xD;
        )&#xD;
info: Microsoft.EntityFrameworkCore.Database.Command[20101]&#xD;
      Executed DbCommand (83ms) [Parameters=[], CommandType='Text', CommandTimeout='30']&#xD;
      CREATE DATABASE lancamentos_e2e;&#xD;
info: Microsoft.EntityFrameworkCore.Database.Command[20101]&#xD;
      Executed DbCommand (3ms) [Parameters=[], CommandType='Text', CommandTimeout='30']&#xD;
      CREATE TABLE "Lancamentos" (&#xD;
          "Id" uuid NOT NULL,&#xD;
          "DataHora" timestamp with time zone NOT NULL,&#xD;
          "Tipo" text NOT NULL,&#xD;
          "Valor" numeric(18,2) NOT NULL,&#xD;
          "Descricao" character varying(250) NOT NULL,&#xD;
          CONSTRAINT "PK_Lancamentos" PRIMARY KEY ("Id")&#xD;
      );&#xD;
info: Microsoft.EntityFrameworkCore.Database.Command[20101]&#xD;
      Executed DbCommand (3ms) [Parameters=[], CommandType='Text', CommandTimeout='30']&#xD;
      SELECT CASE WHEN COUNT(*) = 0 THEN FALSE ELSE TRUE END&#xD;
FROM pg_class AS cls&#xD;
JOIN pg_namespace AS ns ON ns.oid = cls.relnamespace&#xD;
WHERE&#xD;
        cls.relkind IN ('r', 'v', 'm', 'f', 'p') AND&#xD;
        ns.nspname NOT IN ('pg_catalog', 'information_schema') AND&#xD;
        -- Exclude tables which are members of PG extensions&#xD;
        NOT EXISTS (&#xD;
            SELECT 1 FROM pg_depend WHERE&#xD;
                classid=(&#xD;
                    SELECT cls.oid&#xD;
                    FROM pg_class AS cls&#xD;
                             JOIN pg_namespace AS ns ON ns.oid = cls.relnamespace&#xD;
                    WHERE relname='pg_class' AND ns.nspname='pg_catalog'&#xD;
                ) AND&#xD;
                objid=cls.oid AND&#xD;
                deptype IN ('e', 'x')&#xD;
        )&#xD;
info: MassTransit[0]&#xD;
      Configured endpoint fluxo-caixa-consolidado, Consumer: Consolidado.Worker.Consumers.LancamentoCriadoConsumer&#xD;
info: MassTransit[0]&#xD;
      Bus started: rabbitmq://127.0.0.1:61878/&#xD;
info: Microsoft.Hosting.Lifetime[0]&#xD;
      Application started. Press Ctrl+C to shut down.&#xD;
info: Microsoft.Hosting.Lifetime[0]&#xD;
      Hosting environment: Production&#xD;
info: Microsoft.Hosting.Lifetime[0]&#xD;
      Content root path: D:\1.DERX_TECH\DesafioVerx\verx-challenge\tests\e2e\FluxoCaixa.E2ETests\bin\Debug\net9.0&#xD;
info: MassTransit[0]&#xD;
      Bus started: rabbitmq://127.0.0.1:61878/&#xD;
info: Microsoft.EntityFrameworkCore.Database.Command[20101]&#xD;
      Executed DbCommand (14ms) [Parameters=[@p0='?' (DbType = Guid), @p1='?' (DbType = DateTime), @p2='?', @p3='?', @p4='?' (DbType = Decimal)], CommandType='Text', CommandTimeout='30']&#xD;
      INSERT INTO "Lancamentos" ("Id", "DataHora", "Descricao", "Tipo", "Valor")&#xD;
      VALUES (@p0, @p1, @p2, @p3, @p4);&#xD;
info: Consolidado.Worker.Consumers.LancamentoCriadoConsumer[0]&#xD;
      Recebendo evento de lanA\u0015amento: 1f51420b-88ec-4b69-aa15-a462826f2302&#xD;
info: Microsoft.EntityFrameworkCore.Database.Command[20101]&#xD;
      Executed DbCommand (2ms) [Parameters=[@p0='?' (DbType = Guid), @p1='?' (DbType = DateTime), @p2='?', @p3='?', @p4='?' (DbType = Decimal)], CommandType='Text', CommandTimeout='30']&#xD;
      INSERT INTO "Lancamentos" ("Id", "DataHora", "Descricao", "Tipo", "Valor")&#xD;
      VALUES (@p0, @p1, @p2, @p3, @p4);&#xD;
info: Consolidado.Worker.Consumers.LancamentoCriadoConsumer[0]&#xD;
      Recebendo evento de lanA\u0015amento: 0f9942db-43a2-4287-bb2e-fea5f017e82e&#xD;
info: Microsoft.EntityFrameworkCore.Database.Command[20101]&#xD;
      Executed DbCommand (1ms) [Parameters=[@p0='?' (DbType = Guid), @p1='?' (DbType = DateTime), @p2='?', @p3='?', @p4='?' (DbType = Decimal)], CommandType='Text', CommandTimeout='30']&#xD;
      INSERT INTO "Lancamentos" ("Id", "DataHora", "Descricao", "Tipo", "Valor")&#xD;
      VALUES (@p0, @p1, @p2, @p3, @p4);&#xD;
info: Consolidado.Worker.Consumers.LancamentoCriadoConsumer[0]&#xD;
      Recebendo evento de lanA\u0015amento: 1854ab2e-f707-468f-b4b4-c3602494d914&#xD;
info: Microsoft.EntityFrameworkCore.Database.Command[20101]&#xD;
      Executed DbCommand (2ms) [Parameters=[@__evento_Id_0='?' (DbType = Guid)], CommandType='Text', CommandTimeout='30']&#xD;
      SELECT EXISTS (&#xD;
          SELECT 1&#xD;
          FROM "EventosProcessados" AS e&#xD;
          WHERE e."EventoId" = @__evento_Id_0)&#xD;
info: Microsoft.EntityFrameworkCore.Database.Command[20101]&#xD;
      Executed DbCommand (2ms) [Parameters=[@__evento_Id_0='?' (DbType = Guid)], CommandType='Text', CommandTimeout='30']&#xD;
      SELECT EXISTS (&#xD;
          SELECT 1&#xD;
          FROM "EventosProcessados" AS e&#xD;
          WHERE e."EventoId" = @__evento_Id_0)&#xD;
info: Microsoft.EntityFrameworkCore.Database.Command[20101]&#xD;
      Executed DbCommand (1ms) [Parameters=[@__evento_Id_0='?' (DbType = Guid)], CommandType='Text', CommandTimeout='30']&#xD;
      SELECT EXISTS (&#xD;
          SELECT 1&#xD;
          FROM "EventosProcessados" AS e&#xD;
          WHERE e."EventoId" = @__evento_Id_0)&#xD;
info: Microsoft.EntityFrameworkCore.Database.Command[20101]&#xD;
      Executed DbCommand (2ms) [Parameters=[@__dataReferencia_0='?' (DbType = DateTime)], CommandType='Text', CommandTimeout='30']&#xD;
      SELECT s."DataReferencia", s."UltimaAtualizacao", s."ValorTotal"&#xD;
      FROM "SaldosDiarios" AS s&#xD;
      WHERE s."DataReferencia" = @__dataReferencia_0&#xD;
      LIMIT 1&#xD;
info: Microsoft.EntityFrameworkCore.Database.Command[20101]&#xD;
      Executed DbCommand (2ms) [Parameters=[@__dataReferencia_0='?' (DbType = DateTime)], CommandType='Text', CommandTimeout='30']&#xD;
      SELECT s."DataReferencia", s."UltimaAtualizacao", s."ValorTotal"&#xD;
      FROM "SaldosDiarios" AS s&#xD;
      WHERE s."DataReferencia" = @__dataReferencia_0&#xD;
      LIMIT 1&#xD;
info: Microsoft.EntityFrameworkCore.Database.Command[20101]&#xD;
      Executed DbCommand (2ms) [Parameters=[@__dataReferencia_0='?' (DbType = DateTime)], CommandType='Text', CommandTimeout='30']&#xD;
      SELECT s."DataReferencia", s."UltimaAtualizacao", s."ValorTotal"&#xD;
      FROM "SaldosDiarios" AS s&#xD;
      WHERE s."DataReferencia" = @__dataReferencia_0&#xD;
      LIMIT 1&#xD;
info: Microsoft.EntityFrameworkCore.Database.Command[20101]&#xD;
      Executed DbCommand (3ms) [Parameters=[@p0='?' (DbType = Guid), @p1='?' (DbType = DateTime), @p2='?' (DbType = DateTime), @p3='?' (DbType = DateTime), @p4='?' (DbType = Decimal)], CommandType='Text', CommandTimeout='30']&#xD;
      INSERT INTO "EventosProcessados" ("EventoId", "DataProcessamento")&#xD;
      VALUES (@p0, @p1);&#xD;
      INSERT INTO "SaldosDiarios" ("DataReferencia", "UltimaAtualizacao", "ValorTotal")&#xD;
      VALUES (@p2, @p3, @p4);&#xD;
fail: Microsoft.EntityFrameworkCore.Database.Command[20102]&#xD;
      Failed executing DbCommand (6ms) [Parameters=[@p0='?' (DbType = Guid), @p1='?' (DbType = DateTime), @p2='?' (DbType = DateTime), @p3='?' (DbType = DateTime), @p4='?' (DbType = Decimal)], CommandType='Text', CommandTimeout='30']&#xD;
      INSERT INTO "EventosProcessados" ("EventoId", "DataProcessamento")&#xD;
      VALUES (@p0, @p1);&#xD;
      INSERT INTO "SaldosDiarios" ("DataReferencia", "UltimaAtualizacao", "ValorTotal")&#xD;
      VALUES (@p2, @p3, @p4);&#xD;
fail: Microsoft.EntityFrameworkCore.Database.Command[20102]&#xD;
      Failed executing DbCommand (6ms) [Parameters=[@p0='?' (DbType = Guid), @p1='?' (DbType = DateTime), @p2='?' (DbType = DateTime), @p3='?' (DbType = DateTime), @p4='?' (DbType = Decimal)], CommandType='Text', CommandTimeout='30']&#xD;
      INSERT INTO "EventosProcessados" ("EventoId", "DataProcessamento")&#xD;
      VALUES (@p0, @p1);&#xD;
      INSERT INTO "SaldosDiarios" ("DataReferencia", "UltimaAtualizacao", "ValorTotal")&#xD;
      VALUES (@p2, @p3, @p4);&#xD;
info: Consolidado.Worker.Consumers.LancamentoCriadoConsumer[0]&#xD;
      Saldo consolidado com sucesso para o evento 1f51420b-88ec-4b69-aa15-a462826f2302.&#xD;
fail: Microsoft.EntityFrameworkCore.Update[10000]&#xD;
      An exception occurred in the database while saving changes for context type 'Consolidado.Worker.Data.ConsolidadoDbContext'.&#xD;
      Microsoft.EntityFrameworkCore.DbUpdateException: An error occurred while saving the entity changes. See the inner exception for details.&#xD;
       ---&gt; Npgsql.PostgresException (0x80004005): 23505: duplicate key value violates unique constraint "PK_SaldosDiarios"&#xD;
      DETAIL: Detail redacted as it may contain sensitive data. Specify 'Include Error Detail' in the connection string to include this information.&#xD;
         at Npgsql.Internal.NpgsqlConnector.ReadMessageLong(Boolean async, DataRowLoadingMode dataRowLoadingMode, Boolean readingNotifications, Boolean isReadingPrependedMessage)&#xD;
         at System.Runtime.CompilerServices.PoolingAsyncValueTaskMethodBuilder`1.StateMachineBox`1.System.Threading.Tasks.Sources.IValueTaskSource&lt;TResult&gt;.GetResult(Int16 token)&#xD;
         at Npgsql.NpgsqlDataReader.NextResult(Boolean async, Boolean isConsuming, CancellationToken cancellationToken)&#xD;
         at Npgsql.NpgsqlDataReader.NextResult(Boolean async, Boolean isConsuming, CancellationToken cancellationToken)&#xD;
         at Npgsql.NpgsqlCommand.ExecuteReader(Boolean async, CommandBehavior behavior, CancellationToken cancellationToken)&#xD;
         at Npgsql.NpgsqlCommand.ExecuteReader(Boolean async, CommandBehavior behavior, CancellationToken cancellationToken)&#xD;
         at Npgsql.NpgsqlCommand.ExecuteDbDataReaderAsync(CommandBehavior behavior, CancellationToken cancellationToken)&#xD;
         at Microsoft.EntityFrameworkCore.Storage.RelationalCommand.ExecuteReaderAsync(RelationalCommandParameterObject parameterObject, CancellationToken cancellationToken)&#xD;
         at Microsoft.EntityFrameworkCore.Storage.RelationalCommand.ExecuteReaderAsync(RelationalCommandParameterObject parameterObject, CancellationToken cancellationToken)&#xD;
         at Microsoft.EntityFrameworkCore.Update.ReaderModificationCommandBatch.ExecuteAsync(IRelationalConnection connection, CancellationToken cancellationToken)&#xD;
        Exception data:&#xD;
          Severity: ERROR&#xD;
          SqlState: 23505&#xD;
          MessageText: duplicate key value violates unique constraint "PK_SaldosDiarios"&#xD;
          Detail: Detail redacted as it may contain sensitive data. Specify 'Include Error Detail' in the connection string to include this information.&#xD;
          SchemaName: public&#xD;
          TableName: SaldosDiarios&#xD;
          ConstraintName: PK_SaldosDiarios&#xD;
          File: nbtinsert.c&#xD;
          Line: 664&#xD;
          Routine: _bt_check_unique&#xD;
         --- End of inner exception stack trace ---&#xD;
         at Microsoft.EntityFrameworkCore.Update.ReaderModificationCommandBatch.ExecuteAsync(IRelationalConnection connection, CancellationToken cancellationToken)&#xD;
         at Microsoft.EntityFrameworkCore.Update.Internal.BatchExecutor.ExecuteAsync(IEnumerable`1 commandBatches, IRelationalConnection connection, CancellationToken cancellationToken)&#xD;
         at Microsoft.EntityFrameworkCore.Update.Internal.BatchExecutor.ExecuteAsync(IEnumerable`1 commandBatches, IRelationalConnection connection, CancellationToken cancellationToken)&#xD;
         at Microsoft.EntityFrameworkCore.Update.Internal.BatchExecutor.ExecuteAsync(IEnumerable`1 commandBatches, IRelationalConnection connection, CancellationToken cancellationToken)&#xD;
         at Microsoft.EntityFrameworkCore.Storage.RelationalDatabase.SaveChangesAsync(IList`1 entries, CancellationToken cancellationToken)&#xD;
         at Microsoft.EntityFrameworkCore.ChangeTracking.Internal.StateManager.SaveChangesAsync(IList`1 entriesToSave, CancellationToken cancellationToken)&#xD;
         at Microsoft.EntityFrameworkCore.ChangeTracking.Internal.StateManager.SaveChangesAsync(StateManager stateManager, Boolean acceptAllChangesOnSuccess, CancellationToken cancellationToken)&#xD;
         at Npgsql.EntityFrameworkCore.PostgreSQL.Storage.Internal.NpgsqlExecutionStrategy.ExecuteAsync[TState,TResult](TState state, Func`4 operation, Func`4 verifySucceeded, CancellationToken cancellationToken)&#xD;
         at Microsoft.EntityFrameworkCore.DbContext.SaveChangesAsync(Boolean acceptAllChangesOnSuccess, CancellationToken cancellationToken)&#xD;
      Microsoft.EntityFrameworkCore.DbUpdateException: An error occurred while saving the entity changes. See the inner exception for details.&#xD;
       ---&gt; Npgsql.PostgresException (0x80004005): 23505: duplicate key value violates unique constraint "PK_SaldosDiarios"&#xD;
      DETAIL: Detail redacted as it may contain sensitive data. Specify 'Include Error Detail' in the connection string to include this information.&#xD;
         at Npgsql.Internal.NpgsqlConnector.ReadMessageLong(Boolean async, DataRowLoadingMode dataRowLoadingMode, Boolean readingNotifications, Boolean isReadingPrependedMessage)&#xD;
         at System.Runtime.CompilerServices.PoolingAsyncValueTaskMethodBuilder`1.StateMachineBox`1.System.Threading.Tasks.Sources.IValueTaskSource&lt;TResult&gt;.GetResult(Int16 token)&#xD;
         at Npgsql.NpgsqlDataReader.NextResult(Boolean async, Boolean isConsuming, CancellationToken cancellationToken)&#xD;
         at Npgsql.NpgsqlDataReader.NextResult(Boolean async, Boolean isConsuming, CancellationToken cancellationToken)&#xD;
         at Npgsql.NpgsqlCommand.ExecuteReader(Boolean async, CommandBehavior behavior, CancellationToken cancellationToken)&#xD;
         at Npgsql.NpgsqlCommand.ExecuteReader(Boolean async, CommandBehavior behavior, CancellationToken cancellationToken)&#xD;
         at Npgsql.NpgsqlCommand.ExecuteDbDataReaderAsync(CommandBehavior behavior, CancellationToken cancellationToken)&#xD;
         at Microsoft.EntityFrameworkCore.Storage.RelationalCommand.ExecuteReaderAsync(RelationalCommandParameterObject parameterObject, CancellationToken cancellationToken)&#xD;
         at Microsoft.EntityFrameworkCore.Storage.RelationalCommand.ExecuteReaderAsync(RelationalCommandParameterObject parameterObject, CancellationToken cancellationToken)&#xD;
         at Microsoft.EntityFrameworkCore.Update.ReaderModificationCommandBatch.ExecuteAsync(IRelationalConnection connection, CancellationToken cancellationToken)&#xD;
        Exception data:&#xD;
          Severity: ERROR&#xD;
          SqlState: 23505&#xD;
          MessageText: duplicate key value violates unique constraint "PK_SaldosDiarios"&#xD;
          Detail: Detail redacted as it may contain sensitive data. Specify 'Include Error Detail' in the connection string to include this information.&#xD;
          SchemaName: public&#xD;
          TableName: SaldosDiarios&#xD;
          ConstraintName: PK_SaldosDiarios&#xD;
          File: nbtinsert.c&#xD;
          Line: 664&#xD;
          Routine: _bt_check_unique&#xD;
         --- End of inner exception stack trace ---&#xD;
         at Microsoft.EntityFrameworkCore.Update.ReaderModificationCommandBatch.ExecuteAsync(IRelationalConnection connection, CancellationToken cancellationToken)&#xD;
         at Microsoft.EntityFrameworkCore.Update.Internal.BatchExecutor.ExecuteAsync(IEnumerable`1 commandBatches, IRelationalConnection connection, CancellationToken cancellationToken)&#xD;
         at Microsoft.EntityFrameworkCore.Update.Internal.BatchExecutor.ExecuteAsync(IEnumerable`1 commandBatches, IRelationalConnection connection, CancellationToken cancellationToken)&#xD;
         at Microsoft.EntityFrameworkCore.Update.Internal.BatchExecutor.ExecuteAsync(IEnumerable`1 commandBatches, IRelationalConnection connection, CancellationToken cancellationToken)&#xD;
         at Microsoft.EntityFrameworkCore.Storage.RelationalDatabase.SaveChangesAsync(IList`1 entries, CancellationToken cancellationToken)&#xD;
         at Microsoft.EntityFrameworkCore.ChangeTracking.Internal.StateManager.SaveChangesAsync(IList`1 entriesToSave, CancellationToken cancellationToken)&#xD;
         at Microsoft.EntityFrameworkCore.ChangeTracking.Internal.StateManager.SaveChangesAsync(StateManager stateManager, Boolean acceptAllChangesOnSuccess, CancellationToken cancellationToken)&#xD;
         at Npgsql.EntityFrameworkCore.PostgreSQL.Storage.Internal.NpgsqlExecutionStrategy.ExecuteAsync[TState,TResult](TState state, Func`4 operation, Func`4 verifySucceeded, CancellationToken cancellationToken)&#xD;
         at Microsoft.EntityFrameworkCore.DbContext.SaveChangesAsync(Boolean acceptAllChangesOnSuccess, CancellationToken cancellationToken)&#xD;
fail: Microsoft.EntityFrameworkCore.Update[10000]&#xD;
      An exception occurred in the database while saving changes for context type 'Consolidado.Worker.Data.ConsolidadoDbContext'.&#xD;
      Microsoft.EntityFrameworkCore.DbUpdateException: An error occurred while saving the entity changes. See the inner exception for details.&#xD;
       ---&gt; Npgsql.PostgresException (0x80004005): 23505: duplicate key value violates unique constraint "PK_SaldosDiarios"&#xD;
      DETAIL: Detail redacted as it may contain sensitive data. Specify 'Include Error Detail' in the connection string to include this information.&#xD;
         at Npgsql.Internal.NpgsqlConnector.ReadMessageLong(Boolean async, DataRowLoadingMode dataRowLoadingMode, Boolean readingNotifications, Boolean isReadingPrependedMessage)&#xD;
         at System.Runtime.CompilerServices.PoolingAsyncValueTaskMethodBuilder`1.StateMachineBox`1.System.Threading.Tasks.Sources.IValueTaskSource&lt;TResult&gt;.GetResult(Int16 token)&#xD;
         at Npgsql.NpgsqlDataReader.NextResult(Boolean async, Boolean isConsuming, CancellationToken cancellationToken)&#xD;
         at Npgsql.NpgsqlDataReader.NextResult(Boolean async, Boolean isConsuming, CancellationToken cancellationToken)&#xD;
         at Npgsql.NpgsqlCommand.ExecuteReader(Boolean async, CommandBehavior behavior, CancellationToken cancellationToken)&#xD;
         at Npgsql.NpgsqlCommand.ExecuteReader(Boolean async, CommandBehavior behavior, CancellationToken cancellationToken)&#xD;
         at Npgsql.NpgsqlCommand.ExecuteDbDataReaderAsync(CommandBehavior behavior, CancellationToken cancellationToken)&#xD;
         at Microsoft.EntityFrameworkCore.Storage.RelationalCommand.ExecuteReaderAsync(RelationalCommandParameterObject parameterObject, CancellationToken cancellationToken)&#xD;
         at Microsoft.EntityFrameworkCore.Storage.RelationalCommand.ExecuteReaderAsync(RelationalCommandParameterObject parameterObject, CancellationToken cancellationToken)&#xD;
         at Microsoft.EntityFrameworkCore.Update.ReaderModificationCommandBatch.ExecuteAsync(IRelationalConnection connection, CancellationToken cancellationToken)&#xD;
        Exception data:&#xD;
          Severity: ERROR&#xD;
          SqlState: 23505&#xD;
          MessageText: duplicate key value violates unique constraint "PK_SaldosDiarios"&#xD;
          Detail: Detail redacted as it may contain sensitive data. Specify 'Include Error Detail' in the connection string to include this information.&#xD;
          SchemaName: public&#xD;
          TableName: SaldosDiarios&#xD;
          ConstraintName: PK_SaldosDiarios&#xD;
          File: nbtinsert.c&#xD;
          Line: 664&#xD;
          Routine: _bt_check_unique&#xD;
         --- End of inner exception stack trace ---&#xD;
         at Microsoft.EntityFrameworkCore.Update.ReaderModificationCommandBatch.ExecuteAsync(IRelationalConnection connection, CancellationToken cancellationToken)&#xD;
         at Microsoft.EntityFrameworkCore.Update.Internal.BatchExecutor.ExecuteAsync(IEnumerable`1 commandBatches, IRelationalConnection connection, CancellationToken cancellationToken)&#xD;
         at Microsoft.EntityFrameworkCore.Update.Internal.BatchExecutor.ExecuteAsync(IEnumerable`1 commandBatches, IRelationalConnection connection, CancellationToken cancellationToken)&#xD;
         at Microsoft.EntityFrameworkCore.Update.Internal.BatchExecutor.ExecuteAsync(IEnumerable`1 commandBatches, IRelationalConnection connection, CancellationToken cancellationToken)&#xD;
         at Microsoft.EntityFrameworkCore.Storage.RelationalDatabase.SaveChangesAsync(IList`1 entries, CancellationToken cancellationToken)&#xD;
         at Microsoft.EntityFrameworkCore.ChangeTracking.Internal.StateManager.SaveChangesAsync(IList`1 entriesToSave, CancellationToken cancellationToken)&#xD;
         at Microsoft.EntityFrameworkCore.ChangeTracking.Internal.StateManager.SaveChangesAsync(StateManager stateManager, Boolean acceptAllChangesOnSuccess, CancellationToken cancellationToken)&#xD;
         at Npgsql.EntityFrameworkCore.PostgreSQL.Storage.Internal.NpgsqlExecutionStrategy.ExecuteAsync[TState,TResult](TState state, Func`4 operation, Func`4 verifySucceeded, CancellationToken cancellationToken)&#xD;
         at Microsoft.EntityFrameworkCore.DbContext.SaveChangesAsync(Boolean acceptAllChangesOnSuccess, CancellationToken cancellationToken)&#xD;
      Microsoft.EntityFrameworkCore.DbUpdateException: An error occurred while saving the entity changes. See the inner exception for details.&#xD;
       ---&gt; Npgsql.PostgresException (0x80004005): 23505: duplicate key value violates unique constraint "PK_SaldosDiarios"&#xD;
      DETAIL: Detail redacted as it may contain sensitive data. Specify 'Include Error Detail' in the connection string to include this information.&#xD;
         at Npgsql.Internal.NpgsqlConnector.ReadMessageLong(Boolean async, DataRowLoadingMode dataRowLoadingMode, Boolean readingNotifications, Boolean isReadingPrependedMessage)&#xD;
         at System.Runtime.CompilerServices.PoolingAsyncValueTaskMethodBuilder`1.StateMachineBox`1.System.Threading.Tasks.Sources.IValueTaskSource&lt;TResult&gt;.GetResult(Int16 token)&#xD;
         at Npgsql.NpgsqlDataReader.NextResult(Boolean async, Boolean isConsuming, CancellationToken cancellationToken)&#xD;
         at Npgsql.NpgsqlDataReader.NextResult(Boolean async, Boolean isConsuming, CancellationToken cancellationToken)&#xD;
         at Npgsql.NpgsqlCommand.ExecuteReader(Boolean async, CommandBehavior behavior, CancellationToken cancellationToken)&#xD;
         at Npgsql.NpgsqlCommand.ExecuteReader(Boolean async, CommandBehavior behavior, CancellationToken cancellationToken)&#xD;
         at Npgsql.NpgsqlCommand.ExecuteDbDataReaderAsync(CommandBehavior behavior, CancellationToken cancellationToken)&#xD;
         at Microsoft.EntityFrameworkCore.Storage.RelationalCommand.ExecuteReaderAsync(RelationalCommandParameterObject parameterObject, CancellationToken cancellationToken)&#xD;
         at Microsoft.EntityFrameworkCore.Storage.RelationalCommand.ExecuteReaderAsync(RelationalCommandParameterObject parameterObject, CancellationToken cancellationToken)&#xD;
         at Microsoft.EntityFrameworkCore.Update.ReaderModificationCommandBatch.ExecuteAsync(IRelationalConnection connection, CancellationToken cancellationToken)&#xD;
        Exception data:&#xD;
          Severity: ERROR&#xD;
          SqlState: 23505&#xD;
          MessageText: duplicate key value violates unique constraint "PK_SaldosDiarios"&#xD;
          Detail: Detail redacted as it may contain sensitive data. Specify 'Include Error Detail' in the connection string to include this information.&#xD;
          SchemaName: public&#xD;
          TableName: SaldosDiarios&#xD;
          ConstraintName: PK_SaldosDiarios&#xD;
          File: nbtinsert.c&#xD;
          Line: 664&#xD;
          Routine: _bt_check_unique&#xD;
         --- End of inner exception stack trace ---&#xD;
         at Microsoft.EntityFrameworkCore.Update.ReaderModificationCommandBatch.ExecuteAsync(IRelationalConnection connection, CancellationToken cancellationToken)&#xD;
         at Microsoft.EntityFrameworkCore.Update.Internal.BatchExecutor.ExecuteAsync(IEnumerable`1 commandBatches, IRelationalConnection connection, CancellationToken cancellationToken)&#xD;
         at Microsoft.EntityFrameworkCore.Update.Internal.BatchExecutor.ExecuteAsync(IEnumerable`1 commandBatches, IRelationalConnection connection, CancellationToken cancellationToken)&#xD;
         at Microsoft.EntityFrameworkCore.Update.Internal.BatchExecutor.ExecuteAsync(IEnumerable`1 commandBatches, IRelationalConnection connection, CancellationToken cancellationToken)&#xD;
         at Microsoft.EntityFrameworkCore.Storage.RelationalDatabase.SaveChangesAsync(IList`1 entries, CancellationToken cancellationToken)&#xD;
         at Microsoft.EntityFrameworkCore.ChangeTracking.Internal.StateManager.SaveChangesAsync(IList`1 entriesToSave, CancellationToken cancellationToken)&#xD;
         at Microsoft.EntityFrameworkCore.ChangeTracking.Internal.StateManager.SaveChangesAsync(StateManager stateManager, Boolean acceptAllChangesOnSuccess, CancellationToken cancellationToken)&#xD;
         at Npgsql.EntityFrameworkCore.PostgreSQL.Storage.Internal.NpgsqlExecutionStrategy.ExecuteAsync[TState,TResult](TState state, Func`4 operation, Func`4 verifySucceeded, CancellationToken cancellationToken)&#xD;
         at Microsoft.EntityFrameworkCore.DbContext.SaveChangesAsync(Boolean acceptAllChangesOnSuccess, CancellationToken cancellationToken)&#xD;
fail: MassTransit.ReceiveTransport[0]&#xD;
      R-FAULT rabbitmq://127.0.0.1:61878/fluxo-caixa-consolidado 18950000-88e3-6f15-4af5-08de938af08f Core.Mensageria.Events.LancamentoCriadoEvent Consolidado.Worker.Consumers.LancamentoCriadoConsumer(00:00:00.2173901)&#xD;
      Microsoft.EntityFrameworkCore.DbUpdateException: An error occurred while saving the entity changes. See the inner exception for details.&#xD;
       ---&gt; Npgsql.PostgresException (0x80004005): 23505: duplicate key value violates unique constraint "PK_SaldosDiarios"&#xD;
      DETAIL: Detail redacted as it may contain sensitive data. Specify 'Include Error Detail' in the connection string to include this information.&#xD;
         at Npgsql.Internal.NpgsqlConnector.ReadMessageLong(Boolean async, DataRowLoadingMode dataRowLoadingMode, Boolean readingNotifications, Boolean isReadingPrependedMessage)&#xD;
         at System.Runtime.CompilerServices.PoolingAsyncValueTaskMethodBuilder`1.StateMachineBox`1.System.Threading.Tasks.Sources.IValueTaskSource&lt;TResult&gt;.GetResult(Int16 token)&#xD;
         at Npgsql.NpgsqlDataReader.NextResult(Boolean async, Boolean isConsuming, CancellationToken cancellationToken)&#xD;
         at Npgsql.NpgsqlDataReader.NextResult(Boolean async, Boolean isConsuming, CancellationToken cancellationToken)&#xD;
         at Npgsql.NpgsqlCommand.ExecuteReader(Boolean async, CommandBehavior behavior, CancellationToken cancellationToken)&#xD;
         at Npgsql.NpgsqlCommand.ExecuteReader(Boolean async, CommandBehavior behavior, CancellationToken cancellationToken)&#xD;
         at Npgsql.NpgsqlCommand.ExecuteDbDataReaderAsync(CommandBehavior behavior, CancellationToken cancellationToken)&#xD;
         at Microsoft.EntityFrameworkCore.Storage.RelationalCommand.ExecuteReaderAsync(RelationalCommandParameterObject parameterObject, CancellationToken cancellationToken)&#xD;
         at Microsoft.EntityFrameworkCore.Storage.RelationalCommand.ExecuteReaderAsync(RelationalCommandParameterObject parameterObject, CancellationToken cancellationToken)&#xD;
         at Microsoft.EntityFrameworkCore.Update.ReaderModificationCommandBatch.ExecuteAsync(IRelationalConnection connection, CancellationToken cancellationToken)&#xD;
        Exception data:&#xD;
          Severity: ERROR&#xD;
          SqlState: 23505&#xD;
          MessageText: duplicate key value violates unique constraint "PK_SaldosDiarios"&#xD;
          Detail: Detail redacted as it may contain sensitive data. Specify 'Include Error Detail' in the connection string to include this information.&#xD;
          SchemaName: public&#xD;
          TableName: SaldosDiarios&#xD;
          ConstraintName: PK_SaldosDiarios&#xD;
          File: nbtinsert.c&#xD;
          Line: 664&#xD;
          Routine: _bt_check_unique&#xD;
         --- End of inner exception stack trace ---&#xD;
         at Microsoft.EntityFrameworkCore.Update.ReaderModificationCommandBatch.ExecuteAsync(IRelationalConnection connection, CancellationToken cancellationToken)&#xD;
         at Microsoft.EntityFrameworkCore.Update.Internal.BatchExecutor.ExecuteAsync(IEnumerable`1 commandBatches, IRelationalConnection connection, CancellationToken cancellationToken)&#xD;
         at Microsoft.EntityFrameworkCore.Update.Internal.BatchExecutor.ExecuteAsync(IEnumerable`1 commandBatches, IRelationalConnection connection, CancellationToken cancellationToken)&#xD;
         at Microsoft.EntityFrameworkCore.Update.Internal.BatchExecutor.ExecuteAsync(IEnumerable`1 commandBatches, IRelationalConnection connection, CancellationToken cancellationToken)&#xD;
         at Microsoft.EntityFrameworkCore.Storage.RelationalDatabase.SaveChangesAsync(IList`1 entries, CancellationToken cancellationToken)&#xD;
         at Microsoft.EntityFrameworkCore.ChangeTracking.Internal.StateManager.SaveChangesAsync(IList`1 entriesToSave, CancellationToken cancellationToken)&#xD;
         at Microsoft.EntityFrameworkCore.ChangeTracking.Internal.StateManager.SaveChangesAsync(StateManager stateManager, Boolean acceptAllChangesOnSuccess, CancellationToken cancellationToken)&#xD;
         at Npgsql.EntityFrameworkCore.PostgreSQL.Storage.Internal.NpgsqlExecutionStrategy.ExecuteAsync[TState,TResult](TState state, Func`4 operation, Func`4 verifySucceeded, CancellationToken cancellationToken)&#xD;
         at Microsoft.EntityFrameworkCore.DbContext.SaveChangesAsync(Boolean acceptAllChangesOnSuccess, CancellationToken cancellationToken)&#xD;
         at Microsoft.EntityFrameworkCore.DbContext.SaveChangesAsync(Boolean acceptAllChangesOnSuccess, CancellationToken cancellationToken)&#xD;
         at Consolidado.Worker.Consumers.LancamentoCriadoConsumer.Consume(ConsumeContext`1 context) in D:\1.DERX_TECH\DesafioVerx\verx-challenge\src\services\Consolidado.Worker\Consumers\LancamentoCriadoConsumer.cs:line 51&#xD;
         at MassTransit.DependencyInjection.ScopeConsumerFactory`1.Send[TMessage](ConsumeContext`1 context, IPipe`1 next) in /_/src/MassTransit/DependencyInjection/DependencyInjection/ScopeConsumerFactory.cs:line 22&#xD;
         at MassTransit.DependencyInjection.ScopeConsumerFactory`1.Send[TMessage](ConsumeContext`1 context, IPipe`1 next) in /_/src/MassTransit/DependencyInjection/DependencyInjection/ScopeConsumerFactory.cs:line 22&#xD;
         at MassTransit.Middleware.ConsumerMessageFilter`2.MassTransit.IFilter&lt;MassTransit.ConsumeContext&lt;TMessage&gt;&gt;.Send(ConsumeContext`1 context, IPipe`1 next) in /_/src/MassTransit/Middleware/ConsumerMessageFilter.cs:line 48&#xD;
fail: MassTransit.ReceiveTransport[0]&#xD;
      R-FAULT rabbitmq://127.0.0.1:61878/fluxo-caixa-consolidado 18950000-88e3-6f15-3260-08de938af091 Core.Mensageria.Events.LancamentoCriadoEvent Consolidado.Worker.Consumers.LancamentoCriadoConsumer(00:00:00.2064749)&#xD;
      Microsoft.EntityFrameworkCore.DbUpdateException: An error occurred while saving the entity changes. See the inner exception for details.&#xD;
       ---&gt; Npgsql.PostgresException (0x80004005): 23505: duplicate key value violates unique constraint "PK_SaldosDiarios"&#xD;
      DETAIL: Detail redacted as it may contain sensitive data. Specify 'Include Error Detail' in the connection string to include this information.&#xD;
         at Npgsql.Internal.NpgsqlConnector.ReadMessageLong(Boolean async, DataRowLoadingMode dataRowLoadingMode, Boolean readingNotifications, Boolean isReadingPrependedMessage)&#xD;
         at System.Runtime.CompilerServices.PoolingAsyncValueTaskMethodBuilder`1.StateMachineBox`1.System.Threading.Tasks.Sources.IValueTaskSource&lt;TResult&gt;.GetResult(Int16 token)&#xD;
         at Npgsql.NpgsqlDataReader.NextResult(Boolean async, Boolean isConsuming, CancellationToken cancellationToken)&#xD;
         at Npgsql.NpgsqlDataReader.NextResult(Boolean async, Boolean isConsuming, CancellationToken cancellationToken)&#xD;
         at Npgsql.NpgsqlCommand.ExecuteReader(Boolean async, CommandBehavior behavior, CancellationToken cancellationToken)&#xD;
         at Npgsql.NpgsqlCommand.ExecuteReader(Boolean async, CommandBehavior behavior, CancellationToken cancellationToken)&#xD;
         at Npgsql.NpgsqlCommand.ExecuteDbDataReaderAsync(CommandBehavior behavior, CancellationToken cancellationToken)&#xD;
         at Microsoft.EntityFrameworkCore.Storage.RelationalCommand.ExecuteReaderAsync(RelationalCommandParameterObject parameterObject, CancellationToken cancellationToken)&#xD;
         at Microsoft.EntityFrameworkCore.Storage.RelationalCommand.ExecuteReaderAsync(RelationalCommandParameterObject parameterObject, CancellationToken cancellationToken)&#xD;
         at Microsoft.EntityFrameworkCore.Update.ReaderModificationCommandBatch.ExecuteAsync(IRelationalConnection connection, CancellationToken cancellationToken)&#xD;
        Exception data:&#xD;
          Severity: ERROR&#xD;
          SqlState: 23505&#xD;
          MessageText: duplicate key value violates unique constraint "PK_SaldosDiarios"&#xD;
          Detail: Detail redacted as it may contain sensitive data. Specify 'Include Error Detail' in the connection string to include this information.&#xD;
          SchemaName: public&#xD;
          TableName: SaldosDiarios&#xD;
          ConstraintName: PK_SaldosDiarios&#xD;
          File: nbtinsert.c&#xD;
          Line: 664&#xD;
          Routine: _bt_check_unique&#xD;
         --- End of inner exception stack trace ---&#xD;
         at Microsoft.EntityFrameworkCore.Update.ReaderModificationCommandBatch.ExecuteAsync(IRelationalConnection connection, CancellationToken cancellationToken)&#xD;
         at Microsoft.EntityFrameworkCore.Update.Internal.BatchExecutor.ExecuteAsync(IEnumerable`1 commandBatches, IRelationalConnection connection, CancellationToken cancellationToken)&#xD;
         at Microsoft.EntityFrameworkCore.Update.Internal.BatchExecutor.ExecuteAsync(IEnumerable`1 commandBatches, IRelationalConnection connection, CancellationToken cancellationToken)&#xD;
         at Microsoft.EntityFrameworkCore.Update.Internal.BatchExecutor.ExecuteAsync(IEnumerable`1 commandBatches, IRelationalConnection connection, CancellationToken cancellationToken)&#xD;
         at Microsoft.EntityFrameworkCore.Storage.RelationalDatabase.SaveChangesAsync(IList`1 entries, CancellationToken cancellationToken)&#xD;
         at Microsoft.EntityFrameworkCore.ChangeTracking.Internal.StateManager.SaveChangesAsync(IList`1 entriesToSave, CancellationToken cancellationToken)&#xD;
         at Microsoft.EntityFrameworkCore.ChangeTracking.Internal.StateManager.SaveChangesAsync(StateManager stateManager, Boolean acceptAllChangesOnSuccess, CancellationToken cancellationToken)&#xD;
         at Npgsql.EntityFrameworkCore.PostgreSQL.Storage.Internal.NpgsqlExecutionStrategy.ExecuteAsync[TState,TResult](TState state, Func`4 operation, Func`4 verifySucceeded, CancellationToken cancellationToken)&#xD;
         at Microsoft.EntityFrameworkCore.DbContext.SaveChangesAsync(Boolean acceptAllChangesOnSuccess, CancellationToken cancellationToken)&#xD;
         at Microsoft.EntityFrameworkCore.DbContext.SaveChangesAsync(Boolean acceptAllChangesOnSuccess, CancellationToken cancellationToken)&#xD;
         at Consolidado.Worker.Consumers.LancamentoCriadoConsumer.Consume(ConsumeContext`1 context) in D:\1.DERX_TECH\DesafioVerx\verx-challenge\src\services\Consolidado.Worker\Consumers\LancamentoCriadoConsumer.cs:line 51&#xD;
         at MassTransit.DependencyInjection.ScopeConsumerFactory`1.Send[TMessage](ConsumeContext`1 context, IPipe`1 next) in /_/src/MassTransit/DependencyInjection/DependencyInjection/ScopeConsumerFactory.cs:line 22&#xD;
         at MassTransit.DependencyInjection.ScopeConsumerFactory`1.Send[TMessage](ConsumeContext`1 context, IPipe`1 next) in /_/src/MassTransit/DependencyInjection/DependencyInjection/ScopeConsumerFactory.cs:line 22&#xD;
         at MassTransit.Middleware.ConsumerMessageFilter`2.MassTransit.IFilter&lt;MassTransit.ConsumeContext&lt;TMessage&gt;&gt;.Send(ConsumeContext`1 context, IPipe`1 next) in /_/src/MassTransit/Middleware/ConsumerMessageFilter.cs:line 48&#xD;
info: Microsoft.EntityFrameworkCore.Database.Command[20101]&#xD;
      Executed DbCommand (2ms) [Parameters=[@__dataBusca_0='?' (DbType = DateTime)], CommandType='Text', CommandTimeout='30']&#xD;
      SELECT s."DataReferencia", s."UltimaAtualizacao", s."ValorTotal"&#xD;
      FROM "SaldosDiarios" AS s&#xD;
      WHERE s."DataReferencia" = @__dataBusca_0&#xD;
      LIMIT 1&#xD;
     Warning:&#xD;
     The component "Fluent Assertions" is governed by the rules defined in the Xceed License Agreement and&#xD;
     the Xceed Fluent Assertions Community License. You may use Fluent Assertions free of charge for&#xD;
     non-commercial use only. An active subscription is required to use Fluent Assertions for commercial use.&#xD;
     Please contact Xceed Sales mailto:sales@xceed.com to acquire a subscription at a very low cost.&#xD;
     A paid commercial license supports the development and continued increasing support of&#xD;
     Fluent Assertions users under both commercial and community licenses. Help us&#xD;
     keep Fluent Assertions at the forefront of unit testing.&#xD;
     For more information, visit https://xceed.com/products/unit-testing/fluent-assertions/&#xD;
info: Microsoft.EntityFrameworkCore.Database.Command[20101]&#xD;
      Executed DbCommand (2ms) [Parameters=[@p0='?' (DbType = Guid), @p1='?' (DbType = DateTime), @p2='?', @p3='?', @p4='?' (DbType = Decimal)], CommandType='Text', CommandTimeout='30']&#xD;
      INSERT INTO "Lancamentos" ("Id", "DataHora", "Descricao", "Tipo", "Valor")&#xD;
      VALUES (@p0, @p1, @p2, @p3, @p4);&#xD;
info: Consolidado.Worker.Consumers.LancamentoCriadoConsumer[0]&#xD;
      Recebendo evento de lanA\u0015amento: 7d84495c-29e1-4612-8d01-5d3d0f69122c&#xD;
info: Microsoft.EntityFrameworkCore.Database.Command[20101]&#xD;
      Executed DbCommand (1ms) [Parameters=[@__evento_Id_0='?' (DbType = Guid)], CommandType='Text', CommandTimeout='30']&#xD;
      SELECT EXISTS (&#xD;
          SELECT 1&#xD;
          FROM "EventosProcessados" AS e&#xD;
          WHERE e."EventoId" = @__evento_Id_0)&#xD;
info: Microsoft.EntityFrameworkCore.Database.Command[20101]&#xD;
      Executed DbCommand (1ms) [Parameters=[@__dataReferencia_0='?' (DbType = DateTime)], CommandType='Text', CommandTimeout='30']&#xD;
      SELECT s."DataReferencia", s."UltimaAtualizacao", s."ValorTotal"&#xD;
      FROM "SaldosDiarios" AS s&#xD;
      WHERE s."DataReferencia" = @__dataReferencia_0&#xD;
      LIMIT 1&#xD;
info: Microsoft.EntityFrameworkCore.Database.Command[20101]&#xD;
      Executed DbCommand (1ms) [Parameters=[@p0='?' (DbType = Guid), @p1='?' (DbType = DateTime), @p4='?' (DbType = DateTime), @p2='?' (DbType = DateTime), @p3='?' (DbType = Decimal)], CommandType='Text', CommandTimeout='30']&#xD;
      INSERT INTO "EventosProcessados" ("EventoId", "DataProcessamento")&#xD;
      VALUES (@p0, @p1);&#xD;
      UPDATE "SaldosDiarios" SET "UltimaAtualizacao" = @p2, "ValorTotal" = @p3&#xD;
      WHERE "DataReferencia" = @p4;&#xD;
info: Consolidado.Worker.Consumers.LancamentoCriadoConsumer[0]&#xD;
      Saldo consolidado com sucesso para o evento 7d84495c-29e1-4612-8d01-5d3d0f69122c.&#xD;
[xUnit.net 00:00:26.75]       Expected saldoConsolidado not to be &lt;null&gt; because O Worker deve ter processado o evento e gerado o saldo consolidado..&#xD;
info: Microsoft.Hosting.Lifetime[0]&#xD;
      Application is shutting down...&#xD;
[xUnit.net 00:00:26.76]       Stack Trace:&#xD;
[xUnit.net 00:00:26.76]            at FluentAssertions.Primitives.ReferenceTypeAssertions`2.NotBeNull(String because, Object[] becauseArgs)&#xD;
[xUnit.net 00:00:26.76]         D:\1.DERX_TECH\DesafioVerx\verx-challenge\tests\e2e\FluxoCaixa.E2ETests\HappyPathE2ETests.cs(195,0): at FluxoCaixa.E2ETests.HappyPathE2ETests.Lancamento_Credito_Deve_Refletir_No_Saldo_Consolidado()&#xD;
[xUnit.net 00:00:26.76]         --- End of stack trace from previous location ---&#xD;
info: MassTransit[0]&#xD;
      Bus stopped: rabbitmq://127.0.0.1:61878/&#xD;
info: MassTransit[0]&#xD;
      Bus stopped: rabbitmq://127.0.0.1:61878/&#xD;
[testcontainers.org 00:00:26.58] Delete Docker container bae3ce0e67bc&#xD;
[testcontainers.org 00:00:27.10] Delete Docker container 2a74c51c7a81&#xD;
[xUnit.net 00:00:27.81]   Finished:    FluxoCaixa.E2ETests&#xD;
</StdOut>
    </Output>
    <RunInfos>
      <RunInfo computerName="PC001" outcome="Error" timestamp="2026-04-06T00:16:57.1682840-03:00">
        <Text>[xUnit.net 00:00:26.75]     FluxoCaixa.E2ETests.HappyPathE2ETests.Lancamento_Credito_Deve_Refletir_No_Saldo_Consolidado [FAIL]</Text>
      </RunInfo>
    </RunInfos>
  </ResultSummary>
</TestRun>