<?xml version="1.0" encoding="utf-8"?>
<TestRun id="e0feb9f1-dae1-48bf-b635-202d92a81d85" name="anderson.lazzari@PC001 2026-04-06 00:09:16" runUser="PC001\anderson.lazzari" xmlns="http://microsoft.com/schemas/VisualStudio/TeamTest/2010">
  <Times creation="2026-04-06T00:09:16.4321380-03:00" queuing="2026-04-06T00:09:16.4321390-03:00" start="2026-04-06T00:08:59.5590068-03:00" finish="2026-04-06T00:09:16.4508632-03:00" />
  <TestSettings name="default" id="129af68b-4fa8-4062-8a76-bc707b6c3441">
    <Deployment runDeploymentRoot="anderson.lazzari_PC001_2026-04-06_00_09_16" />
  </TestSettings>
  <Results>
    <UnitTestResult executionId="ecdfb510-c53e-4af1-9359-4a637e7b4282" testId="a616e5e6-2ab6-8539-d767-ca857f3a8ede" testName="FluxoCaixa.E2ETests.HappyPathE2ETests.Lancamento_Credito_Deve_Refletir_No_Saldo_Consolidado" computerName="PC001" duration="00:00:00.0010000" startTime="2026-04-06T00:09:15.3267972-03:00" endTime="2026-04-06T00:09:15.3267976-03:00" testType="13cdc9d9-ddb5-4fa4-a97d-d965ccfc6d4b" outcome="Failed" testListId="8c84fa94-04c1-424b-9868-57a2d4851a1d" relativeResultsDirectory="ecdfb510-c53e-4af1-9359-4a637e7b4282">
      <Output>
        <ErrorInfo>
          <Message>Npgsql.PostgresException : 42P07: relation "Lancamentos" already exists</Message>
          <StackTrace>   at Npgsql.Internal.NpgsqlConnector.ReadMessageLong(Boolean async, DataRowLoadingMode dataRowLoadingMode, Boolean readingNotifications, Boolean isReadingPrependedMessage)&#xD;
   at System.Runtime.CompilerServices.PoolingAsyncValueTaskMethodBuilder`1.StateMachineBox`1.System.Threading.Tasks.Sources.IValueTaskSource&lt;TResult&gt;.GetResult(Int16 token)&#xD;
   at Npgsql.NpgsqlDataReader.NextResult(Boolean async, Boolean isConsuming, CancellationToken cancellationToken)&#xD;
   at Npgsql.NpgsqlDataReader.NextResult(Boolean async, Boolean isConsuming, CancellationToken cancellationToken)&#xD;
   at Npgsql.NpgsqlCommand.ExecuteReader(Boolean async, CommandBehavior behavior, CancellationToken cancellationToken)&#xD;
   at Npgsql.NpgsqlCommand.ExecuteReader(Boolean async, CommandBehavior behavior, CancellationToken cancellationToken)&#xD;
   at Npgsql.NpgsqlCommand.ExecuteNonQuery(Boolean async, CancellationToken cancellationToken)&#xD;
   at Microsoft.EntityFrameworkCore.Storage.RelationalCommand.ExecuteNonQueryAsync(RelationalCommandParameterObject parameterObject, CancellationToken cancellationToken)&#xD;
   at Microsoft.EntityFrameworkCore.Storage.RelationalCommand.ExecuteNonQueryAsync(RelationalCommandParameterObject parameterObject, CancellationToken cancellationToken)&#xD;
   at Microsoft.EntityFrameworkCore.Storage.RelationalCommand.ExecuteNonQueryAsync(RelationalCommandParameterObject parameterObject, CancellationToken cancellationToken)&#xD;
   at Microsoft.EntityFrameworkCore.Migrations.Internal.MigrationCommandExecutor.ExecuteAsync(IReadOnlyList`1 migrationCommands, IRelationalConnection connection, MigrationExecutionState executionState, Boolean beginTransaction, Boolean commitTransaction, Nullable`1 isolationLevel, CancellationToken cancellationToken)&#xD;
   at Microsoft.EntityFrameworkCore.Migrations.Internal.MigrationCommandExecutor.ExecuteAsync(IReadOnlyList`1 migrationCommands, IRelationalConnection connection, MigrationExecutionState executionState, Boolean beginTransaction, Boolean commitTransaction, Nullable`1 isolationLevel, CancellationToken cancellationToken)&#xD;
   at Npgsql.EntityFrameworkCore.PostgreSQL.Storage.Internal.NpgsqlExecutionStrategy.ExecuteAsync[TState,TResult](TState state, Func`4 operation, Func`4 verifySucceeded, CancellationToken cancellationToken)&#xD;
   at Microsoft.EntityFrameworkCore.Migrations.Internal.MigrationCommandExecutor.ExecuteNonQueryAsync(IReadOnlyList`1 migrationCommands, IRelationalConnection connection, MigrationExecutionState executionState, Boolean commitTransaction, Nullable`1 isolationLevel, CancellationToken cancellationToken)&#xD;
   at Microsoft.EntityFrameworkCore.Migrations.Internal.Migrator.MigrateImplementationAsync(DbContext context, String targetMigration, MigrationExecutionState state, Boolean useTransaction, CancellationToken cancellationToken)&#xD;
   at Microsoft.EntityFrameworkCore.Migrations.Internal.Migrator.MigrateImplementationAsync(DbContext context, String targetMigration, MigrationExecutionState state, Boolean useTransaction, CancellationToken cancellationToken)&#xD;
   at Microsoft.EntityFrameworkCore.Migrations.Internal.Migrator.&lt;&gt;c.&lt;&lt;MigrateAsync&gt;b__22_1&gt;d.MoveNext()&#xD;
--- End of stack trace from previous location ---&#xD;
   at Npgsql.EntityFrameworkCore.PostgreSQL.Storage.Internal.NpgsqlExecutionStrategy.ExecuteAsync[TState,TResult](TState state, Func`4 operation, Func`4 verifySucceeded, CancellationToken cancellationToken)&#xD;
   at Microsoft.EntityFrameworkCore.Migrations.Internal.Migrator.MigrateAsync(String targetMigration, CancellationToken cancellationToken)&#xD;
   at Microsoft.EntityFrameworkCore.Migrations.Internal.Migrator.MigrateAsync(String targetMigration, CancellationToken cancellationToken)&#xD;
   at Npgsql.EntityFrameworkCore.PostgreSQL.Migrations.Internal.NpgsqlMigrator.MigrateAsync(String targetMigration, CancellationToken cancellationToken)&#xD;
   at FluxoCaixa.E2ETests.FluxoCaixaE2EFixture.InitializeAsync() in D:\1.DERX_TECH\DesafioVerx\verx-challenge\tests\e2e\FluxoCaixa.E2ETests\HappyPathE2ETests.cs:line 83</StackTrace>
        </ErrorInfo>
      </Output>
    </UnitTestResult>
    <UnitTestResult executionId="974622d6-342d-403e-a2d3-528df3ae325c" testId="faf75813-e17f-e60f-c222-f8145bef8d48" testName="FluxoCaixa.E2ETests.HappyPathE2ETests.Multiplos_Lancamentos_Devem_Acumular_Saldo_Corretamente" computerName="PC001" duration="00:00:00.0010000" startTime="2026-04-06T00:09:15.3241394-03:00" endTime="2026-04-06T00:09:15.3241396-03:00" testType="13cdc9d9-ddb5-4fa4-a97d-d965ccfc6d4b" outcome="Failed" testListId="8c84fa94-04c1-424b-9868-57a2d4851a1d" relativeResultsDirectory="974622d6-342d-403e-a2d3-528df3ae325c">
      <Output>
        <ErrorInfo>
          <Message>Npgsql.PostgresException : 42P07: relation "Lancamentos" already exists</Message>
          <StackTrace>   at Npgsql.Internal.NpgsqlConnector.ReadMessageLong(Boolean async, DataRowLoadingMode dataRowLoadingMode, Boolean readingNotifications, Boolean isReadingPrependedMessage)&#xD;
   at System.Runtime.CompilerServices.PoolingAsyncValueTaskMethodBuilder`1.StateMachineBox`1.System.Threading.Tasks.Sources.IValueTaskSource&lt;TResult&gt;.GetResult(Int16 token)&#xD;
   at Npgsql.NpgsqlDataReader.NextResult(Boolean async, Boolean isConsuming, CancellationToken cancellationToken)&#xD;
   at Npgsql.NpgsqlDataReader.NextResult(Boolean async, Boolean isConsuming, CancellationToken cancellationToken)&#xD;
   at Npgsql.NpgsqlCommand.ExecuteReader(Boolean async, CommandBehavior behavior, CancellationToken cancellationToken)&#xD;
   at Npgsql.NpgsqlCommand.ExecuteReader(Boolean async, CommandBehavior behavior, CancellationToken cancellationToken)&#xD;
   at Npgsql.NpgsqlCommand.ExecuteNonQuery(Boolean async, CancellationToken cancellationToken)&#xD;
   at Microsoft.EntityFrameworkCore.Storage.RelationalCommand.ExecuteNonQueryAsync(RelationalCommandParameterObject parameterObject, CancellationToken cancellationToken)&#xD;
   at Microsoft.EntityFrameworkCore.Storage.RelationalCommand.ExecuteNonQueryAsync(RelationalCommandParameterObject parameterObject, CancellationToken cancellationToken)&#xD;
   at Microsoft.EntityFrameworkCore.Storage.RelationalCommand.ExecuteNonQueryAsync(RelationalCommandParameterObject parameterObject, CancellationToken cancellationToken)&#xD;
   at Microsoft.EntityFrameworkCore.Migrations.Internal.MigrationCommandExecutor.ExecuteAsync(IReadOnlyList`1 migrationCommands, IRelationalConnection connection, MigrationExecutionState executionState, Boolean beginTransaction, Boolean commitTransaction, Nullable`1 isolationLevel, CancellationToken cancellationToken)&#xD;
   at Microsoft.EntityFrameworkCore.Migrations.Internal.MigrationCommandExecutor.ExecuteAsync(IReadOnlyList`1 migrationCommands, IRelationalConnection connection, MigrationExecutionState executionState, Boolean beginTransaction, Boolean commitTransaction, Nullable`1 isolationLevel, CancellationToken cancellationToken)&#xD;
   at Npgsql.EntityFrameworkCore.PostgreSQL.Storage.Internal.NpgsqlExecutionStrategy.ExecuteAsync[TState,TResult](TState state, Func`4 operation, Func`4 verifySucceeded, CancellationToken cancellationToken)&#xD;
   at Microsoft.EntityFrameworkCore.Migrations.Internal.MigrationCommandExecutor.ExecuteNonQueryAsync(IReadOnlyList`1 migrationCommands, IRelationalConnection connection, MigrationExecutionState executionState, Boolean commitTransaction, Nullable`1 isolationLevel, CancellationToken cancellationToken)&#xD;
   at Microsoft.EntityFrameworkCore.Migrations.Internal.Migrator.MigrateImplementationAsync(DbContext context, String targetMigration, MigrationExecutionState state, Boolean useTransaction, CancellationToken cancellationToken)&#xD;
   at Microsoft.EntityFrameworkCore.Migrations.Internal.Migrator.MigrateImplementationAsync(DbContext context, String targetMigration, MigrationExecutionState state, Boolean useTransaction, CancellationToken cancellationToken)&#xD;
   at Microsoft.EntityFrameworkCore.Migrations.Internal.Migrator.&lt;&gt;c.&lt;&lt;MigrateAsync&gt;b__22_1&gt;d.MoveNext()&#xD;
--- End of stack trace from previous location ---&#xD;
   at Npgsql.EntityFrameworkCore.PostgreSQL.Storage.Internal.NpgsqlExecutionStrategy.ExecuteAsync[TState,TResult](TState state, Func`4 operation, Func`4 verifySucceeded, CancellationToken cancellationToken)&#xD;
   at Microsoft.EntityFrameworkCore.Migrations.Internal.Migrator.MigrateAsync(String targetMigration, CancellationToken cancellationToken)&#xD;
   at Microsoft.EntityFrameworkCore.Migrations.Internal.Migrator.MigrateAsync(String targetMigration, CancellationToken cancellationToken)&#xD;
   at Npgsql.EntityFrameworkCore.PostgreSQL.Migrations.Internal.NpgsqlMigrator.MigrateAsync(String targetMigration, CancellationToken cancellationToken)&#xD;
   at FluxoCaixa.E2ETests.FluxoCaixaE2EFixture.InitializeAsync() in D:\1.DERX_TECH\DesafioVerx\verx-challenge\tests\e2e\FluxoCaixa.E2ETests\HappyPathE2ETests.cs:line 83</StackTrace>
        </ErrorInfo>
      </Output>
    </UnitTestResult>
    <UnitTestResult executionId="53e0d64d-7eab-4c1b-b76f-9ff1bbdf114d" testId="cef6c5a8-5f3f-913f-9ede-270a00f4769f" testName="FluxoCaixa.E2ETests.HappyPathE2ETests.Requisicao_Sem_Autenticacao_Deve_Retornar_401" computerName="PC001" duration="00:00:00.0010000" startTime="2026-04-06T00:09:15.3199165-03:00" endTime="2026-04-06T00:09:15.3199298-03:00" testType="13cdc9d9-ddb5-4fa4-a97d-d965ccfc6d4b" outcome="Failed" testListId="8c84fa94-04c1-424b-9868-57a2d4851a1d" relativeResultsDirectory="53e0d64d-7eab-4c1b-b76f-9ff1bbdf114d">
      <Output>
        <ErrorInfo>
          <Message>Npgsql.PostgresException : 42P07: relation "Lancamentos" already exists</Message>
          <StackTrace>   at Npgsql.Internal.NpgsqlConnector.ReadMessageLong(Boolean async, DataRowLoadingMode dataRowLoadingMode, Boolean readingNotifications, Boolean isReadingPrependedMessage)&#xD;
   at System.Runtime.CompilerServices.PoolingAsyncValueTaskMethodBuilder`1.StateMachineBox`1.System.Threading.Tasks.Sources.IValueTaskSource&lt;TResult&gt;.GetResult(Int16 token)&#xD;
   at Npgsql.NpgsqlDataReader.NextResult(Boolean async, Boolean isConsuming, CancellationToken cancellationToken)&#xD;
   at Npgsql.NpgsqlDataReader.NextResult(Boolean async, Boolean isConsuming, CancellationToken cancellationToken)&#xD;
   at Npgsql.NpgsqlCommand.ExecuteReader(Boolean async, CommandBehavior behavior, CancellationToken cancellationToken)&#xD;
   at Npgsql.NpgsqlCommand.ExecuteReader(Boolean async, CommandBehavior behavior, CancellationToken cancellationToken)&#xD;
   at Npgsql.NpgsqlCommand.ExecuteNonQuery(Boolean async, CancellationToken cancellationToken)&#xD;
   at Microsoft.EntityFrameworkCore.Storage.RelationalCommand.ExecuteNonQueryAsync(RelationalCommandParameterObject parameterObject, CancellationToken cancellationToken)&#xD;
   at Microsoft.EntityFrameworkCore.Storage.RelationalCommand.ExecuteNonQueryAsync(RelationalCommandParameterObject parameterObject, CancellationToken cancellationToken)&#xD;
   at Microsoft.EntityFrameworkCore.Storage.RelationalCommand.ExecuteNonQueryAsync(RelationalCommandParameterObject parameterObject, CancellationToken cancellationToken)&#xD;
   at Microsoft.EntityFrameworkCore.Migrations.Internal.MigrationCommandExecutor.ExecuteAsync(IReadOnlyList`1 migrationCommands, IRelationalConnection connection, MigrationExecutionState executionState, Boolean beginTransaction, Boolean commitTransaction, Nullable`1 isolationLevel, CancellationToken cancellationToken)&#xD;
   at Microsoft.EntityFrameworkCore.Migrations.Internal.MigrationCommandExecutor.ExecuteAsync(IReadOnlyList`1 migrationCommands, IRelationalConnection connection, MigrationExecutionState executionState, Boolean beginTransaction, Boolean commitTransaction, Nullable`1 isolationLevel, CancellationToken cancellationToken)&#xD;
   at Npgsql.EntityFrameworkCore.PostgreSQL.Storage.Internal.NpgsqlExecutionStrategy.ExecuteAsync[TState,TResult](TState state, Func`4 operation, Func`4 verifySucceeded, CancellationToken cancellationToken)&#xD;
   at Microsoft.EntityFrameworkCore.Migrations.Internal.MigrationCommandExecutor.ExecuteNonQueryAsync(IReadOnlyList`1 migrationCommands, IRelationalConnection connection, MigrationExecutionState executionState, Boolean commitTransaction, Nullable`1 isolationLevel, CancellationToken cancellationToken)&#xD;
   at Microsoft.EntityFrameworkCore.Migrations.Internal.Migrator.MigrateImplementationAsync(DbContext context, String targetMigration, MigrationExecutionState state, Boolean useTransaction, CancellationToken cancellationToken)&#xD;
   at Microsoft.EntityFrameworkCore.Migrations.Internal.Migrator.MigrateImplementationAsync(DbContext context, String targetMigration, MigrationExecutionState state, Boolean useTransaction, CancellationToken cancellationToken)&#xD;
   at Microsoft.EntityFrameworkCore.Migrations.Internal.Migrator.&lt;&gt;c.&lt;&lt;MigrateAsync&gt;b__22_1&gt;d.MoveNext()&#xD;
--- End of stack trace from previous location ---&#xD;
   at Npgsql.EntityFrameworkCore.PostgreSQL.Storage.Internal.NpgsqlExecutionStrategy.ExecuteAsync[TState,TResult](TState state, Func`4 operation, Func`4 verifySucceeded, CancellationToken cancellationToken)&#xD;
   at Microsoft.EntityFrameworkCore.Migrations.Internal.Migrator.MigrateAsync(String targetMigration, CancellationToken cancellationToken)&#xD;
   at Microsoft.EntityFrameworkCore.Migrations.Internal.Migrator.MigrateAsync(String targetMigration, CancellationToken cancellationToken)&#xD;
   at Npgsql.EntityFrameworkCore.PostgreSQL.Migrations.Internal.NpgsqlMigrator.MigrateAsync(String targetMigration, CancellationToken cancellationToken)&#xD;
   at FluxoCaixa.E2ETests.FluxoCaixaE2EFixture.InitializeAsync() in D:\1.DERX_TECH\DesafioVerx\verx-challenge\tests\e2e\FluxoCaixa.E2ETests\HappyPathE2ETests.cs:line 83</StackTrace>
        </ErrorInfo>
      </Output>
    </UnitTestResult>
  </Results>
  <TestDefinitions>
    <UnitTest name="FluxoCaixa.E2ETests.HappyPathE2ETests.Lancamento_Credito_Deve_Refletir_No_Saldo_Consolidado" storage="d:\1.derx_tech\desafioverx\verx-challenge\tests\e2e\fluxocaixa.e2etests\bin\debug\net9.0\fluxocaixa.e2etests.dll" id="a616e5e6-2ab6-8539-d767-ca857f3a8ede">
      <Execution id="ecdfb510-c53e-4af1-9359-4a637e7b4282" />
      <TestMethod codeBase="D:\1.DERX_TECH\DesafioVerx\verx-challenge\tests\e2e\FluxoCaixa.E2ETests\bin\Debug\net9.0\FluxoCaixa.E2ETests.dll" adapterTypeName="executor://xunit/VsTestRunner2/netcoreapp" className="FluxoCaixa.E2ETests.HappyPathE2ETests" name="Lancamento_Credito_Deve_Refletir_No_Saldo_Consolidado" />
    </UnitTest>
    <UnitTest name="FluxoCaixa.E2ETests.HappyPathE2ETests.Requisicao_Sem_Autenticacao_Deve_Retornar_401" storage="d:\1.derx_tech\desafioverx\verx-challenge\tests\e2e\fluxocaixa.e2etests\bin\debug\net9.0\fluxocaixa.e2etests.dll" id="cef6c5a8-5f3f-913f-9ede-270a00f4769f">
      <Execution id="53e0d64d-7eab-4c1b-b76f-9ff1bbdf114d" />
      <TestMethod codeBase="D:\1.DERX_TECH\DesafioVerx\verx-challenge\tests\e2e\FluxoCaixa.E2ETests\bin\Debug\net9.0\FluxoCaixa.E2ETests.dll" adapterTypeName="executor://xunit/VsTestRunner2/netcoreapp" className="FluxoCaixa.E2ETests.HappyPathE2ETests" name="Requisicao_Sem_Autenticacao_Deve_Retornar_401" />
    </UnitTest>
    <UnitTest name="FluxoCaixa.E2ETests.HappyPathE2ETests.Multiplos_Lancamentos_Devem_Acumular_Saldo_Corretamente" storage="d:\1.derx_tech\desafioverx\verx-challenge\tests\e2e\fluxocaixa.e2etests\bin\debug\net9.0\fluxocaixa.e2etests.dll" id="faf75813-e17f-e60f-c222-f8145bef8d48">
      <Execution id="974622d6-342d-403e-a2d3-528df3ae325c" />
      <TestMethod codeBase="D:\1.DERX_TECH\DesafioVerx\verx-challenge\tests\e2e\FluxoCaixa.E2ETests\bin\Debug\net9.0\FluxoCaixa.E2ETests.dll" adapterTypeName="executor://xunit/VsTestRunner2/netcoreapp" className="FluxoCaixa.E2ETests.HappyPathE2ETests" name="Multiplos_Lancamentos_Devem_Acumular_Saldo_Corretamente" />
    </UnitTest>
  </TestDefinitions>
  <TestEntries>
    <TestEntry testId="a616e5e6-2ab6-8539-d767-ca857f3a8ede" executionId="ecdfb510-c53e-4af1-9359-4a637e7b4282" testListId="8c84fa94-04c1-424b-9868-57a2d4851a1d" />
    <TestEntry testId="faf75813-e17f-e60f-c222-f8145bef8d48" executionId="974622d6-342d-403e-a2d3-528df3ae325c" testListId="8c84fa94-04c1-424b-9868-57a2d4851a1d" />
    <TestEntry testId="cef6c5a8-5f3f-913f-9ede-270a00f4769f" executionId="53e0d64d-7eab-4c1b-b76f-9ff1bbdf114d" testListId="8c84fa94-04c1-424b-9868-57a2d4851a1d" />
  </TestEntries>
  <TestLists>
    <TestList name="Results Not in a List" id="8c84fa94-04c1-424b-9868-57a2d4851a1d" />
    <TestList name="All Loaded Results" id="19431567-8539-422a-85d7-44ee4e166bda" />
  </TestLists>
  <ResultSummary outcome="Failed">
    <Counters total="3" executed="3" passed="0" failed="3" error="0" timeout="0" aborted="0" inconclusive="0" passedButRunAborted="0" notRunnable="0" notExecuted="0" disconnected="0" warning="0" completed="0" inProgress="0" pending="0" />
    <Output>
      <StdOut>[xUnit.net 00:00:00.00] xUnit.net VSTest Adapter v2.8.2+699d445a1a (64-bit .NET 9.0.10)&#xD;
[xUnit.net 00:00:00.07]   Discovering: FluxoCaixa.E2ETests&#xD;
[xUnit.net 00:00:00.10]   Discovered:  FluxoCaixa.E2ETests&#xD;
[xUnit.net 00:00:00.10]   Starting:    FluxoCaixa.E2ETests&#xD;
[testcontainers.org 00:00:00.11] Connected to Docker:&#xD;
  Host: npipe://./pipe/docker_engine&#xD;
  Server Version: 28.5.1&#xD;
  Kernel Version: 6.6.87.1-microsoft-standard-WSL2&#xD;
  API Version: 1.51&#xD;
  Operating System: Docker Desktop&#xD;
  Total Memory: 13.61 GB&#xD;
  Labels: &#xD;
    com.docker.desktop.address=npipe://\\.\pipe\docker_cli&#xD;
[testcontainers.org 00:00:00.36] Docker container 7890ce339733 created&#xD;
[testcontainers.org 00:00:00.51] Start Docker container 7890ce339733&#xD;
[testcontainers.org 00:00:00.89] Wait for Docker container 7890ce339733 to complete readiness checks&#xD;
[testcontainers.org 00:00:01.96] Docker container 7890ce339733 ready&#xD;
[testcontainers.org 00:00:02.19] Docker container d3ecc1a13234 created&#xD;
[testcontainers.org 00:00:02.20] Docker container e4d95a375d6f created&#xD;
[testcontainers.org 00:00:02.21] Start Docker container d3ecc1a13234&#xD;
[testcontainers.org 00:00:02.21] Start Docker container e4d95a375d6f&#xD;
[testcontainers.org 00:00:02.60] Wait for Docker container d3ecc1a13234 to complete readiness checks&#xD;
[testcontainers.org 00:00:02.61] Execute "pg_isready --host localhost --dbname fluxocaixa_e2e --username e2e_user" at Docker container d3ecc1a13234&#xD;
[testcontainers.org 00:00:02.68] Wait for Docker container e4d95a375d6f to complete readiness checks&#xD;
[testcontainers.org 00:00:03.80] Execute "pg_isready --host localhost --dbname fluxocaixa_e2e --username e2e_user" at Docker container d3ecc1a13234&#xD;
[testcontainers.org 00:00:04.95] Execute "pg_isready --host localhost --dbname fluxocaixa_e2e --username e2e_user" at Docker container d3ecc1a13234&#xD;
[testcontainers.org 00:00:05.10] Docker container d3ecc1a13234 ready&#xD;
[testcontainers.org 00:00:13.96] Docker container e4d95a375d6f ready&#xD;
info: Microsoft.EntityFrameworkCore.Database.Command[20101]&#xD;
      Executed DbCommand (33ms) [Parameters=[], CommandType='Text', CommandTimeout='30']&#xD;
      SELECT CASE WHEN COUNT(*) = 0 THEN FALSE ELSE TRUE END&#xD;
FROM pg_class AS cls&#xD;
JOIN pg_namespace AS ns ON ns.oid = cls.relnamespace&#xD;
WHERE&#xD;
        cls.relkind IN ('r', 'v', 'm', 'f', 'p') AND&#xD;
        ns.nspname NOT IN ('pg_catalog', 'information_schema') AND&#xD;
        -- Exclude tables which are members of PG extensions&#xD;
        NOT EXISTS (&#xD;
            SELECT 1 FROM pg_depend WHERE&#xD;
                classid=(&#xD;
                    SELECT cls.oid&#xD;
                    FROM pg_class AS cls&#xD;
                             JOIN pg_namespace AS ns ON ns.oid = cls.relnamespace&#xD;
                    WHERE relname='pg_class' AND ns.nspname='pg_catalog'&#xD;
                ) AND&#xD;
                objid=cls.oid AND&#xD;
                deptype IN ('e', 'x')&#xD;
        )&#xD;
info: Microsoft.EntityFrameworkCore.Database.Command[20101]&#xD;
      Executed DbCommand (5ms) [Parameters=[], CommandType='Text', CommandTimeout='30']&#xD;
      CREATE TABLE "Lancamentos" (&#xD;
          "Id" uuid NOT NULL,&#xD;
          "DataHora" timestamp with time zone NOT NULL,&#xD;
          "Tipo" text NOT NULL,&#xD;
          "Valor" numeric(18,2) NOT NULL,&#xD;
          "Descricao" character varying(250) NOT NULL,&#xD;
          CONSTRAINT "PK_Lancamentos" PRIMARY KEY ("Id")&#xD;
      );&#xD;
fail: Microsoft.EntityFrameworkCore.Database.Command[20102]&#xD;
      Failed executing DbCommand (6ms) [Parameters=[], CommandType='Text', CommandTimeout='30']&#xD;
      SELECT "MigrationId", "ProductVersion"&#xD;
      FROM "__EFMigrationsHistory"&#xD;
      ORDER BY "MigrationId";&#xD;
info: MassTransit[0]&#xD;
      Bus started: rabbitmq://127.0.0.1:60079/&#xD;
info: Microsoft.EntityFrameworkCore.Migrations[20402]&#xD;
      Applying migration '20260327164857_InitialLancamentos'.&#xD;
fail: Microsoft.EntityFrameworkCore.Database.Command[20102]&#xD;
      Failed executing DbCommand (2ms) [Parameters=[], CommandType='Text', CommandTimeout='30']&#xD;
      CREATE TABLE "Lancamentos" (&#xD;
          "Id" uuid NOT NULL,&#xD;
          "DataHora" timestamp with time zone NOT NULL,&#xD;
          "Tipo" text NOT NULL,&#xD;
          "Valor" numeric(18,2) NOT NULL,&#xD;
          "Descricao" character varying(250) NOT NULL,&#xD;
          CONSTRAINT "PK_Lancamentos" PRIMARY KEY ("Id")&#xD;
      );&#xD;
[xUnit.net 00:00:15.33]       Npgsql.PostgresException : 42P07: relation "Lancamentos" already exists&#xD;
[xUnit.net 00:00:15.33]       Stack Trace:&#xD;
[xUnit.net 00:00:15.33]            at Npgsql.Internal.NpgsqlConnector.ReadMessageLong(Boolean async, DataRowLoadingMode dataRowLoadingMode, Boolean readingNotifications, Boolean isReadingPrependedMessage)&#xD;
[xUnit.net 00:00:15.33]            at System.Runtime.CompilerServices.PoolingAsyncValueTaskMethodBuilder`1.StateMachineBox`1.System.Threading.Tasks.Sources.IValueTaskSource&lt;TResult&gt;.GetResult(Int16 token)&#xD;
[xUnit.net 00:00:15.33]            at Npgsql.NpgsqlDataReader.NextResult(Boolean async, Boolean isConsuming, CancellationToken cancellationToken)&#xD;
[xUnit.net 00:00:15.33]            at Npgsql.NpgsqlDataReader.NextResult(Boolean async, Boolean isConsuming, CancellationToken cancellationToken)&#xD;
[xUnit.net 00:00:15.33]            at Npgsql.NpgsqlCommand.ExecuteReader(Boolean async, CommandBehavior behavior, CancellationToken cancellationToken)&#xD;
[xUnit.net 00:00:15.33]            at Npgsql.NpgsqlCommand.ExecuteReader(Boolean async, CommandBehavior behavior, CancellationToken cancellationToken)&#xD;
[xUnit.net 00:00:15.33]            at Npgsql.NpgsqlCommand.ExecuteNonQuery(Boolean async, CancellationToken cancellationToken)&#xD;
[xUnit.net 00:00:15.33]            at Microsoft.EntityFrameworkCore.Storage.RelationalCommand.ExecuteNonQueryAsync(RelationalCommandParameterObject parameterObject, CancellationToken cancellationToken)&#xD;
[xUnit.net 00:00:15.33]            at Microsoft.EntityFrameworkCore.Storage.RelationalCommand.ExecuteNonQueryAsync(RelationalCommandParameterObject parameterObject, CancellationToken cancellationToken)&#xD;
[xUnit.net 00:00:15.33]            at Microsoft.EntityFrameworkCore.Storage.RelationalCommand.ExecuteNonQueryAsync(RelationalCommandParameterObject parameterObject, CancellationToken cancellationToken)&#xD;
[xUnit.net 00:00:15.33]            at Microsoft.EntityFrameworkCore.Migrations.Internal.MigrationCommandExecutor.ExecuteAsync(IReadOnlyList`1 migrationCommands, IRelationalConnection connection, MigrationExecutionState executionState, Boolean beginTransaction, Boolean commitTransaction, Nullable`1 isolationLevel, CancellationToken cancellationToken)&#xD;
[xUnit.net 00:00:15.33]            at Microsoft.EntityFrameworkCore.Migrations.Internal.MigrationCommandExecutor.ExecuteAsync(IReadOnlyList`1 migrationCommands, IRelationalConnection connection, MigrationExecutionState executionState, Boolean beginTransaction, Boolean commitTransaction, Nullable`1 isolationLevel, CancellationToken cancellationToken)&#xD;
[xUnit.net 00:00:15.33]            at Npgsql.EntityFrameworkCore.PostgreSQL.Storage.Internal.NpgsqlExecutionStrategy.ExecuteAsync[TState,TResult](TState state, Func`4 operation, Func`4 verifySucceeded, CancellationToken cancellationToken)&#xD;
[xUnit.net 00:00:15.33]            at Microsoft.EntityFrameworkCore.Migrations.Internal.MigrationCommandExecutor.ExecuteNonQueryAsync(IReadOnlyList`1 migrationCommands, IRelationalConnection connection, MigrationExecutionState executionState, Boolean commitTransaction, Nullable`1 isolationLevel, CancellationToken cancellationToken)&#xD;
[xUnit.net 00:00:15.33]            at Microsoft.EntityFrameworkCore.Migrations.Internal.Migrator.MigrateImplementationAsync(DbContext context, String targetMigration, MigrationExecutionState state, Boolean useTransaction, CancellationToken cancellationToken)&#xD;
[xUnit.net 00:00:15.33]            at Microsoft.EntityFrameworkCore.Migrations.Internal.Migrator.MigrateImplementationAsync(DbContext context, String targetMigration, MigrationExecutionState state, Boolean useTransaction, CancellationToken cancellationToken)&#xD;
[xUnit.net 00:00:15.33]            at Microsoft.EntityFrameworkCore.Migrations.Internal.Migrator.&lt;&gt;c.&lt;&lt;MigrateAsync&gt;b__22_1&gt;d.MoveNext()&#xD;
[xUnit.net 00:00:15.33]         --- End of stack trace from previous location ---&#xD;
[xUnit.net 00:00:15.33]            at Npgsql.EntityFrameworkCore.PostgreSQL.Storage.Internal.NpgsqlExecutionStrategy.ExecuteAsync[TState,TResult](TState state, Func`4 operation, Func`4 verifySucceeded, CancellationToken cancellationToken)&#xD;
[xUnit.net 00:00:15.33]            at Microsoft.EntityFrameworkCore.Migrations.Internal.Migrator.MigrateAsync(String targetMigration, CancellationToken cancellationToken)&#xD;
[xUnit.net 00:00:15.33]            at Microsoft.EntityFrameworkCore.Migrations.Internal.Migrator.MigrateAsync(String targetMigration, CancellationToken cancellationToken)&#xD;
[xUnit.net 00:00:15.33]            at Npgsql.EntityFrameworkCore.PostgreSQL.Migrations.Internal.NpgsqlMigrator.MigrateAsync(String targetMigration, CancellationToken cancellationToken)&#xD;
[xUnit.net 00:00:15.33]         D:\1.DERX_TECH\DesafioVerx\verx-challenge\tests\e2e\FluxoCaixa.E2ETests\HappyPathE2ETests.cs(83,0): at FluxoCaixa.E2ETests.FluxoCaixaE2EFixture.InitializeAsync()&#xD;
[xUnit.net 00:00:15.34]       Npgsql.PostgresException : 42P07: relation "Lancamentos" already exists&#xD;
[xUnit.net 00:00:15.34]       Stack Trace:&#xD;
[xUnit.net 00:00:15.34]            at Npgsql.Internal.NpgsqlConnector.ReadMessageLong(Boolean async, DataRowLoadingMode dataRowLoadingMode, Boolean readingNotifications, Boolean isReadingPrependedMessage)&#xD;
[xUnit.net 00:00:15.34]            at System.Runtime.CompilerServices.PoolingAsyncValueTaskMethodBuilder`1.StateMachineBox`1.System.Threading.Tasks.Sources.IValueTaskSource&lt;TResult&gt;.GetResult(Int16 token)&#xD;
[xUnit.net 00:00:15.34]            at Npgsql.NpgsqlDataReader.NextResult(Boolean async, Boolean isConsuming, CancellationToken cancellationToken)&#xD;
[xUnit.net 00:00:15.34]            at Npgsql.NpgsqlDataReader.NextResult(Boolean async, Boolean isConsuming, CancellationToken cancellationToken)&#xD;
[xUnit.net 00:00:15.34]            at Npgsql.NpgsqlCommand.ExecuteReader(Boolean async, CommandBehavior behavior, CancellationToken cancellationToken)&#xD;
[xUnit.net 00:00:15.34]            at Npgsql.NpgsqlCommand.ExecuteReader(Boolean async, CommandBehavior behavior, CancellationToken cancellationToken)&#xD;
[xUnit.net 00:00:15.34]            at Npgsql.NpgsqlCommand.ExecuteNonQuery(Boolean async, CancellationToken cancellationToken)&#xD;
[xUnit.net 00:00:15.34]            at Microsoft.EntityFrameworkCore.Storage.RelationalCommand.ExecuteNonQueryAsync(RelationalCommandParameterObject parameterObject, CancellationToken cancellationToken)&#xD;
[xUnit.net 00:00:15.34]            at Microsoft.EntityFrameworkCore.Storage.RelationalCommand.ExecuteNonQueryAsync(RelationalCommandParameterObject parameterObject, CancellationToken cancellationToken)&#xD;
[xUnit.net 00:00:15.34]            at Microsoft.EntityFrameworkCore.Storage.RelationalCommand.ExecuteNonQueryAsync(RelationalCommandParameterObject parameterObject, CancellationToken cancellationToken)&#xD;
[xUnit.net 00:00:15.34]            at Microsoft.EntityFrameworkCore.Migrations.Internal.MigrationCommandExecutor.ExecuteAsync(IReadOnlyList`1 migrationCommands, IRelationalConnection connection, MigrationExecutionState executionState, Boolean beginTransaction, Boolean commitTransaction, Nullable`1 isolationLevel, CancellationToken cancellationToken)&#xD;
[xUnit.net 00:00:15.34]            at Microsoft.EntityFrameworkCore.Migrations.Internal.MigrationCommandExecutor.ExecuteAsync(IReadOnlyList`1 migrationCommands, IRelationalConnection connection, MigrationExecutionState executionState, Boolean beginTransaction, Boolean commitTransaction, Nullable`1 isolationLevel, CancellationToken cancellationToken)&#xD;
[xUnit.net 00:00:15.34]            at Npgsql.EntityFrameworkCore.PostgreSQL.Storage.Internal.NpgsqlExecutionStrategy.ExecuteAsync[TState,TResult](TState state, Func`4 operation, Func`4 verifySucceeded, CancellationToken cancellationToken)&#xD;
[xUnit.net 00:00:15.34]            at Microsoft.EntityFrameworkCore.Migrations.Internal.MigrationCommandExecutor.ExecuteNonQueryAsync(IReadOnlyList`1 migrationCommands, IRelationalConnection connection, MigrationExecutionState executionState, Boolean commitTransaction, Nullable`1 isolationLevel, CancellationToken cancellationToken)&#xD;
[xUnit.net 00:00:15.34]            at Microsoft.EntityFrameworkCore.Migrations.Internal.Migrator.MigrateImplementationAsync(DbContext context, String targetMigration, MigrationExecutionState state, Boolean useTransaction, CancellationToken cancellationToken)&#xD;
[xUnit.net 00:00:15.34]            at Microsoft.EntityFrameworkCore.Migrations.Internal.Migrator.MigrateImplementationAsync(DbContext context, String targetMigration, MigrationExecutionState state, Boolean useTransaction, CancellationToken cancellationToken)&#xD;
[xUnit.net 00:00:15.34]            at Microsoft.EntityFrameworkCore.Migrations.Internal.Migrator.&lt;&gt;c.&lt;&lt;MigrateAsync&gt;b__22_1&gt;d.MoveNext()&#xD;
[xUnit.net 00:00:15.34]         --- End of stack trace from previous location ---&#xD;
[xUnit.net 00:00:15.34]            at Npgsql.EntityFrameworkCore.PostgreSQL.Storage.Internal.NpgsqlExecutionStrategy.ExecuteAsync[TState,TResult](TState state, Func`4 operation, Func`4 verifySucceeded, CancellationToken cancellationToken)&#xD;
[xUnit.net 00:00:15.34]            at Microsoft.EntityFrameworkCore.Migrations.Internal.Migrator.MigrateAsync(String targetMigration, CancellationToken cancellationToken)&#xD;
[xUnit.net 00:00:15.34]            at Microsoft.EntityFrameworkCore.Migrations.Internal.Migrator.MigrateAsync(String targetMigration, CancellationToken cancellationToken)&#xD;
[xUnit.net 00:00:15.34]            at Npgsql.EntityFrameworkCore.PostgreSQL.Migrations.Internal.NpgsqlMigrator.MigrateAsync(String targetMigration, CancellationToken cancellationToken)&#xD;
[xUnit.net 00:00:15.34]         D:\1.DERX_TECH\DesafioVerx\verx-challenge\tests\e2e\FluxoCaixa.E2ETests\HappyPathE2ETests.cs(83,0): at FluxoCaixa.E2ETests.FluxoCaixaE2EFixture.InitializeAsync()&#xD;
[xUnit.net 00:00:15.34]       Npgsql.PostgresException : 42P07: relation "Lancamentos" already exists&#xD;
[xUnit.net 00:00:15.34]       Stack Trace:&#xD;
[xUnit.net 00:00:15.34]            at Npgsql.Internal.NpgsqlConnector.ReadMessageLong(Boolean async, DataRowLoadingMode dataRowLoadingMode, Boolean readingNotifications, Boolean isReadingPrependedMessage)&#xD;
[xUnit.net 00:00:15.34]            at System.Runtime.CompilerServices.PoolingAsyncValueTaskMethodBuilder`1.StateMachineBox`1.System.Threading.Tasks.Sources.IValueTaskSource&lt;TResult&gt;.GetResult(Int16 token)&#xD;
[xUnit.net 00:00:15.34]            at Npgsql.NpgsqlDataReader.NextResult(Boolean async, Boolean isConsuming, CancellationToken cancellationToken)&#xD;
[xUnit.net 00:00:15.34]            at Npgsql.NpgsqlDataReader.NextResult(Boolean async, Boolean isConsuming, CancellationToken cancellationToken)&#xD;
[xUnit.net 00:00:15.34]            at Npgsql.NpgsqlCommand.ExecuteReader(Boolean async, CommandBehavior behavior, CancellationToken cancellationToken)&#xD;
[xUnit.net 00:00:15.34]            at Npgsql.NpgsqlCommand.ExecuteReader(Boolean async, CommandBehavior behavior, CancellationToken cancellationToken)&#xD;
[xUnit.net 00:00:15.34]            at Npgsql.NpgsqlCommand.ExecuteNonQuery(Boolean async, CancellationToken cancellationToken)&#xD;
[xUnit.net 00:00:15.34]            at Microsoft.EntityFrameworkCore.Storage.RelationalCommand.ExecuteNonQueryAsync(RelationalCommandParameterObject parameterObject, CancellationToken cancellationToken)&#xD;
[xUnit.net 00:00:15.34]            at Microsoft.EntityFrameworkCore.Storage.RelationalCommand.ExecuteNonQueryAsync(RelationalCommandParameterObject parameterObject, CancellationToken cancellationToken)&#xD;
[xUnit.net 00:00:15.34]            at Microsoft.EntityFrameworkCore.Storage.RelationalCommand.ExecuteNonQueryAsync(RelationalCommandParameterObject parameterObject, CancellationToken cancellationToken)&#xD;
[xUnit.net 00:00:15.34]            at Microsoft.EntityFrameworkCore.Migrations.Internal.MigrationCommandExecutor.ExecuteAsync(IReadOnlyList`1 migrationCommands, IRelationalConnection connection, MigrationExecutionState executionState, Boolean beginTransaction, Boolean commitTransaction, Nullable`1 isolationLevel, CancellationToken cancellationToken)&#xD;
[xUnit.net 00:00:15.34]            at Microsoft.EntityFrameworkCore.Migrations.Internal.MigrationCommandExecutor.ExecuteAsync(IReadOnlyList`1 migrationCommands, IRelationalConnection connection, MigrationExecutionState executionState, Boolean beginTransaction, Boolean commitTransaction, Nullable`1 isolationLevel, CancellationToken cancellationToken)&#xD;
[xUnit.net 00:00:15.34]            at Npgsql.EntityFrameworkCore.PostgreSQL.Storage.Internal.NpgsqlExecutionStrategy.ExecuteAsync[TState,TResult](TState state, Func`4 operation, Func`4 verifySucceeded, CancellationToken cancellationToken)&#xD;
[xUnit.net 00:00:15.34]            at Microsoft.EntityFrameworkCore.Migrations.Internal.MigrationCommandExecutor.ExecuteNonQueryAsync(IReadOnlyList`1 migrationCommands, IRelationalConnection connection, MigrationExecutionState executionState, Boolean commitTransaction, Nullable`1 isolationLevel, CancellationToken cancellationToken)&#xD;
[xUnit.net 00:00:15.34]            at Microsoft.EntityFrameworkCore.Migrations.Internal.Migrator.MigrateImplementationAsync(DbContext context, String targetMigration, MigrationExecutionState state, Boolean useTransaction, CancellationToken cancellationToken)&#xD;
[xUnit.net 00:00:15.34]            at Microsoft.EntityFrameworkCore.Migrations.Internal.Migrator.MigrateImplementationAsync(DbContext context, String targetMigration, MigrationExecutionState state, Boolean useTransaction, CancellationToken cancellationToken)&#xD;
[xUnit.net 00:00:15.34]            at Microsoft.EntityFrameworkCore.Migrations.Internal.Migrator.&lt;&gt;c.&lt;&lt;MigrateAsync&gt;b__22_1&gt;d.MoveNext()&#xD;
[xUnit.net 00:00:15.34]         --- End of stack trace from previous location ---&#xD;
[xUnit.net 00:00:15.34]            at Npgsql.EntityFrameworkCore.PostgreSQL.Storage.Internal.NpgsqlExecutionStrategy.ExecuteAsync[TState,TResult](TState state, Func`4 operation, Func`4 verifySucceeded, CancellationToken cancellationToken)&#xD;
[xUnit.net 00:00:15.34]            at Microsoft.EntityFrameworkCore.Migrations.Internal.Migrator.MigrateAsync(String targetMigration, CancellationToken cancellationToken)&#xD;
[xUnit.net 00:00:15.34]            at Microsoft.EntityFrameworkCore.Migrations.Internal.Migrator.MigrateAsync(String targetMigration, CancellationToken cancellationToken)&#xD;
[xUnit.net 00:00:15.34]            at Npgsql.EntityFrameworkCore.PostgreSQL.Migrations.Internal.NpgsqlMigrator.MigrateAsync(String targetMigration, CancellationToken cancellationToken)&#xD;
[xUnit.net 00:00:15.34]         D:\1.DERX_TECH\DesafioVerx\verx-challenge\tests\e2e\FluxoCaixa.E2ETests\HappyPathE2ETests.cs(83,0): at FluxoCaixa.E2ETests.FluxoCaixaE2EFixture.InitializeAsync()&#xD;
info: MassTransit[0]&#xD;
      Bus stopped: rabbitmq://127.0.0.1:60079/&#xD;
[testcontainers.org 00:00:15.13] Delete Docker container d3ecc1a13234&#xD;
[testcontainers.org 00:00:15.58] Delete Docker container e4d95a375d6f&#xD;
[xUnit.net 00:00:16.34]   Finished:    FluxoCaixa.E2ETests&#xD;
</StdOut>
    </Output>
    <RunInfos>
      <RunInfo computerName="PC001" outcome="Error" timestamp="2026-04-06T00:09:15.3253468-03:00">
        <Text>[xUnit.net 00:00:15.33]     FluxoCaixa.E2ETests.HappyPathE2ETests.Requisicao_Sem_Autenticacao_Deve_Retornar_401 [FAIL]</Text>
      </RunInfo>
      <RunInfo computerName="PC001" outcome="Error" timestamp="2026-04-06T00:09:15.3262169-03:00">
        <Text>[xUnit.net 00:00:15.34]     FluxoCaixa.E2ETests.HappyPathE2ETests.Multiplos_Lancamentos_Devem_Acumular_Saldo_Corretamente [FAIL]</Text>
      </RunInfo>
      <RunInfo computerName="PC001" outcome="Error" timestamp="2026-04-06T00:09:15.3273859-03:00">
        <Text>[xUnit.net 00:00:15.34]     FluxoCaixa.E2ETests.HappyPathE2ETests.Lancamento_Credito_Deve_Refletir_No_Saldo_Consolidado [FAIL]</Text>
      </RunInfo>
    </RunInfos>
  </ResultSummary>
</TestRun>