<?xml version="1.0" encoding="utf-8"?>
<TestRun id="13c632a3-1098-4dc5-80ab-89ed184e1e96" name="anderson.lazzari@PC001 2026-03-27 17:36:31" runUser="PC001\anderson.lazzari" xmlns="http://microsoft.com/schemas/VisualStudio/TeamTest/2010">
  <Times creation="2026-03-27T17:36:31.9218212-03:00" queuing="2026-03-27T17:36:31.9218216-03:00" start="2026-03-27T17:36:30.8583840-03:00" finish="2026-03-27T17:36:31.9371925-03:00" />
  <TestSettings name="default" id="fb504944-70a1-4a9b-a470-65ee2661bda7">
    <Deployment runDeploymentRoot="anderson.lazzari_PC001_2026-03-27_17_36_31" />
  </TestSettings>
  <Results>
    <UnitTestResult executionId="1bb764fa-7c9e-4c90-945d-e4dd659a33a6" testId="bf9cc7fe-22d0-7e93-5053-f19b1c69afbb" testName="Lancamentos.API.IntegrationTests.LancamentosApiTests.POST_LancamentoValido_Retorna_201" computerName="PC001" duration="00:00:00.0010000" startTime="2026-03-27T17:36:31.8004426-03:00" endTime="2026-03-27T17:36:31.8004428-03:00" testType="13cdc9d9-ddb5-4fa4-a97d-d965ccfc6d4b" outcome="Failed" testListId="8c84fa94-04c1-424b-9868-57a2d4851a1d" relativeResultsDirectory="1bb764fa-7c9e-4c90-945d-e4dd659a33a6">
      <Output>
        <ErrorInfo>
          <Message>System.ArgumentException : Duplicate health checks were registered with the name(s): masstransit-bus (Parameter 'registrations')</Message>
          <StackTrace>   at Microsoft.Extensions.Diagnostics.HealthChecks.DefaultHealthCheckService.ValidateRegistrations(IEnumerable`1 registrations)&#xD;
   at InvokeStub_DefaultHealthCheckService..ctor(Object, Span`1)&#xD;
   at System.Reflection.MethodBaseInvoker.InvokeWithFewArgs(Object obj, BindingFlags invokeAttr, Binder binder, Object[] parameters, CultureInfo culture)&#xD;
   at System.Reflection.RuntimeConstructorInfo.Invoke(BindingFlags invokeAttr, Binder binder, Object[] parameters, CultureInfo culture)&#xD;
   at Microsoft.Extensions.DependencyInjection.ServiceLookup.CallSiteRuntimeResolver.VisitConstructor(ConstructorCallSite constructorCallSite, RuntimeResolverContext context)&#xD;
   at Microsoft.Extensions.DependencyInjection.ServiceLookup.CallSiteVisitor`2.VisitCallSiteMain(ServiceCallSite callSite, TArgument argument)&#xD;
   at Microsoft.Extensions.DependencyInjection.ServiceLookup.CallSiteRuntimeResolver.VisitRootCache(ServiceCallSite callSite, RuntimeResolverContext context)&#xD;
   at Microsoft.Extensions.DependencyInjection.ServiceLookup.CallSiteVisitor`2.VisitCallSite(ServiceCallSite callSite, TArgument argument)&#xD;
   at Microsoft.Extensions.DependencyInjection.ServiceLookup.CallSiteRuntimeResolver.VisitConstructor(ConstructorCallSite constructorCallSite, RuntimeResolverContext context)&#xD;
   at Microsoft.Extensions.DependencyInjection.ServiceLookup.CallSiteVisitor`2.VisitCallSiteMain(ServiceCallSite callSite, TArgument argument)&#xD;
   at Microsoft.Extensions.DependencyInjection.ServiceLookup.CallSiteRuntimeResolver.VisitRootCache(ServiceCallSite callSite, RuntimeResolverContext context)&#xD;
   at Microsoft.Extensions.DependencyInjection.ServiceLookup.CallSiteVisitor`2.VisitCallSite(ServiceCallSite callSite, TArgument argument)&#xD;
   at Microsoft.Extensions.DependencyInjection.ServiceLookup.CallSiteRuntimeResolver.VisitIEnumerable(IEnumerableCallSite enumerableCallSite, RuntimeResolverContext context)&#xD;
   at Microsoft.Extensions.DependencyInjection.ServiceLookup.CallSiteVisitor`2.VisitCallSiteMain(ServiceCallSite callSite, TArgument argument)&#xD;
   at Microsoft.Extensions.DependencyInjection.ServiceLookup.CallSiteRuntimeResolver.VisitRootCache(ServiceCallSite callSite, RuntimeResolverContext context)&#xD;
   at Microsoft.Extensions.DependencyInjection.ServiceLookup.CallSiteVisitor`2.VisitCallSite(ServiceCallSite callSite, TArgument argument)&#xD;
   at Microsoft.Extensions.DependencyInjection.ServiceLookup.CallSiteRuntimeResolver.Resolve(ServiceCallSite callSite, ServiceProviderEngineScope scope)&#xD;
   at Microsoft.Extensions.DependencyInjection.ServiceProvider.CreateServiceAccessor(ServiceIdentifier serviceIdentifier)&#xD;
   at System.Collections.Concurrent.ConcurrentDictionary`2.GetOrAdd(TKey key, Func`2 valueFactory)&#xD;
   at Microsoft.Extensions.DependencyInjection.ServiceProvider.GetService(ServiceIdentifier serviceIdentifier, ServiceProviderEngineScope serviceProviderEngineScope)&#xD;
   at Microsoft.Extensions.DependencyInjection.ServiceProvider.GetService(Type serviceType)&#xD;
   at Microsoft.Extensions.DependencyInjection.ServiceProviderServiceExtensions.GetRequiredService(IServiceProvider provider, Type serviceType)&#xD;
   at Microsoft.Extensions.DependencyInjection.ServiceProviderServiceExtensions.GetRequiredService[T](IServiceProvider provider)&#xD;
   at Microsoft.Extensions.Hosting.Internal.Host.StartAsync(CancellationToken cancellationToken)&#xD;
   at Microsoft.Extensions.Hosting.HostingAbstractionsHostExtensions.RunAsync(IHost host, CancellationToken token)&#xD;
   at Microsoft.Extensions.Hosting.HostingAbstractionsHostExtensions.RunAsync(IHost host, CancellationToken token)&#xD;
   at Microsoft.Extensions.Hosting.HostingAbstractionsHostExtensions.Run(IHost host)&#xD;
   at Program.&lt;Main&gt;$(String[] args) in D:\1.DERX_TECH\DesafioVerx\verx-challenge\src\services\Lancamentos.API\Program.cs:line 132&#xD;
   at InvokeStub_Program.&lt;Main&gt;$(Object, Span`1)&#xD;
   at System.Reflection.MethodBaseInvoker.InvokeWithOneArg(Object obj, BindingFlags invokeAttr, Binder binder, Object[] parameters, CultureInfo culture)&#xD;
--- End of stack trace from previous location ---&#xD;
   at Microsoft.AspNetCore.Mvc.Testing.DeferredHostBuilder.DeferredHost.StartAsync(CancellationToken cancellationToken)&#xD;
   at Microsoft.Extensions.Hosting.HostingAbstractionsHostExtensions.Start(IHost host)&#xD;
   at Microsoft.AspNetCore.Mvc.Testing.WebApplicationFactory`1.CreateHost(IHostBuilder builder)&#xD;
   at Microsoft.AspNetCore.Mvc.Testing.WebApplicationFactory`1.ConfigureHostBuilder(IHostBuilder hostBuilder)&#xD;
   at Microsoft.AspNetCore.Mvc.Testing.WebApplicationFactory`1.EnsureServer()&#xD;
   at Microsoft.AspNetCore.Mvc.Testing.WebApplicationFactory`1.CreateDefaultClient(DelegatingHandler[] handlers)&#xD;
   at Microsoft.AspNetCore.Mvc.Testing.WebApplicationFactory`1.CreateDefaultClient(Uri baseAddress, DelegatingHandler[] handlers)&#xD;
   at Microsoft.AspNetCore.Mvc.Testing.WebApplicationFactory`1.CreateClient(WebApplicationFactoryClientOptions options)&#xD;
   at Microsoft.AspNetCore.Mvc.Testing.WebApplicationFactory`1.CreateClient()&#xD;
   at Lancamentos.API.IntegrationTests.LancamentosApiTests..ctor(CustomWebApplicationFactory factory) in D:\1.DERX_TECH\DesafioVerx\verx-challenge\tests\integration\Lancamentos.API.IntegrationTests\LancamentosApiTests.cs:line 22&#xD;
   at InvokeStub_LancamentosApiTests..ctor(Object, Span`1)&#xD;
   at System.Reflection.MethodBaseInvoker.InvokeWithOneArg(Object obj, BindingFlags invokeAttr, Binder binder, Object[] parameters, CultureInfo culture)</StackTrace>
        </ErrorInfo>
      </Output>
    </UnitTestResult>
    <UnitTestResult executionId="e313aa1e-ebf2-4614-b4a8-c66838ba56fe" testId="2b6fdcbd-9c2b-e774-6777-c603d91f22ce" testName="Lancamentos.API.IntegrationTests.LancamentosApiTests.POST_ComToken_Persiste_No_Banco" computerName="PC001" duration="00:00:00.0010000" startTime="2026-03-27T17:36:31.8104797-03:00" endTime="2026-03-27T17:36:31.8104800-03:00" testType="13cdc9d9-ddb5-4fa4-a97d-d965ccfc6d4b" outcome="Failed" testListId="8c84fa94-04c1-424b-9868-57a2d4851a1d" relativeResultsDirectory="e313aa1e-ebf2-4614-b4a8-c66838ba56fe">
      <Output>
        <ErrorInfo>
          <Message>System.ArgumentException : Duplicate health checks were registered with the name(s): masstransit-bus (Parameter 'registrations')</Message>
          <StackTrace>   at Microsoft.Extensions.Diagnostics.HealthChecks.DefaultHealthCheckService.ValidateRegistrations(IEnumerable`1 registrations)&#xD;
   at InvokeStub_DefaultHealthCheckService..ctor(Object, Span`1)&#xD;
   at System.Reflection.MethodBaseInvoker.InvokeWithFewArgs(Object obj, BindingFlags invokeAttr, Binder binder, Object[] parameters, CultureInfo culture)&#xD;
   at System.Reflection.RuntimeConstructorInfo.Invoke(BindingFlags invokeAttr, Binder binder, Object[] parameters, CultureInfo culture)&#xD;
   at Microsoft.Extensions.DependencyInjection.ServiceLookup.CallSiteRuntimeResolver.VisitConstructor(ConstructorCallSite constructorCallSite, RuntimeResolverContext context)&#xD;
   at Microsoft.Extensions.DependencyInjection.ServiceLookup.CallSiteVisitor`2.VisitCallSiteMain(ServiceCallSite callSite, TArgument argument)&#xD;
   at Microsoft.Extensions.DependencyInjection.ServiceLookup.CallSiteRuntimeResolver.VisitRootCache(ServiceCallSite callSite, RuntimeResolverContext context)&#xD;
   at Microsoft.Extensions.DependencyInjection.ServiceLookup.CallSiteVisitor`2.VisitCallSite(ServiceCallSite callSite, TArgument argument)&#xD;
   at Microsoft.Extensions.DependencyInjection.ServiceLookup.CallSiteRuntimeResolver.VisitConstructor(ConstructorCallSite constructorCallSite, RuntimeResolverContext context)&#xD;
   at Microsoft.Extensions.DependencyInjection.ServiceLookup.CallSiteVisitor`2.VisitCallSiteMain(ServiceCallSite callSite, TArgument argument)&#xD;
   at Microsoft.Extensions.DependencyInjection.ServiceLookup.CallSiteRuntimeResolver.VisitRootCache(ServiceCallSite callSite, RuntimeResolverContext context)&#xD;
   at Microsoft.Extensions.DependencyInjection.ServiceLookup.CallSiteVisitor`2.VisitCallSite(ServiceCallSite callSite, TArgument argument)&#xD;
   at Microsoft.Extensions.DependencyInjection.ServiceLookup.CallSiteRuntimeResolver.VisitIEnumerable(IEnumerableCallSite enumerableCallSite, RuntimeResolverContext context)&#xD;
   at Microsoft.Extensions.DependencyInjection.ServiceLookup.CallSiteVisitor`2.VisitCallSiteMain(ServiceCallSite callSite, TArgument argument)&#xD;
   at Microsoft.Extensions.DependencyInjection.ServiceLookup.CallSiteRuntimeResolver.VisitRootCache(ServiceCallSite callSite, RuntimeResolverContext context)&#xD;
   at Microsoft.Extensions.DependencyInjection.ServiceLookup.CallSiteVisitor`2.VisitCallSite(ServiceCallSite callSite, TArgument argument)&#xD;
   at Microsoft.Extensions.DependencyInjection.ServiceLookup.CallSiteRuntimeResolver.Resolve(ServiceCallSite callSite, ServiceProviderEngineScope scope)&#xD;
   at Microsoft.Extensions.DependencyInjection.ServiceProvider.CreateServiceAccessor(ServiceIdentifier serviceIdentifier)&#xD;
   at System.Collections.Concurrent.ConcurrentDictionary`2.GetOrAdd(TKey key, Func`2 valueFactory)&#xD;
   at Microsoft.Extensions.DependencyInjection.ServiceProvider.GetService(ServiceIdentifier serviceIdentifier, ServiceProviderEngineScope serviceProviderEngineScope)&#xD;
   at Microsoft.Extensions.DependencyInjection.ServiceProvider.GetService(Type serviceType)&#xD;
   at Microsoft.Extensions.DependencyInjection.ServiceProviderServiceExtensions.GetRequiredService(IServiceProvider provider, Type serviceType)&#xD;
   at Microsoft.Extensions.DependencyInjection.ServiceProviderServiceExtensions.GetRequiredService[T](IServiceProvider provider)&#xD;
   at Microsoft.Extensions.Hosting.Internal.Host.StartAsync(CancellationToken cancellationToken)&#xD;
   at Microsoft.Extensions.Hosting.HostingAbstractionsHostExtensions.RunAsync(IHost host, CancellationToken token)&#xD;
   at Microsoft.Extensions.Hosting.HostingAbstractionsHostExtensions.RunAsync(IHost host, CancellationToken token)&#xD;
   at Microsoft.Extensions.Hosting.HostingAbstractionsHostExtensions.Run(IHost host)&#xD;
   at Program.&lt;Main&gt;$(String[] args) in D:\1.DERX_TECH\DesafioVerx\verx-challenge\src\services\Lancamentos.API\Program.cs:line 132&#xD;
   at InvokeStub_Program.&lt;Main&gt;$(Object, Span`1)&#xD;
   at System.Reflection.MethodBaseInvoker.InvokeWithOneArg(Object obj, BindingFlags invokeAttr, Binder binder, Object[] parameters, CultureInfo culture)&#xD;
--- End of stack trace from previous location ---&#xD;
   at Microsoft.AspNetCore.Mvc.Testing.DeferredHostBuilder.DeferredHost.StartAsync(CancellationToken cancellationToken)&#xD;
   at Microsoft.Extensions.Hosting.HostingAbstractionsHostExtensions.Start(IHost host)&#xD;
   at Microsoft.AspNetCore.Mvc.Testing.WebApplicationFactory`1.CreateHost(IHostBuilder builder)&#xD;
   at Microsoft.AspNetCore.Mvc.Testing.WebApplicationFactory`1.ConfigureHostBuilder(IHostBuilder hostBuilder)&#xD;
   at Microsoft.AspNetCore.Mvc.Testing.WebApplicationFactory`1.EnsureServer()&#xD;
   at Microsoft.AspNetCore.Mvc.Testing.WebApplicationFactory`1.CreateDefaultClient(DelegatingHandler[] handlers)&#xD;
   at Microsoft.AspNetCore.Mvc.Testing.WebApplicationFactory`1.CreateDefaultClient(Uri baseAddress, DelegatingHandler[] handlers)&#xD;
   at Microsoft.AspNetCore.Mvc.Testing.WebApplicationFactory`1.CreateClient(WebApplicationFactoryClientOptions options)&#xD;
   at Microsoft.AspNetCore.Mvc.Testing.WebApplicationFactory`1.CreateClient()&#xD;
   at Lancamentos.API.IntegrationTests.LancamentosApiTests..ctor(CustomWebApplicationFactory factory) in D:\1.DERX_TECH\DesafioVerx\verx-challenge\tests\integration\Lancamentos.API.IntegrationTests\LancamentosApiTests.cs:line 22&#xD;
   at InvokeStub_LancamentosApiTests..ctor(Object, Span`1)&#xD;
   at System.Reflection.MethodBaseInvoker.InvokeWithOneArg(Object obj, BindingFlags invokeAttr, Binder binder, Object[] parameters, CultureInfo culture)</StackTrace>
        </ErrorInfo>
      </Output>
    </UnitTestResult>
    <UnitTestResult executionId="d9717c68-8468-4d5d-ad79-163a90c2dad4" testId="b6a88165-a095-032d-73fb-1ed0f5d1bce8" testName="Lancamentos.API.IntegrationTests.LancamentosApiTests.POST_LancamentoInvalido_Retorna_Erro" computerName="PC001" duration="00:00:00.0010000" startTime="2026-03-27T17:36:31.7918275-03:00" endTime="2026-03-27T17:36:31.7918278-03:00" testType="13cdc9d9-ddb5-4fa4-a97d-d965ccfc6d4b" outcome="Failed" testListId="8c84fa94-04c1-424b-9868-57a2d4851a1d" relativeResultsDirectory="d9717c68-8468-4d5d-ad79-163a90c2dad4">
      <Output>
        <ErrorInfo>
          <Message>System.ArgumentException : Duplicate health checks were registered with the name(s): masstransit-bus (Parameter 'registrations')</Message>
          <StackTrace>   at Microsoft.Extensions.Diagnostics.HealthChecks.DefaultHealthCheckService.ValidateRegistrations(IEnumerable`1 registrations)&#xD;
   at InvokeStub_DefaultHealthCheckService..ctor(Object, Span`1)&#xD;
   at System.Reflection.MethodBaseInvoker.InvokeWithFewArgs(Object obj, BindingFlags invokeAttr, Binder binder, Object[] parameters, CultureInfo culture)&#xD;
   at System.Reflection.RuntimeConstructorInfo.Invoke(BindingFlags invokeAttr, Binder binder, Object[] parameters, CultureInfo culture)&#xD;
   at Microsoft.Extensions.DependencyInjection.ServiceLookup.CallSiteRuntimeResolver.VisitConstructor(ConstructorCallSite constructorCallSite, RuntimeResolverContext context)&#xD;
   at Microsoft.Extensions.DependencyInjection.ServiceLookup.CallSiteVisitor`2.VisitCallSiteMain(ServiceCallSite callSite, TArgument argument)&#xD;
   at Microsoft.Extensions.DependencyInjection.ServiceLookup.CallSiteRuntimeResolver.VisitRootCache(ServiceCallSite callSite, RuntimeResolverContext context)&#xD;
   at Microsoft.Extensions.DependencyInjection.ServiceLookup.CallSiteVisitor`2.VisitCallSite(ServiceCallSite callSite, TArgument argument)&#xD;
   at Microsoft.Extensions.DependencyInjection.ServiceLookup.CallSiteRuntimeResolver.VisitConstructor(ConstructorCallSite constructorCallSite, RuntimeResolverContext context)&#xD;
   at Microsoft.Extensions.DependencyInjection.ServiceLookup.CallSiteVisitor`2.VisitCallSiteMain(ServiceCallSite callSite, TArgument argument)&#xD;
   at Microsoft.Extensions.DependencyInjection.ServiceLookup.CallSiteRuntimeResolver.VisitRootCache(ServiceCallSite callSite, RuntimeResolverContext context)&#xD;
   at Microsoft.Extensions.DependencyInjection.ServiceLookup.CallSiteVisitor`2.VisitCallSite(ServiceCallSite callSite, TArgument argument)&#xD;
   at Microsoft.Extensions.DependencyInjection.ServiceLookup.CallSiteRuntimeResolver.VisitIEnumerable(IEnumerableCallSite enumerableCallSite, RuntimeResolverContext context)&#xD;
   at Microsoft.Extensions.DependencyInjection.ServiceLookup.CallSiteVisitor`2.VisitCallSiteMain(ServiceCallSite callSite, TArgument argument)&#xD;
   at Microsoft.Extensions.DependencyInjection.ServiceLookup.CallSiteRuntimeResolver.VisitRootCache(ServiceCallSite callSite, RuntimeResolverContext context)&#xD;
   at Microsoft.Extensions.DependencyInjection.ServiceLookup.CallSiteVisitor`2.VisitCallSite(ServiceCallSite callSite, TArgument argument)&#xD;
   at Microsoft.Extensions.DependencyInjection.ServiceLookup.CallSiteRuntimeResolver.Resolve(ServiceCallSite callSite, ServiceProviderEngineScope scope)&#xD;
   at Microsoft.Extensions.DependencyInjection.ServiceProvider.CreateServiceAccessor(ServiceIdentifier serviceIdentifier)&#xD;
   at System.Collections.Concurrent.ConcurrentDictionary`2.GetOrAdd(TKey key, Func`2 valueFactory)&#xD;
   at Microsoft.Extensions.DependencyInjection.ServiceProvider.GetService(ServiceIdentifier serviceIdentifier, ServiceProviderEngineScope serviceProviderEngineScope)&#xD;
   at Microsoft.Extensions.DependencyInjection.ServiceProvider.GetService(Type serviceType)&#xD;
   at Microsoft.Extensions.DependencyInjection.ServiceProviderServiceExtensions.GetRequiredService(IServiceProvider provider, Type serviceType)&#xD;
   at Microsoft.Extensions.DependencyInjection.ServiceProviderServiceExtensions.GetRequiredService[T](IServiceProvider provider)&#xD;
   at Microsoft.Extensions.Hosting.Internal.Host.StartAsync(CancellationToken cancellationToken)&#xD;
   at Microsoft.Extensions.Hosting.HostingAbstractionsHostExtensions.RunAsync(IHost host, CancellationToken token)&#xD;
   at Microsoft.Extensions.Hosting.HostingAbstractionsHostExtensions.RunAsync(IHost host, CancellationToken token)&#xD;
   at Microsoft.Extensions.Hosting.HostingAbstractionsHostExtensions.Run(IHost host)&#xD;
   at Program.&lt;Main&gt;$(String[] args) in D:\1.DERX_TECH\DesafioVerx\verx-challenge\src\services\Lancamentos.API\Program.cs:line 132&#xD;
   at InvokeStub_Program.&lt;Main&gt;$(Object, Span`1)&#xD;
   at System.Reflection.MethodBaseInvoker.InvokeWithOneArg(Object obj, BindingFlags invokeAttr, Binder binder, Object[] parameters, CultureInfo culture)&#xD;
--- End of stack trace from previous location ---&#xD;
   at Microsoft.AspNetCore.Mvc.Testing.DeferredHostBuilder.DeferredHost.StartAsync(CancellationToken cancellationToken)&#xD;
   at Microsoft.Extensions.Hosting.HostingAbstractionsHostExtensions.Start(IHost host)&#xD;
   at Microsoft.AspNetCore.Mvc.Testing.WebApplicationFactory`1.CreateHost(IHostBuilder builder)&#xD;
   at Microsoft.AspNetCore.Mvc.Testing.WebApplicationFactory`1.ConfigureHostBuilder(IHostBuilder hostBuilder)&#xD;
   at Microsoft.AspNetCore.Mvc.Testing.WebApplicationFactory`1.EnsureServer()&#xD;
   at Microsoft.AspNetCore.Mvc.Testing.WebApplicationFactory`1.CreateDefaultClient(DelegatingHandler[] handlers)&#xD;
   at Microsoft.AspNetCore.Mvc.Testing.WebApplicationFactory`1.CreateDefaultClient(Uri baseAddress, DelegatingHandler[] handlers)&#xD;
   at Microsoft.AspNetCore.Mvc.Testing.WebApplicationFactory`1.CreateClient(WebApplicationFactoryClientOptions options)&#xD;
   at Microsoft.AspNetCore.Mvc.Testing.WebApplicationFactory`1.CreateClient()&#xD;
   at Lancamentos.API.IntegrationTests.LancamentosApiTests..ctor(CustomWebApplicationFactory factory) in D:\1.DERX_TECH\DesafioVerx\verx-challenge\tests\integration\Lancamentos.API.IntegrationTests\LancamentosApiTests.cs:line 22&#xD;
   at InvokeStub_LancamentosApiTests..ctor(Object, Span`1)&#xD;
   at System.Reflection.MethodBaseInvoker.InvokeWithOneArg(Object obj, BindingFlags invokeAttr, Binder binder, Object[] parameters, CultureInfo culture)</StackTrace>
        </ErrorInfo>
      </Output>
    </UnitTestResult>
    <UnitTestResult executionId="24abba0f-a97c-4cbb-baec-8fb1a4cc2b1c" testId="6957360c-bda0-d1a2-940a-d6b2b21cdf5f" testName="Lancamentos.API.IntegrationTests.LancamentosApiTests.POST_SemToken_Retorna_401" computerName="PC001" duration="00:00:00.0010000" startTime="2026-03-27T17:36:31.7674932-03:00" endTime="2026-03-27T17:36:31.7675410-03:00" testType="13cdc9d9-ddb5-4fa4-a97d-d965ccfc6d4b" outcome="Failed" testListId="8c84fa94-04c1-424b-9868-57a2d4851a1d" relativeResultsDirectory="24abba0f-a97c-4cbb-baec-8fb1a4cc2b1c">
      <Output>
        <ErrorInfo>
          <Message>System.ArgumentException : Duplicate health checks were registered with the name(s): masstransit-bus (Parameter 'registrations')</Message>
          <StackTrace>   at Microsoft.Extensions.Diagnostics.HealthChecks.DefaultHealthCheckService.ValidateRegistrations(IEnumerable`1 registrations)&#xD;
   at System.RuntimeMethodHandle.InvokeMethod(Object target, Void** arguments, Signature sig, Boolean isConstructor)&#xD;
   at System.Reflection.MethodBaseInvoker.InvokeDirectByRefWithFewArgs(Object obj, Span`1 copyOfArgs, BindingFlags invokeAttr)&#xD;
   at System.Reflection.MethodBaseInvoker.InvokeWithFewArgs(Object obj, BindingFlags invokeAttr, Binder binder, Object[] parameters, CultureInfo culture)&#xD;
   at System.Reflection.RuntimeConstructorInfo.Invoke(BindingFlags invokeAttr, Binder binder, Object[] parameters, CultureInfo culture)&#xD;
   at Microsoft.Extensions.DependencyInjection.ServiceLookup.CallSiteRuntimeResolver.VisitConstructor(ConstructorCallSite constructorCallSite, RuntimeResolverContext context)&#xD;
   at Microsoft.Extensions.DependencyInjection.ServiceLookup.CallSiteVisitor`2.VisitCallSiteMain(ServiceCallSite callSite, TArgument argument)&#xD;
   at Microsoft.Extensions.DependencyInjection.ServiceLookup.CallSiteRuntimeResolver.VisitRootCache(ServiceCallSite callSite, RuntimeResolverContext context)&#xD;
   at Microsoft.Extensions.DependencyInjection.ServiceLookup.CallSiteVisitor`2.VisitCallSite(ServiceCallSite callSite, TArgument argument)&#xD;
   at Microsoft.Extensions.DependencyInjection.ServiceLookup.CallSiteRuntimeResolver.VisitConstructor(ConstructorCallSite constructorCallSite, RuntimeResolverContext context)&#xD;
   at Microsoft.Extensions.DependencyInjection.ServiceLookup.CallSiteVisitor`2.VisitCallSiteMain(ServiceCallSite callSite, TArgument argument)&#xD;
   at Microsoft.Extensions.DependencyInjection.ServiceLookup.CallSiteRuntimeResolver.VisitRootCache(ServiceCallSite callSite, RuntimeResolverContext context)&#xD;
   at Microsoft.Extensions.DependencyInjection.ServiceLookup.CallSiteVisitor`2.VisitCallSite(ServiceCallSite callSite, TArgument argument)&#xD;
   at Microsoft.Extensions.DependencyInjection.ServiceLookup.CallSiteRuntimeResolver.VisitIEnumerable(IEnumerableCallSite enumerableCallSite, RuntimeResolverContext context)&#xD;
   at Microsoft.Extensions.DependencyInjection.ServiceLookup.CallSiteVisitor`2.VisitCallSiteMain(ServiceCallSite callSite, TArgument argument)&#xD;
   at Microsoft.Extensions.DependencyInjection.ServiceLookup.CallSiteRuntimeResolver.VisitRootCache(ServiceCallSite callSite, RuntimeResolverContext context)&#xD;
   at Microsoft.Extensions.DependencyInjection.ServiceLookup.CallSiteVisitor`2.VisitCallSite(ServiceCallSite callSite, TArgument argument)&#xD;
   at Microsoft.Extensions.DependencyInjection.ServiceLookup.CallSiteRuntimeResolver.Resolve(ServiceCallSite callSite, ServiceProviderEngineScope scope)&#xD;
   at Microsoft.Extensions.DependencyInjection.ServiceProvider.CreateServiceAccessor(ServiceIdentifier serviceIdentifier)&#xD;
   at System.Collections.Concurrent.ConcurrentDictionary`2.GetOrAdd(TKey key, Func`2 valueFactory)&#xD;
   at Microsoft.Extensions.DependencyInjection.ServiceProvider.GetService(ServiceIdentifier serviceIdentifier, ServiceProviderEngineScope serviceProviderEngineScope)&#xD;
   at Microsoft.Extensions.DependencyInjection.ServiceProvider.GetService(Type serviceType)&#xD;
   at Microsoft.Extensions.DependencyInjection.ServiceProviderServiceExtensions.GetRequiredService(IServiceProvider provider, Type serviceType)&#xD;
   at Microsoft.Extensions.DependencyInjection.ServiceProviderServiceExtensions.GetRequiredService[T](IServiceProvider provider)&#xD;
   at Microsoft.Extensions.Hosting.Internal.Host.StartAsync(CancellationToken cancellationToken)&#xD;
   at Microsoft.Extensions.Hosting.HostingAbstractionsHostExtensions.RunAsync(IHost host, CancellationToken token)&#xD;
   at Microsoft.Extensions.Hosting.HostingAbstractionsHostExtensions.RunAsync(IHost host, CancellationToken token)&#xD;
   at Microsoft.Extensions.Hosting.HostingAbstractionsHostExtensions.Run(IHost host)&#xD;
   at Program.&lt;Main&gt;$(String[] args) in D:\1.DERX_TECH\DesafioVerx\verx-challenge\src\services\Lancamentos.API\Program.cs:line 132&#xD;
   at System.RuntimeMethodHandle.InvokeMethod(Object target, Void** arguments, Signature sig, Boolean isConstructor)&#xD;
   at System.Reflection.MethodBaseInvoker.InvokeDirectByRefWithFewArgs(Object obj, Span`1 copyOfArgs, BindingFlags invokeAttr)&#xD;
--- End of stack trace from previous location ---&#xD;
   at Microsoft.AspNetCore.Mvc.Testing.DeferredHostBuilder.DeferredHost.StartAsync(CancellationToken cancellationToken)&#xD;
   at Microsoft.Extensions.Hosting.HostingAbstractionsHostExtensions.Start(IHost host)&#xD;
   at Microsoft.AspNetCore.Mvc.Testing.WebApplicationFactory`1.CreateHost(IHostBuilder builder)&#xD;
   at Microsoft.AspNetCore.Mvc.Testing.WebApplicationFactory`1.ConfigureHostBuilder(IHostBuilder hostBuilder)&#xD;
   at Microsoft.AspNetCore.Mvc.Testing.WebApplicationFactory`1.EnsureServer()&#xD;
   at Microsoft.AspNetCore.Mvc.Testing.WebApplicationFactory`1.CreateDefaultClient(DelegatingHandler[] handlers)&#xD;
   at Microsoft.AspNetCore.Mvc.Testing.WebApplicationFactory`1.CreateDefaultClient(Uri baseAddress, DelegatingHandler[] handlers)&#xD;
   at Microsoft.AspNetCore.Mvc.Testing.WebApplicationFactory`1.CreateClient(WebApplicationFactoryClientOptions options)&#xD;
   at Microsoft.AspNetCore.Mvc.Testing.WebApplicationFactory`1.CreateClient()&#xD;
   at Lancamentos.API.IntegrationTests.LancamentosApiTests..ctor(CustomWebApplicationFactory factory) in D:\1.DERX_TECH\DesafioVerx\verx-challenge\tests\integration\Lancamentos.API.IntegrationTests\LancamentosApiTests.cs:line 22&#xD;
   at System.RuntimeMethodHandle.InvokeMethod(Object target, Void** arguments, Signature sig, Boolean isConstructor)&#xD;
   at System.Reflection.MethodBaseInvoker.InvokeDirectByRefWithFewArgs(Object obj, Span`1 copyOfArgs, BindingFlags invokeAttr)</StackTrace>
        </ErrorInfo>
      </Output>
    </UnitTestResult>
  </Results>
  <TestDefinitions>
    <UnitTest name="Lancamentos.API.IntegrationTests.LancamentosApiTests.POST_LancamentoValido_Retorna_201" storage="d:\1.derx_tech\desafioverx\verx-challenge\tests\integration\lancamentos.api.integrationtests\bin\debug\net9.0\lancamentos.api.integrationtests.dll" id="bf9cc7fe-22d0-7e93-5053-f19b1c69afbb">
      <Execution id="1bb764fa-7c9e-4c90-945d-e4dd659a33a6" />
      <TestMethod codeBase="D:\1.DERX_TECH\DesafioVerx\verx-challenge\tests\integration\Lancamentos.API.IntegrationTests\bin\Debug\net9.0\Lancamentos.API.IntegrationTests.dll" adapterTypeName="executor://xunit/VsTestRunner2/netcoreapp" className="Lancamentos.API.IntegrationTests.LancamentosApiTests" name="POST_LancamentoValido_Retorna_201" />
    </UnitTest>
    <UnitTest name="Lancamentos.API.IntegrationTests.LancamentosApiTests.POST_ComToken_Persiste_No_Banco" storage="d:\1.derx_tech\desafioverx\verx-challenge\tests\integration\lancamentos.api.integrationtests\bin\debug\net9.0\lancamentos.api.integrationtests.dll" id="2b6fdcbd-9c2b-e774-6777-c603d91f22ce">
      <Execution id="e313aa1e-ebf2-4614-b4a8-c66838ba56fe" />
      <TestMethod codeBase="D:\1.DERX_TECH\DesafioVerx\verx-challenge\tests\integration\Lancamentos.API.IntegrationTests\bin\Debug\net9.0\Lancamentos.API.IntegrationTests.dll" adapterTypeName="executor://xunit/VsTestRunner2/netcoreapp" className="Lancamentos.API.IntegrationTests.LancamentosApiTests" name="POST_ComToken_Persiste_No_Banco" />
    </UnitTest>
    <UnitTest name="Lancamentos.API.IntegrationTests.LancamentosApiTests.POST_SemToken_Retorna_401" storage="d:\1.derx_tech\desafioverx\verx-challenge\tests\integration\lancamentos.api.integrationtests\bin\debug\net9.0\lancamentos.api.integrationtests.dll" id="6957360c-bda0-d1a2-940a-d6b2b21cdf5f">
      <Execution id="24abba0f-a97c-4cbb-baec-8fb1a4cc2b1c" />
      <TestMethod codeBase="D:\1.DERX_TECH\DesafioVerx\verx-challenge\tests\integration\Lancamentos.API.IntegrationTests\bin\Debug\net9.0\Lancamentos.API.IntegrationTests.dll" adapterTypeName="executor://xunit/VsTestRunner2/netcoreapp" className="Lancamentos.API.IntegrationTests.LancamentosApiTests" name="POST_SemToken_Retorna_401" />
    </UnitTest>
    <UnitTest name="Lancamentos.API.IntegrationTests.LancamentosApiTests.POST_LancamentoInvalido_Retorna_Erro" storage="d:\1.derx_tech\desafioverx\verx-challenge\tests\integration\lancamentos.api.integrationtests\bin\debug\net9.0\lancamentos.api.integrationtests.dll" id="b6a88165-a095-032d-73fb-1ed0f5d1bce8">
      <Execution id="d9717c68-8468-4d5d-ad79-163a90c2dad4" />
      <TestMethod codeBase="D:\1.DERX_TECH\DesafioVerx\verx-challenge\tests\integration\Lancamentos.API.IntegrationTests\bin\Debug\net9.0\Lancamentos.API.IntegrationTests.dll" adapterTypeName="executor://xunit/VsTestRunner2/netcoreapp" className="Lancamentos.API.IntegrationTests.LancamentosApiTests" name="POST_LancamentoInvalido_Retorna_Erro" />
    </UnitTest>
  </TestDefinitions>
  <TestEntries>
    <TestEntry testId="bf9cc7fe-22d0-7e93-5053-f19b1c69afbb" executionId="1bb764fa-7c9e-4c90-945d-e4dd659a33a6" testListId="8c84fa94-04c1-424b-9868-57a2d4851a1d" />
    <TestEntry testId="2b6fdcbd-9c2b-e774-6777-c603d91f22ce" executionId="e313aa1e-ebf2-4614-b4a8-c66838ba56fe" testListId="8c84fa94-04c1-424b-9868-57a2d4851a1d" />
    <TestEntry testId="b6a88165-a095-032d-73fb-1ed0f5d1bce8" executionId="d9717c68-8468-4d5d-ad79-163a90c2dad4" testListId="8c84fa94-04c1-424b-9868-57a2d4851a1d" />
    <TestEntry testId="6957360c-bda0-d1a2-940a-d6b2b21cdf5f" executionId="24abba0f-a97c-4cbb-baec-8fb1a4cc2b1c" testListId="8c84fa94-04c1-424b-9868-57a2d4851a1d" />
  </TestEntries>
  <TestLists>
    <TestList name="Results Not in a List" id="8c84fa94-04c1-424b-9868-57a2d4851a1d" />
    <TestList name="All Loaded Results" id="19431567-8539-422a-85d7-44ee4e166bda" />
  </TestLists>
  <ResultSummary outcome="Failed">
    <Counters total="4" executed="4" passed="0" failed="4" error="0" timeout="0" aborted="0" inconclusive="0" passedButRunAborted="0" notRunnable="0" notExecuted="0" disconnected="0" warning="0" completed="0" inProgress="0" pending="0" />
    <Output>
      <StdOut>[xUnit.net 00:00:00.00] xUnit.net VSTest Adapter v2.8.2+699d445a1a (64-bit .NET 9.0.10)&#xD;
[xUnit.net 00:00:00.06]   Discovering: Lancamentos.API.IntegrationTests&#xD;
[xUnit.net 00:00:00.09]   Discovered:  Lancamentos.API.IntegrationTests&#xD;
[xUnit.net 00:00:00.10]   Starting:    Lancamentos.API.IntegrationTests&#xD;
[xUnit.net 00:00:00.53]       System.ArgumentException : Duplicate health checks were registered with the name(s): masstransit-bus (Parameter 'registrations')&#xD;
[xUnit.net 00:00:00.53]       Stack Trace:&#xD;
[xUnit.net 00:00:00.53]            at Microsoft.Extensions.Diagnostics.HealthChecks.DefaultHealthCheckService.ValidateRegistrations(IEnumerable`1 registrations)&#xD;
[xUnit.net 00:00:00.53]            at System.RuntimeMethodHandle.InvokeMethod(Object target, Void** arguments, Signature sig, Boolean isConstructor)&#xD;
[xUnit.net 00:00:00.53]            at System.Reflection.MethodBaseInvoker.InvokeDirectByRefWithFewArgs(Object obj, Span`1 copyOfArgs, BindingFlags invokeAttr)&#xD;
[xUnit.net 00:00:00.53]            at System.Reflection.MethodBaseInvoker.InvokeWithFewArgs(Object obj, BindingFlags invokeAttr, Binder binder, Object[] parameters, CultureInfo culture)&#xD;
[xUnit.net 00:00:00.53]            at System.Reflection.RuntimeConstructorInfo.Invoke(BindingFlags invokeAttr, Binder binder, Object[] parameters, CultureInfo culture)&#xD;
[xUnit.net 00:00:00.53]            at Microsoft.Extensions.DependencyInjection.ServiceLookup.CallSiteRuntimeResolver.VisitConstructor(ConstructorCallSite constructorCallSite, RuntimeResolverContext context)&#xD;
[xUnit.net 00:00:00.53]            at Microsoft.Extensions.DependencyInjection.ServiceLookup.CallSiteVisitor`2.VisitCallSiteMain(ServiceCallSite callSite, TArgument argument)&#xD;
[xUnit.net 00:00:00.53]            at Microsoft.Extensions.DependencyInjection.ServiceLookup.CallSiteRuntimeResolver.VisitRootCache(ServiceCallSite callSite, RuntimeResolverContext context)&#xD;
[xUnit.net 00:00:00.53]            at Microsoft.Extensions.DependencyInjection.ServiceLookup.CallSiteVisitor`2.VisitCallSite(ServiceCallSite callSite, TArgument argument)&#xD;
[xUnit.net 00:00:00.53]            at Microsoft.Extensions.DependencyInjection.ServiceLookup.CallSiteRuntimeResolver.VisitConstructor(ConstructorCallSite constructorCallSite, RuntimeResolverContext context)&#xD;
[xUnit.net 00:00:00.53]            at Microsoft.Extensions.DependencyInjection.ServiceLookup.CallSiteVisitor`2.VisitCallSiteMain(ServiceCallSite callSite, TArgument argument)&#xD;
[xUnit.net 00:00:00.53]            at Microsoft.Extensions.DependencyInjection.ServiceLookup.CallSiteRuntimeResolver.VisitRootCache(ServiceCallSite callSite, RuntimeResolverContext context)&#xD;
[xUnit.net 00:00:00.53]            at Microsoft.Extensions.DependencyInjection.ServiceLookup.CallSiteVisitor`2.VisitCallSite(ServiceCallSite callSite, TArgument argument)&#xD;
[xUnit.net 00:00:00.53]            at Microsoft.Extensions.DependencyInjection.ServiceLookup.CallSiteRuntimeResolver.VisitIEnumerable(IEnumerableCallSite enumerableCallSite, RuntimeResolverContext context)&#xD;
[xUnit.net 00:00:00.53]            at Microsoft.Extensions.DependencyInjection.ServiceLookup.CallSiteVisitor`2.VisitCallSiteMain(ServiceCallSite callSite, TArgument argument)&#xD;
[xUnit.net 00:00:00.53]            at Microsoft.Extensions.DependencyInjection.ServiceLookup.CallSiteRuntimeResolver.VisitRootCache(ServiceCallSite callSite, RuntimeResolverContext context)&#xD;
[xUnit.net 00:00:00.53]            at Microsoft.Extensions.DependencyInjection.ServiceLookup.CallSiteVisitor`2.VisitCallSite(ServiceCallSite callSite, TArgument argument)&#xD;
[xUnit.net 00:00:00.53]            at Microsoft.Extensions.DependencyInjection.ServiceLookup.CallSiteRuntimeResolver.Resolve(ServiceCallSite callSite, ServiceProviderEngineScope scope)&#xD;
[xUnit.net 00:00:00.53]            at Microsoft.Extensions.DependencyInjection.ServiceProvider.CreateServiceAccessor(ServiceIdentifier serviceIdentifier)&#xD;
[xUnit.net 00:00:00.53]            at System.Collections.Concurrent.ConcurrentDictionary`2.GetOrAdd(TKey key, Func`2 valueFactory)&#xD;
[xUnit.net 00:00:00.53]            at Microsoft.Extensions.DependencyInjection.ServiceProvider.GetService(ServiceIdentifier serviceIdentifier, ServiceProviderEngineScope serviceProviderEngineScope)&#xD;
[xUnit.net 00:00:00.53]            at Microsoft.Extensions.DependencyInjection.ServiceProvider.GetService(Type serviceType)&#xD;
[xUnit.net 00:00:00.53]            at Microsoft.Extensions.DependencyInjection.ServiceProviderServiceExtensions.GetRequiredService(IServiceProvider provider, Type serviceType)&#xD;
[xUnit.net 00:00:00.53]            at Microsoft.Extensions.DependencyInjection.ServiceProviderServiceExtensions.GetRequiredService[T](IServiceProvider provider)&#xD;
[xUnit.net 00:00:00.53]            at Microsoft.Extensions.Hosting.Internal.Host.StartAsync(CancellationToken cancellationToken)&#xD;
[xUnit.net 00:00:00.53]            at Microsoft.Extensions.Hosting.HostingAbstractionsHostExtensions.RunAsync(IHost host, CancellationToken token)&#xD;
[xUnit.net 00:00:00.53]            at Microsoft.Extensions.Hosting.HostingAbstractionsHostExtensions.RunAsync(IHost host, CancellationToken token)&#xD;
[xUnit.net 00:00:00.53]            at Microsoft.Extensions.Hosting.HostingAbstractionsHostExtensions.Run(IHost host)&#xD;
[xUnit.net 00:00:00.53]         D:\1.DERX_TECH\DesafioVerx\verx-challenge\src\services\Lancamentos.API\Program.cs(132,0): at Program.&lt;Main&gt;$(String[] args)&#xD;
[xUnit.net 00:00:00.53]            at System.RuntimeMethodHandle.InvokeMethod(Object target, Void** arguments, Signature sig, Boolean isConstructor)&#xD;
[xUnit.net 00:00:00.53]            at System.Reflection.MethodBaseInvoker.InvokeDirectByRefWithFewArgs(Object obj, Span`1 copyOfArgs, BindingFlags invokeAttr)&#xD;
[xUnit.net 00:00:00.53]         --- End of stack trace from previous location ---&#xD;
[xUnit.net 00:00:00.53]            at Microsoft.AspNetCore.Mvc.Testing.DeferredHostBuilder.DeferredHost.StartAsync(CancellationToken cancellationToken)&#xD;
[xUnit.net 00:00:00.53]            at Microsoft.Extensions.Hosting.HostingAbstractionsHostExtensions.Start(IHost host)&#xD;
[xUnit.net 00:00:00.53]            at Microsoft.AspNetCore.Mvc.Testing.WebApplicationFactory`1.CreateHost(IHostBuilder builder)&#xD;
[xUnit.net 00:00:00.53]            at Microsoft.AspNetCore.Mvc.Testing.WebApplicationFactory`1.ConfigureHostBuilder(IHostBuilder hostBuilder)&#xD;
[xUnit.net 00:00:00.53]            at Microsoft.AspNetCore.Mvc.Testing.WebApplicationFactory`1.EnsureServer()&#xD;
[xUnit.net 00:00:00.53]            at Microsoft.AspNetCore.Mvc.Testing.WebApplicationFactory`1.CreateDefaultClient(DelegatingHandler[] handlers)&#xD;
[xUnit.net 00:00:00.53]            at Microsoft.AspNetCore.Mvc.Testing.WebApplicationFactory`1.CreateDefaultClient(Uri baseAddress, DelegatingHandler[] handlers)&#xD;
[xUnit.net 00:00:00.53]            at Microsoft.AspNetCore.Mvc.Testing.WebApplicationFactory`1.CreateClient(WebApplicationFactoryClientOptions options)&#xD;
[xUnit.net 00:00:00.53]            at Microsoft.AspNetCore.Mvc.Testing.WebApplicationFactory`1.CreateClient()&#xD;
[xUnit.net 00:00:00.53]         D:\1.DERX_TECH\DesafioVerx\verx-challenge\tests\integration\Lancamentos.API.IntegrationTests\LancamentosApiTests.cs(22,0): at Lancamentos.API.IntegrationTests.LancamentosApiTests..ctor(CustomWebApplicationFactory factory)&#xD;
[xUnit.net 00:00:00.53]            at System.RuntimeMethodHandle.InvokeMethod(Object target, Void** arguments, Signature sig, Boolean isConstructor)&#xD;
[xUnit.net 00:00:00.53]            at System.Reflection.MethodBaseInvoker.InvokeDirectByRefWithFewArgs(Object obj, Span`1 copyOfArgs, BindingFlags invokeAttr)&#xD;
[xUnit.net 00:00:00.55]       System.ArgumentException : Duplicate health checks were registered with the name(s): masstransit-bus (Parameter 'registrations')&#xD;
[xUnit.net 00:00:00.55]       Stack Trace:&#xD;
[xUnit.net 00:00:00.55]            at Microsoft.Extensions.Diagnostics.HealthChecks.DefaultHealthCheckService.ValidateRegistrations(IEnumerable`1 registrations)&#xD;
[xUnit.net 00:00:00.55]            at InvokeStub_DefaultHealthCheckService..ctor(Object, Span`1)&#xD;
[xUnit.net 00:00:00.55]            at System.Reflection.MethodBaseInvoker.InvokeWithFewArgs(Object obj, BindingFlags invokeAttr, Binder binder, Object[] parameters, CultureInfo culture)&#xD;
[xUnit.net 00:00:00.55]            at System.Reflection.RuntimeConstructorInfo.Invoke(BindingFlags invokeAttr, Binder binder, Object[] parameters, CultureInfo culture)&#xD;
[xUnit.net 00:00:00.56]            at Microsoft.Extensions.DependencyInjection.ServiceLookup.CallSiteRuntimeResolver.VisitConstructor(ConstructorCallSite constructorCallSite, RuntimeResolverContext context)&#xD;
[xUnit.net 00:00:00.56]            at Microsoft.Extensions.DependencyInjection.ServiceLookup.CallSiteVisitor`2.VisitCallSiteMain(ServiceCallSite callSite, TArgument argument)&#xD;
[xUnit.net 00:00:00.56]            at Microsoft.Extensions.DependencyInjection.ServiceLookup.CallSiteRuntimeResolver.VisitRootCache(ServiceCallSite callSite, RuntimeResolverContext context)&#xD;
[xUnit.net 00:00:00.56]            at Microsoft.Extensions.DependencyInjection.ServiceLookup.CallSiteVisitor`2.VisitCallSite(ServiceCallSite callSite, TArgument argument)&#xD;
[xUnit.net 00:00:00.56]            at Microsoft.Extensions.DependencyInjection.ServiceLookup.CallSiteRuntimeResolver.VisitConstructor(ConstructorCallSite constructorCallSite, RuntimeResolverContext context)&#xD;
[xUnit.net 00:00:00.56]            at Microsoft.Extensions.DependencyInjection.ServiceLookup.CallSiteVisitor`2.VisitCallSiteMain(ServiceCallSite callSite, TArgument argument)&#xD;
[xUnit.net 00:00:00.56]            at Microsoft.Extensions.DependencyInjection.ServiceLookup.CallSiteRuntimeResolver.VisitRootCache(ServiceCallSite callSite, RuntimeResolverContext context)&#xD;
[xUnit.net 00:00:00.56]            at Microsoft.Extensions.DependencyInjection.ServiceLookup.CallSiteVisitor`2.VisitCallSite(ServiceCallSite callSite, TArgument argument)&#xD;
[xUnit.net 00:00:00.56]            at Microsoft.Extensions.DependencyInjection.ServiceLookup.CallSiteRuntimeResolver.VisitIEnumerable(IEnumerableCallSite enumerableCallSite, RuntimeResolverContext context)&#xD;
[xUnit.net 00:00:00.56]            at Microsoft.Extensions.DependencyInjection.ServiceLookup.CallSiteVisitor`2.VisitCallSiteMain(ServiceCallSite callSite, TArgument argument)&#xD;
[xUnit.net 00:00:00.56]            at Microsoft.Extensions.DependencyInjection.ServiceLookup.CallSiteRuntimeResolver.VisitRootCache(ServiceCallSite callSite, RuntimeResolverContext context)&#xD;
[xUnit.net 00:00:00.56]            at Microsoft.Extensions.DependencyInjection.ServiceLookup.CallSiteVisitor`2.VisitCallSite(ServiceCallSite callSite, TArgument argument)&#xD;
[xUnit.net 00:00:00.56]            at Microsoft.Extensions.DependencyInjection.ServiceLookup.CallSiteRuntimeResolver.Resolve(ServiceCallSite callSite, ServiceProviderEngineScope scope)&#xD;
[xUnit.net 00:00:00.56]            at Microsoft.Extensions.DependencyInjection.ServiceProvider.CreateServiceAccessor(ServiceIdentifier serviceIdentifier)&#xD;
[xUnit.net 00:00:00.56]            at System.Collections.Concurrent.ConcurrentDictionary`2.GetOrAdd(TKey key, Func`2 valueFactory)&#xD;
[xUnit.net 00:00:00.56]            at Microsoft.Extensions.DependencyInjection.ServiceProvider.GetService(ServiceIdentifier serviceIdentifier, ServiceProviderEngineScope serviceProviderEngineScope)&#xD;
[xUnit.net 00:00:00.56]            at Microsoft.Extensions.DependencyInjection.ServiceProvider.GetService(Type serviceType)&#xD;
[xUnit.net 00:00:00.56]            at Microsoft.Extensions.DependencyInjection.ServiceProviderServiceExtensions.GetRequiredService(IServiceProvider provider, Type serviceType)&#xD;
[xUnit.net 00:00:00.56]            at Microsoft.Extensions.DependencyInjection.ServiceProviderServiceExtensions.GetRequiredService[T](IServiceProvider provider)&#xD;
[xUnit.net 00:00:00.56]            at Microsoft.Extensions.Hosting.Internal.Host.StartAsync(CancellationToken cancellationToken)&#xD;
[xUnit.net 00:00:00.56]            at Microsoft.Extensions.Hosting.HostingAbstractionsHostExtensions.RunAsync(IHost host, CancellationToken token)&#xD;
[xUnit.net 00:00:00.56]            at Microsoft.Extensions.Hosting.HostingAbstractionsHostExtensions.RunAsync(IHost host, CancellationToken token)&#xD;
[xUnit.net 00:00:00.56]            at Microsoft.Extensions.Hosting.HostingAbstractionsHostExtensions.Run(IHost host)&#xD;
[xUnit.net 00:00:00.56]         D:\1.DERX_TECH\DesafioVerx\verx-challenge\src\services\Lancamentos.API\Program.cs(132,0): at Program.&lt;Main&gt;$(String[] args)&#xD;
[xUnit.net 00:00:00.56]            at InvokeStub_Program.&lt;Main&gt;$(Object, Span`1)&#xD;
[xUnit.net 00:00:00.56]            at System.Reflection.MethodBaseInvoker.InvokeWithOneArg(Object obj, BindingFlags invokeAttr, Binder binder, Object[] parameters, CultureInfo culture)&#xD;
[xUnit.net 00:00:00.56]         --- End of stack trace from previous location ---&#xD;
[xUnit.net 00:00:00.56]            at Microsoft.AspNetCore.Mvc.Testing.DeferredHostBuilder.DeferredHost.StartAsync(CancellationToken cancellationToken)&#xD;
[xUnit.net 00:00:00.56]            at Microsoft.Extensions.Hosting.HostingAbstractionsHostExtensions.Start(IHost host)&#xD;
[xUnit.net 00:00:00.56]            at Microsoft.AspNetCore.Mvc.Testing.WebApplicationFactory`1.CreateHost(IHostBuilder builder)&#xD;
[xUnit.net 00:00:00.56]            at Microsoft.AspNetCore.Mvc.Testing.WebApplicationFactory`1.ConfigureHostBuilder(IHostBuilder hostBuilder)&#xD;
[xUnit.net 00:00:00.56]            at Microsoft.AspNetCore.Mvc.Testing.WebApplicationFactory`1.EnsureServer()&#xD;
[xUnit.net 00:00:00.56]            at Microsoft.AspNetCore.Mvc.Testing.WebApplicationFactory`1.CreateDefaultClient(DelegatingHandler[] handlers)&#xD;
[xUnit.net 00:00:00.56]            at Microsoft.AspNetCore.Mvc.Testing.WebApplicationFactory`1.CreateDefaultClient(Uri baseAddress, DelegatingHandler[] handlers)&#xD;
[xUnit.net 00:00:00.56]            at Microsoft.AspNetCore.Mvc.Testing.WebApplicationFactory`1.CreateClient(WebApplicationFactoryClientOptions options)&#xD;
[xUnit.net 00:00:00.56]            at Microsoft.AspNetCore.Mvc.Testing.WebApplicationFactory`1.CreateClient()&#xD;
[xUnit.net 00:00:00.56]         D:\1.DERX_TECH\DesafioVerx\verx-challenge\tests\integration\Lancamentos.API.IntegrationTests\LancamentosApiTests.cs(22,0): at Lancamentos.API.IntegrationTests.LancamentosApiTests..ctor(CustomWebApplicationFactory factory)&#xD;
[xUnit.net 00:00:00.56]            at InvokeStub_LancamentosApiTests..ctor(Object, Span`1)&#xD;
[xUnit.net 00:00:00.56]            at System.Reflection.MethodBaseInvoker.InvokeWithOneArg(Object obj, BindingFlags invokeAttr, Binder binder, Object[] parameters, CultureInfo culture)&#xD;
[xUnit.net 00:00:00.56]       System.ArgumentException : Duplicate health checks were registered with the name(s): masstransit-bus (Parameter 'registrations')&#xD;
[xUnit.net 00:00:00.56]       Stack Trace:&#xD;
[xUnit.net 00:00:00.56]            at Microsoft.Extensions.Diagnostics.HealthChecks.DefaultHealthCheckService.ValidateRegistrations(IEnumerable`1 registrations)&#xD;
[xUnit.net 00:00:00.56]            at InvokeStub_DefaultHealthCheckService..ctor(Object, Span`1)&#xD;
[xUnit.net 00:00:00.56]            at System.Reflection.MethodBaseInvoker.InvokeWithFewArgs(Object obj, BindingFlags invokeAttr, Binder binder, Object[] parameters, CultureInfo culture)&#xD;
[xUnit.net 00:00:00.56]            at System.Reflection.RuntimeConstructorInfo.Invoke(BindingFlags invokeAttr, Binder binder, Object[] parameters, CultureInfo culture)&#xD;
[xUnit.net 00:00:00.56]            at Microsoft.Extensions.DependencyInjection.ServiceLookup.CallSiteRuntimeResolver.VisitConstructor(ConstructorCallSite constructorCallSite, RuntimeResolverContext context)&#xD;
[xUnit.net 00:00:00.56]            at Microsoft.Extensions.DependencyInjection.ServiceLookup.CallSiteVisitor`2.VisitCallSiteMain(ServiceCallSite callSite, TArgument argument)&#xD;
[xUnit.net 00:00:00.56]            at Microsoft.Extensions.DependencyInjection.ServiceLookup.CallSiteRuntimeResolver.VisitRootCache(ServiceCallSite callSite, RuntimeResolverContext context)&#xD;
[xUnit.net 00:00:00.56]            at Microsoft.Extensions.DependencyInjection.ServiceLookup.CallSiteVisitor`2.VisitCallSite(ServiceCallSite callSite, TArgument argument)&#xD;
[xUnit.net 00:00:00.56]            at Microsoft.Extensions.DependencyInjection.ServiceLookup.CallSiteRuntimeResolver.VisitConstructor(ConstructorCallSite constructorCallSite, RuntimeResolverContext context)&#xD;
[xUnit.net 00:00:00.56]            at Microsoft.Extensions.DependencyInjection.ServiceLookup.CallSiteVisitor`2.VisitCallSiteMain(ServiceCallSite callSite, TArgument argument)&#xD;
[xUnit.net 00:00:00.56]            at Microsoft.Extensions.DependencyInjection.ServiceLookup.CallSiteRuntimeResolver.VisitRootCache(ServiceCallSite callSite, RuntimeResolverContext context)&#xD;
[xUnit.net 00:00:00.56]            at Microsoft.Extensions.DependencyInjection.ServiceLookup.CallSiteVisitor`2.VisitCallSite(ServiceCallSite callSite, TArgument argument)&#xD;
[xUnit.net 00:00:00.56]            at Microsoft.Extensions.DependencyInjection.ServiceLookup.CallSiteRuntimeResolver.VisitIEnumerable(IEnumerableCallSite enumerableCallSite, RuntimeResolverContext context)&#xD;
[xUnit.net 00:00:00.56]            at Microsoft.Extensions.DependencyInjection.ServiceLookup.CallSiteVisitor`2.VisitCallSiteMain(ServiceCallSite callSite, TArgument argument)&#xD;
[xUnit.net 00:00:00.56]            at Microsoft.Extensions.DependencyInjection.ServiceLookup.CallSiteRuntimeResolver.VisitRootCache(ServiceCallSite callSite, RuntimeResolverContext context)&#xD;
[xUnit.net 00:00:00.56]            at Microsoft.Extensions.DependencyInjection.ServiceLookup.CallSiteVisitor`2.VisitCallSite(ServiceCallSite callSite, TArgument argument)&#xD;
[xUnit.net 00:00:00.56]            at Microsoft.Extensions.DependencyInjection.ServiceLookup.CallSiteRuntimeResolver.Resolve(ServiceCallSite callSite, ServiceProviderEngineScope scope)&#xD;
[xUnit.net 00:00:00.56]            at Microsoft.Extensions.DependencyInjection.ServiceProvider.CreateServiceAccessor(ServiceIdentifier serviceIdentifier)&#xD;
[xUnit.net 00:00:00.56]            at System.Collections.Concurrent.ConcurrentDictionary`2.GetOrAdd(TKey key, Func`2 valueFactory)&#xD;
[xUnit.net 00:00:00.56]            at Microsoft.Extensions.DependencyInjection.ServiceProvider.GetService(ServiceIdentifier serviceIdentifier, ServiceProviderEngineScope serviceProviderEngineScope)&#xD;
[xUnit.net 00:00:00.56]            at Microsoft.Extensions.DependencyInjection.ServiceProvider.GetService(Type serviceType)&#xD;
[xUnit.net 00:00:00.57]            at Microsoft.Extensions.DependencyInjection.ServiceProviderServiceExtensions.GetRequiredService(IServiceProvider provider, Type serviceType)&#xD;
[xUnit.net 00:00:00.57]            at Microsoft.Extensions.DependencyInjection.ServiceProviderServiceExtensions.GetRequiredService[T](IServiceProvider provider)&#xD;
[xUnit.net 00:00:00.57]            at Microsoft.Extensions.Hosting.Internal.Host.StartAsync(CancellationToken cancellationToken)&#xD;
[xUnit.net 00:00:00.57]            at Microsoft.Extensions.Hosting.HostingAbstractionsHostExtensions.RunAsync(IHost host, CancellationToken token)&#xD;
[xUnit.net 00:00:00.57]            at Microsoft.Extensions.Hosting.HostingAbstractionsHostExtensions.RunAsync(IHost host, CancellationToken token)&#xD;
[xUnit.net 00:00:00.57]            at Microsoft.Extensions.Hosting.HostingAbstractionsHostExtensions.Run(IHost host)&#xD;
[xUnit.net 00:00:00.57]         D:\1.DERX_TECH\DesafioVerx\verx-challenge\src\services\Lancamentos.API\Program.cs(132,0): at Program.&lt;Main&gt;$(String[] args)&#xD;
[xUnit.net 00:00:00.57]            at InvokeStub_Program.&lt;Main&gt;$(Object, Span`1)&#xD;
[xUnit.net 00:00:00.57]            at System.Reflection.MethodBaseInvoker.InvokeWithOneArg(Object obj, BindingFlags invokeAttr, Binder binder, Object[] parameters, CultureInfo culture)&#xD;
[xUnit.net 00:00:00.57]         --- End of stack trace from previous location ---&#xD;
[xUnit.net 00:00:00.57]            at Microsoft.AspNetCore.Mvc.Testing.DeferredHostBuilder.DeferredHost.StartAsync(CancellationToken cancellationToken)&#xD;
[xUnit.net 00:00:00.57]            at Microsoft.Extensions.Hosting.HostingAbstractionsHostExtensions.Start(IHost host)&#xD;
[xUnit.net 00:00:00.57]            at Microsoft.AspNetCore.Mvc.Testing.WebApplicationFactory`1.CreateHost(IHostBuilder builder)&#xD;
[xUnit.net 00:00:00.57]            at Microsoft.AspNetCore.Mvc.Testing.WebApplicationFactory`1.ConfigureHostBuilder(IHostBuilder hostBuilder)&#xD;
[xUnit.net 00:00:00.57]            at Microsoft.AspNetCore.Mvc.Testing.WebApplicationFactory`1.EnsureServer()&#xD;
[xUnit.net 00:00:00.57]            at Microsoft.AspNetCore.Mvc.Testing.WebApplicationFactory`1.CreateDefaultClient(DelegatingHandler[] handlers)&#xD;
[xUnit.net 00:00:00.57]            at Microsoft.AspNetCore.Mvc.Testing.WebApplicationFactory`1.CreateDefaultClient(Uri baseAddress, DelegatingHandler[] handlers)&#xD;
[xUnit.net 00:00:00.57]            at Microsoft.AspNetCore.Mvc.Testing.WebApplicationFactory`1.CreateClient(WebApplicationFactoryClientOptions options)&#xD;
[xUnit.net 00:00:00.57]            at Microsoft.AspNetCore.Mvc.Testing.WebApplicationFactory`1.CreateClient()&#xD;
[xUnit.net 00:00:00.57]         D:\1.DERX_TECH\DesafioVerx\verx-challenge\tests\integration\Lancamentos.API.IntegrationTests\LancamentosApiTests.cs(22,0): at Lancamentos.API.IntegrationTests.LancamentosApiTests..ctor(CustomWebApplicationFactory factory)&#xD;
[xUnit.net 00:00:00.57]            at InvokeStub_LancamentosApiTests..ctor(Object, Span`1)&#xD;
[xUnit.net 00:00:00.57]            at System.Reflection.MethodBaseInvoker.InvokeWithOneArg(Object obj, BindingFlags invokeAttr, Binder binder, Object[] parameters, CultureInfo culture)&#xD;
[xUnit.net 00:00:00.57]       System.ArgumentException : Duplicate health checks were registered with the name(s): masstransit-bus (Parameter 'registrations')&#xD;
[xUnit.net 00:00:00.57]       Stack Trace:&#xD;
[xUnit.net 00:00:00.57]            at Microsoft.Extensions.Diagnostics.HealthChecks.DefaultHealthCheckService.ValidateRegistrations(IEnumerable`1 registrations)&#xD;
[xUnit.net 00:00:00.57]            at InvokeStub_DefaultHealthCheckService..ctor(Object, Span`1)&#xD;
[xUnit.net 00:00:00.57]            at System.Reflection.MethodBaseInvoker.InvokeWithFewArgs(Object obj, BindingFlags invokeAttr, Binder binder, Object[] parameters, CultureInfo culture)&#xD;
[xUnit.net 00:00:00.57]            at System.Reflection.RuntimeConstructorInfo.Invoke(BindingFlags invokeAttr, Binder binder, Object[] parameters, CultureInfo culture)&#xD;
[xUnit.net 00:00:00.57]            at Microsoft.Extensions.DependencyInjection.ServiceLookup.CallSiteRuntimeResolver.VisitConstructor(ConstructorCallSite constructorCallSite, RuntimeResolverContext context)&#xD;
[xUnit.net 00:00:00.57]            at Microsoft.Extensions.DependencyInjection.ServiceLookup.CallSiteVisitor`2.VisitCallSiteMain(ServiceCallSite callSite, TArgument argument)&#xD;
[xUnit.net 00:00:00.57]            at Microsoft.Extensions.DependencyInjection.ServiceLookup.CallSiteRuntimeResolver.VisitRootCache(ServiceCallSite callSite, RuntimeResolverContext context)&#xD;
[xUnit.net 00:00:00.57]            at Microsoft.Extensions.DependencyInjection.ServiceLookup.CallSiteVisitor`2.VisitCallSite(ServiceCallSite callSite, TArgument argument)&#xD;
[xUnit.net 00:00:00.57]            at Microsoft.Extensions.DependencyInjection.ServiceLookup.CallSiteRuntimeResolver.VisitConstructor(ConstructorCallSite constructorCallSite, RuntimeResolverContext context)&#xD;
[xUnit.net 00:00:00.57]            at Microsoft.Extensions.DependencyInjection.ServiceLookup.CallSiteVisitor`2.VisitCallSiteMain(ServiceCallSite callSite, TArgument argument)&#xD;
[xUnit.net 00:00:00.57]            at Microsoft.Extensions.DependencyInjection.ServiceLookup.CallSiteRuntimeResolver.VisitRootCache(ServiceCallSite callSite, RuntimeResolverContext context)&#xD;
[xUnit.net 00:00:00.57]            at Microsoft.Extensions.DependencyInjection.ServiceLookup.CallSiteVisitor`2.VisitCallSite(ServiceCallSite callSite, TArgument argument)&#xD;
[xUnit.net 00:00:00.57]            at Microsoft.Extensions.DependencyInjection.ServiceLookup.CallSiteRuntimeResolver.VisitIEnumerable(IEnumerableCallSite enumerableCallSite, RuntimeResolverContext context)&#xD;
[xUnit.net 00:00:00.57]            at Microsoft.Extensions.DependencyInjection.ServiceLookup.CallSiteVisitor`2.VisitCallSiteMain(ServiceCallSite callSite, TArgument argument)&#xD;
[xUnit.net 00:00:00.57]            at Microsoft.Extensions.DependencyInjection.ServiceLookup.CallSiteRuntimeResolver.VisitRootCache(ServiceCallSite callSite, RuntimeResolverContext context)&#xD;
[xUnit.net 00:00:00.57]            at Microsoft.Extensions.DependencyInjection.ServiceLookup.CallSiteVisitor`2.VisitCallSite(ServiceCallSite callSite, TArgument argument)&#xD;
[xUnit.net 00:00:00.57]            at Microsoft.Extensions.DependencyInjection.ServiceLookup.CallSiteRuntimeResolver.Resolve(ServiceCallSite callSite, ServiceProviderEngineScope scope)&#xD;
[xUnit.net 00:00:00.57]            at Microsoft.Extensions.DependencyInjection.ServiceProvider.CreateServiceAccessor(ServiceIdentifier serviceIdentifier)&#xD;
[xUnit.net 00:00:00.57]            at System.Collections.Concurrent.ConcurrentDictionary`2.GetOrAdd(TKey key, Func`2 valueFactory)&#xD;
[xUnit.net 00:00:00.57]            at Microsoft.Extensions.DependencyInjection.ServiceProvider.GetService(ServiceIdentifier serviceIdentifier, ServiceProviderEngineScope serviceProviderEngineScope)&#xD;
[xUnit.net 00:00:00.57]            at Microsoft.Extensions.DependencyInjection.ServiceProvider.GetService(Type serviceType)&#xD;
[xUnit.net 00:00:00.57]            at Microsoft.Extensions.DependencyInjection.ServiceProviderServiceExtensions.GetRequiredService(IServiceProvider provider, Type serviceType)&#xD;
[xUnit.net 00:00:00.57]            at Microsoft.Extensions.DependencyInjection.ServiceProviderServiceExtensions.GetRequiredService[T](IServiceProvider provider)&#xD;
[xUnit.net 00:00:00.58]            at Microsoft.Extensions.Hosting.Internal.Host.StartAsync(CancellationToken cancellationToken)&#xD;
[xUnit.net 00:00:00.58]            at Microsoft.Extensions.Hosting.HostingAbstractionsHostExtensions.RunAsync(IHost host, CancellationToken token)&#xD;
[xUnit.net 00:00:00.58]            at Microsoft.Extensions.Hosting.HostingAbstractionsHostExtensions.RunAsync(IHost host, CancellationToken token)&#xD;
[xUnit.net 00:00:00.58]            at Microsoft.Extensions.Hosting.HostingAbstractionsHostExtensions.Run(IHost host)&#xD;
[xUnit.net 00:00:00.58]         D:\1.DERX_TECH\DesafioVerx\verx-challenge\src\services\Lancamentos.API\Program.cs(132,0): at Program.&lt;Main&gt;$(String[] args)&#xD;
[xUnit.net 00:00:00.58]            at InvokeStub_Program.&lt;Main&gt;$(Object, Span`1)&#xD;
[xUnit.net 00:00:00.58]            at System.Reflection.MethodBaseInvoker.InvokeWithOneArg(Object obj, BindingFlags invokeAttr, Binder binder, Object[] parameters, CultureInfo culture)&#xD;
[xUnit.net 00:00:00.58]         --- End of stack trace from previous location ---&#xD;
[xUnit.net 00:00:00.58]            at Microsoft.AspNetCore.Mvc.Testing.DeferredHostBuilder.DeferredHost.StartAsync(CancellationToken cancellationToken)&#xD;
[xUnit.net 00:00:00.58]            at Microsoft.Extensions.Hosting.HostingAbstractionsHostExtensions.Start(IHost host)&#xD;
[xUnit.net 00:00:00.58]            at Microsoft.AspNetCore.Mvc.Testing.WebApplicationFactory`1.CreateHost(IHostBuilder builder)&#xD;
[xUnit.net 00:00:00.58]            at Microsoft.AspNetCore.Mvc.Testing.WebApplicationFactory`1.ConfigureHostBuilder(IHostBuilder hostBuilder)&#xD;
[xUnit.net 00:00:00.58]            at Microsoft.AspNetCore.Mvc.Testing.WebApplicationFactory`1.EnsureServer()&#xD;
[xUnit.net 00:00:00.58]            at Microsoft.AspNetCore.Mvc.Testing.WebApplicationFactory`1.CreateDefaultClient(DelegatingHandler[] handlers)&#xD;
[xUnit.net 00:00:00.58]            at Microsoft.AspNetCore.Mvc.Testing.WebApplicationFactory`1.CreateDefaultClient(Uri baseAddress, DelegatingHandler[] handlers)&#xD;
[xUnit.net 00:00:00.58]            at Microsoft.AspNetCore.Mvc.Testing.WebApplicationFactory`1.CreateClient(WebApplicationFactoryClientOptions options)&#xD;
[xUnit.net 00:00:00.58]            at Microsoft.AspNetCore.Mvc.Testing.WebApplicationFactory`1.CreateClient()&#xD;
[xUnit.net 00:00:00.58]         D:\1.DERX_TECH\DesafioVerx\verx-challenge\tests\integration\Lancamentos.API.IntegrationTests\LancamentosApiTests.cs(22,0): at Lancamentos.API.IntegrationTests.LancamentosApiTests..ctor(CustomWebApplicationFactory factory)&#xD;
[xUnit.net 00:00:00.58]            at InvokeStub_LancamentosApiTests..ctor(Object, Span`1)&#xD;
[xUnit.net 00:00:00.58]            at System.Reflection.MethodBaseInvoker.InvokeWithOneArg(Object obj, BindingFlags invokeAttr, Binder binder, Object[] parameters, CultureInfo culture)&#xD;
[xUnit.net 00:00:00.58]   Finished:    Lancamentos.API.IntegrationTests&#xD;
</StdOut>
    </Output>
    <RunInfos>
      <RunInfo computerName="PC001" outcome="Error" timestamp="2026-03-27T17:36:31.7605027-03:00">
        <Text>[xUnit.net 00:00:00.53]     Lancamentos.API.IntegrationTests.LancamentosApiTests.POST_SemToken_Retorna_401 [FAIL]</Text>
      </RunInfo>
      <RunInfo computerName="PC001" outcome="Error" timestamp="2026-03-27T17:36:31.7884281-03:00">
        <Text>[xUnit.net 00:00:00.55]     Lancamentos.API.IntegrationTests.LancamentosApiTests.POST_LancamentoInvalido_Retorna_Erro [FAIL]</Text>
      </RunInfo>
      <RunInfo computerName="PC001" outcome="Error" timestamp="2026-03-27T17:36:31.7970660-03:00">
        <Text>[xUnit.net 00:00:00.56]     Lancamentos.API.IntegrationTests.LancamentosApiTests.POST_LancamentoValido_Retorna_201 [FAIL]</Text>
      </RunInfo>
      <RunInfo computerName="PC001" outcome="Error" timestamp="2026-03-27T17:36:31.8066188-03:00">
        <Text>[xUnit.net 00:00:00.57]     Lancamentos.API.IntegrationTests.LancamentosApiTests.POST_ComToken_Persiste_No_Banco [FAIL]</Text>
      </RunInfo>
    </RunInfos>
  </ResultSummary>
</TestRun>